This is TeX, Version 3.141592653 (TeX Live 2023) (preloaded format=tex 2023.5.2)  4 MAY 2023 08:26
**document.tex
(./document.tex
! Undefined control sequence.
l.1 \documentclass
                  [12pt,a4paper]{report}
? 
! Undefined control sequence.
l.2 \usepackage
               [utf8]{inputenc}
? 
! Undefined control sequence.
l.3 \usepackage
               [T1]{fontenc}
? 
! Undefined control sequence.
l.4 \usepackage
               {amsmath}
? 
! Undefined control sequence.
l.5 \usepackage
               {amssymb}
? 
! Undefined control sequence.
l.6 \usepackage
               {makeidx}
? 
! Undefined control sequence.
l.7 \usepackage
               {graphicx}
? ^^[
Type <return> to proceed, S to scroll future error messages,
R to run without stopping, Q to run quietly,
I to insert something, E to edit your file,
1 or ... or 9 to ignore the next 1 to 9 tokens of input,
H for help, X to quit.
? 
! Emergency stop.
l.7 
    
End of file on the terminal!

No pages of output.
