2023-10-03 20:02:09,572 [INFO] Activator:176 - 


2023-10-03 20:02:09,574 [INFO] Activator:177 - !SESSION log4j initialized
2023-10-03 20:02:12,510 [INFO] LogOutputStream:77 - [STDOUT_REDIRECT] 
2023-10-03 20:02:14,897 [INFO] ApplicationProperties:184 - Using Application install path: D:\ST\STM32CubeIDE_1.13.2\STM32CubeIDE\plugins\com.st.stm32cube.common.mx_6.9.2.202309101412
2023-10-03 20:02:14,921 [INFO] DbMcusXml:78 - Set database path to: D:\ST\STM32CubeIDE_1.13.2\STM32CubeIDE\plugins\com.st.stm32cube.common.mx_6.9.2.202309101412\\db\/mcu/
2023-10-03 20:02:14,922 [INFO] ApiDb:274 - Set plugin database path to: D:\ST\STM32CubeIDE_1.13.2\STM32CubeIDE\plugins\com.st.stm32cube.common.mx_6.9.2.202309101412\\db\/plugins/boardmanager/
2023-10-03 20:02:14,922 [WARN] ApiDb:259 - Overriding images path with different value:  => D:\ST\STM32CubeIDE_1.13.2\STM32CubeIDE\plugins\com.st.stm32cube.common.mx_6.9.2.202309101412\\db\/plugins/mcufinder/images/
2023-10-03 20:02:16,088 [WARN] ApiFinderProperties:113 - C:\Users\metti\.stmcufinder\plugins\mcufinder\mcu\mcuFinder.mfd doesn't exist
2023-10-03 20:02:16,088 [INFO] ApiDb:250 - Set database path to: C:\Users\metti\.stmcufinder\plugins\mcufinder//mcu/
2023-10-03 20:02:16,089 [INFO] DbMcusAds:125 - Set database path to: C:\Users\metti\.stmcufinder\plugins\mcufinder//mcu/
2023-10-03 20:02:16,091 [INFO] CrossReferenceDbSqlite:203 - Set database path to: C:\Users\metti\.stmcufinder\plugins\mcufinder//mcu/cs/
2023-10-03 20:02:16,192 [INFO] RulesReader:64 - Compatibility file has been processed (293 Rules)
2023-10-03 20:02:16,271 [INFO] DbMcusXml:78 - Set database path to: D:\ST\STM32CubeIDE_1.13.2\STM32CubeIDE\plugins\com.st.stm32cube.common.mx_6.9.2.202309101412\\db\/mcu/
2023-10-03 20:02:16,272 [INFO] ApiDb:274 - Set plugin database path to: D:\ST\STM32CubeIDE_1.13.2\STM32CubeIDE\plugins\com.st.stm32cube.common.mx_6.9.2.202309101412\\db\/plugins/boardmanager/
2023-10-03 20:02:16,272 [INFO] ApiDb:261 - Set plugin images path to: D:\ST\STM32CubeIDE_1.13.2\STM32CubeIDE\plugins\com.st.stm32cube.common.mx_6.9.2.202309101412\\db\/plugins/mcufinder/images/
2023-10-03 20:02:16,272 [WARN] DbFile:41 - Overriding database path with different value: C:\Users\metti\.stmcufinder\plugins\mcufinder/ => C:\Users\metti\.stmcufinder\plugins\mcufinder
2023-10-03 20:02:16,272 [INFO] ApiDb:250 - Set database path to: C:\Users\metti\.stmcufinder\plugins\mcufinder//mcu/
2023-10-03 20:02:16,272 [WARN] DbFile:41 - Overriding database path with different value: C:\Users\metti\.stmcufinder\plugins\mcufinder/ => C:\Users\metti\.stmcufinder\plugins\mcufinder
2023-10-03 20:02:16,272 [INFO] DbMcusAds:125 - Set database path to: C:\Users\metti\.stmcufinder\plugins\mcufinder//mcu/
2023-10-03 20:02:16,272 [WARN] DbFile:41 - Overriding database path with different value: C:\Users\metti\.stmcufinder\plugins\mcufinder/ => C:\Users\metti\.stmcufinder\plugins\mcufinder
2023-10-03 20:02:16,272 [WARN] DbFile:41 - Overriding database path with different value: C:\Users\metti\.stmcufinder\plugins\mcufinder/ => C:\Users\metti\.stmcufinder\plugins\mcufinder
2023-10-03 20:02:16,273 [INFO] CrossReferenceDbSqlite:203 - Set database path to: C:\Users\metti\.stmcufinder\plugins\mcufinder//mcu/cs/
2023-10-03 20:02:16,337 [INFO] MainPanel:262 - HeapMemory: 268435456
2023-10-03 20:02:16,398 [INFO] DbMcusXml:78 - Set database path to: D:\ST\STM32CubeIDE_1.13.2\STM32CubeIDE\plugins\com.st.stm32cube.common.mx_6.9.2.202309101412\\db\/mcu/
2023-10-03 20:02:16,398 [INFO] ApiDb:274 - Set plugin database path to: D:\ST\STM32CubeIDE_1.13.2\STM32CubeIDE\plugins\com.st.stm32cube.common.mx_6.9.2.202309101412\\db\/plugins/boardmanager/
2023-10-03 20:02:16,398 [INFO] ApiDb:261 - Set plugin images path to: D:\ST\STM32CubeIDE_1.13.2\STM32CubeIDE\plugins\com.st.stm32cube.common.mx_6.9.2.202309101412\\db\/plugins/mcufinder/images/
2023-10-03 20:02:16,398 [WARN] DbFile:41 - Overriding database path with different value: C:\Users\metti\.stmcufinder\plugins\mcufinder/ => C:\Users\metti\.stmcufinder\plugins\mcufinder
2023-10-03 20:02:16,398 [INFO] ApiDb:250 - Set database path to: C:\Users\metti\.stmcufinder\plugins\mcufinder//mcu/
2023-10-03 20:02:16,398 [WARN] DbFile:41 - Overriding database path with different value: C:\Users\metti\.stmcufinder\plugins\mcufinder/ => C:\Users\metti\.stmcufinder\plugins\mcufinder
2023-10-03 20:02:16,398 [INFO] DbMcusAds:125 - Set database path to: C:\Users\metti\.stmcufinder\plugins\mcufinder//mcu/
2023-10-03 20:02:16,398 [WARN] DbFile:41 - Overriding database path with different value: C:\Users\metti\.stmcufinder\plugins\mcufinder/ => C:\Users\metti\.stmcufinder\plugins\mcufinder
2023-10-03 20:02:16,398 [WARN] DbFile:41 - Overriding database path with different value: C:\Users\metti\.stmcufinder\plugins\mcufinder/ => C:\Users\metti\.stmcufinder\plugins\mcufinder
2023-10-03 20:02:16,399 [INFO] CrossReferenceDbSqlite:203 - Set database path to: C:\Users\metti\.stmcufinder\plugins\mcufinder//mcu/cs/
2023-10-03 20:02:16,413 [INFO] ApplicationProperties:184 - Using Application install path: D:\ST\STM32CubeIDE_1.13.2\STM32CubeIDE\plugins\com.st.stm32cube.common.mx_6.9.2.202309101412
2023-10-03 20:02:16,415 [INFO] PluginManage:196 - Search for loadable plugins [exclusion list=, ]
2023-10-03 20:02:16,417 [INFO] PluginManage:310 - Check plugin analytics
2023-10-03 20:02:16,609 [INFO] AnalyticsPlugin:253 - Accepted Software Licenses: 
2023-10-03 20:02:16,609 [INFO] AnalyticsPlugin:255 - Accepted CMSIS Pack Licenses: 
2023-10-03 20:02:16,609 [INFO] AnalyticsPlugin:257 - Accepted Firmware Licenses: 
2023-10-03 20:02:16,612 [INFO] PluginManage:359 - Loaded plugin analytics (category:tool,tabindex:-1)
2023-10-03 20:02:16,613 [INFO] PluginManage:310 - Check plugin cadmodel
2023-10-03 20:02:16,617 [INFO] CADModel:105 - Init CAD model plugin
2023-10-03 20:02:16,617 [INFO] PluginManage:359 - Loaded plugin cadmodel (category:power,tabindex:5)
2023-10-03 20:02:16,618 [INFO] PluginManage:310 - Check plugin clock
2023-10-03 20:02:16,628 [INFO] PluginManage:359 - Loaded plugin clock (category:base,tabindex:2)
2023-10-03 20:02:16,629 [INFO] PluginManage:310 - Check plugin ddr
2023-10-03 20:02:16,630 [INFO] PluginManage:359 - Loaded plugin ddr (category:tool,tabindex:6)
2023-10-03 20:02:16,630 [INFO] PluginManage:310 - Check plugin filemanager
2023-10-03 20:02:16,761 [INFO] PluginManage:359 - Loaded plugin filemanager (category:base,tabindex:10)
2023-10-03 20:02:16,761 [INFO] PluginManage:310 - Check plugin ipmanager
2023-10-03 20:02:16,767 [INFO] PluginManage:359 - Loaded plugin ipmanager (category:base,tabindex:5)
2023-10-03 20:02:16,767 [INFO] PluginManage:310 - Check plugin lpbam
2023-10-03 20:02:16,775 [INFO] PluginManage:359 - Loaded plugin lpbam (category:base,tabindex:0)
2023-10-03 20:02:16,775 [INFO] PluginManage:310 - Check plugin memorymap
2023-10-03 20:02:16,784 [INFO] PluginManage:359 - Loaded plugin memorymap (category:base,tabindex:4)
2023-10-03 20:02:16,785 [INFO] PluginManage:310 - Check plugin pinoutandconfiguration
2023-10-03 20:02:16,791 [INFO] PluginManage:359 - Loaded plugin pinoutandconfiguration (category:base,tabindex:1)
2023-10-03 20:02:16,791 [INFO] PluginManage:310 - Check plugin pinoutconfig
2023-10-03 20:02:16,916 [WARN] SupportedApi:132 - Cannot load RTOS API schema: s4s-elt-must-match.1: The content of 'definitions' must match (annotation?, (simpleType | complexType)?, (unique | key | keyref)*)). A problem was found starting at: attribute.
2023-10-03 20:02:17,050 [INFO] PluginManage:359 - Loaded plugin pinoutconfig (category:base,tabindex:0)
2023-10-03 20:02:17,050 [INFO] PluginManage:310 - Check plugin power
2023-10-03 20:02:17,057 [INFO] PluginManage:359 - Loaded plugin power (category:power,tabindex:4)
2023-10-03 20:02:17,058 [INFO] PluginManage:310 - Check plugin projectmanager
2023-10-03 20:02:17,070 [INFO] PluginManage:359 - Loaded plugin projectmanager (category:projectmanager,tabindex:3)
2023-10-03 20:02:17,070 [INFO] PluginManage:310 - Check plugin thirdparty
2023-10-03 20:02:17,189 [WARN] IntegrityCheckThread:84 - waiting for thirdparty lock release [integrity check]
2023-10-03 20:02:17,190 [INFO] IntegrityCheckThread:86 - entering critical section [integrity check]
2023-10-03 20:02:17,190 [INFO] PluginManage:359 - Loaded plugin thirdparty (category:base,tabindex:-1)
2023-10-03 20:02:17,190 [INFO] PluginManage:310 - Check plugin tools
2023-10-03 20:02:17,190 [INFO] ThirdPartyUpdaterWithRetryManager:70 - Updater plugin not ready yet. [1/15]
2023-10-03 20:02:17,194 [INFO] PluginManage:359 - Loaded plugin tools (category:base,tabindex:7)
2023-10-03 20:02:17,194 [INFO] PluginManage:310 - Check plugin tutovideos
2023-10-03 20:02:17,340 [INFO] PluginManage:359 - Loaded plugin tutovideos (category:base,tabindex:-1)
2023-10-03 20:02:17,341 [INFO] PluginManage:310 - Check plugin updater
2023-10-03 20:02:17,350 [INFO] PluginManage:359 - Loaded plugin updater (category:base,tabindex:12)
2023-10-03 20:02:17,350 [INFO] PluginManage:310 - Check plugin userauth
2023-10-03 20:02:17,354 [INFO] UserAuth:113 - Init User Auth plugin
2023-10-03 20:02:17,354 [INFO] PluginManage:359 - Loaded plugin userauth (category:base,tabindex:14)
2023-10-03 20:02:17,355 [INFO] PluginManage:283 - PluginManage : Loaded plugins [17]
2023-10-03 20:02:17,545 [INFO] PinOutPanel:1499 - setPackage(No Configuration,No Configuration)
2023-10-03 20:02:17,639 [INFO] CADModel:165 - CPN selected for project level
2023-10-03 20:02:17,640 [INFO] CADModel:114 - Register for checkConnection events
2023-10-03 20:02:17,652 [INFO] IPUIPlugin:80 - create IPUIPlugin
2023-10-03 20:02:17,653 [INFO] PluginManager:220 - loadIPPluginJar : add adc
2023-10-03 20:02:17,655 [INFO] IPUIPlugin:80 - create IPUIPlugin
2023-10-03 20:02:17,655 [INFO] PluginManager:220 - loadIPPluginJar : add aes
2023-10-03 20:02:17,658 [INFO] IPUIPlugin:80 - create IPUIPlugin
2023-10-03 20:02:17,658 [INFO] PluginManager:220 - loadIPPluginJar : add can
2023-10-03 20:02:17,659 [INFO] IPUIPlugin:80 - create IPUIPlugin
2023-10-03 20:02:17,659 [INFO] PluginManager:220 - loadIPPluginJar : add comp
2023-10-03 20:02:17,661 [INFO] IPUIPlugin:80 - create IPUIPlugin
2023-10-03 20:02:17,661 [INFO] PluginManager:220 - loadIPPluginJar : add cryp
2023-10-03 20:02:17,662 [INFO] IPUIPlugin:80 - create IPUIPlugin
2023-10-03 20:02:17,662 [INFO] PluginManager:220 - loadIPPluginJar : add dfsdm
2023-10-03 20:02:17,667 [INFO] IPUIPlugin:80 - create IPUIPlugin
2023-10-03 20:02:17,668 [INFO] PluginManager:220 - loadIPPluginJar : add dma
2023-10-03 20:02:17,669 [INFO] IPUIPlugin:80 - create IPUIPlugin
2023-10-03 20:02:17,669 [INFO] PluginManager:220 - loadIPPluginJar : add dma3
2023-10-03 20:02:17,671 [INFO] IPUIPlugin:80 - create IPUIPlugin
2023-10-03 20:02:17,671 [INFO] PluginManager:220 - loadIPPluginJar : add fatfs
2023-10-03 20:02:17,674 [INFO] IPUIPlugin:80 - create IPUIPlugin
2023-10-03 20:02:17,674 [INFO] PluginManager:220 - loadIPPluginJar : add fmc
2023-10-03 20:02:17,678 [INFO] IPUIPlugin:80 - create IPUIPlugin
2023-10-03 20:02:17,678 [INFO] PluginManager:220 - loadIPPluginJar : add freertos
2023-10-03 20:02:17,679 [INFO] IPUIPlugin:80 - create IPUIPlugin
2023-10-03 20:02:17,679 [INFO] PluginManager:220 - loadIPPluginJar : add genericplugin
2023-10-03 20:02:17,681 [INFO] IPUIPlugin:80 - create IPUIPlugin
2023-10-03 20:02:17,681 [INFO] PluginManager:220 - loadIPPluginJar : add gfxmmu
2023-10-03 20:02:17,684 [INFO] IPUIPlugin:80 - create IPUIPlugin
2023-10-03 20:02:17,684 [INFO] PluginManager:220 - loadIPPluginJar : add gic
2023-10-03 20:02:17,687 [INFO] IPUIPlugin:80 - create IPUIPlugin
2023-10-03 20:02:17,687 [INFO] PluginManager:220 - loadIPPluginJar : add gpio
2023-10-03 20:02:17,689 [INFO] IPUIPlugin:80 - create IPUIPlugin
2023-10-03 20:02:17,689 [INFO] PluginManager:220 - loadIPPluginJar : add gtzc
2023-10-03 20:02:17,690 [INFO] IPUIPlugin:80 - create IPUIPlugin
2023-10-03 20:02:17,690 [INFO] PluginManager:220 - loadIPPluginJar : add hash
2023-10-03 20:02:17,692 [INFO] IPUIPlugin:80 - create IPUIPlugin
2023-10-03 20:02:17,692 [INFO] PluginManager:220 - loadIPPluginJar : add i2c
2023-10-03 20:02:17,694 [INFO] IPUIPlugin:80 - create IPUIPlugin
2023-10-03 20:02:17,694 [INFO] PluginManager:220 - loadIPPluginJar : add i2s
2023-10-03 20:02:17,696 [INFO] IPUIPlugin:80 - create IPUIPlugin
2023-10-03 20:02:17,696 [INFO] PluginManager:220 - loadIPPluginJar : add i3c
2023-10-03 20:02:17,698 [INFO] IPUIPlugin:80 - create IPUIPlugin
2023-10-03 20:02:17,698 [INFO] PluginManager:220 - loadIPPluginJar : add ipddr
2023-10-03 20:02:17,704 [INFO] IPUIPlugin:80 - create IPUIPlugin
2023-10-03 20:02:17,704 [INFO] PluginManager:220 - loadIPPluginJar : add linkedlist
2023-10-03 20:02:17,706 [INFO] IPUIPlugin:80 - create IPUIPlugin
2023-10-03 20:02:17,706 [INFO] PluginManager:220 - loadIPPluginJar : add lorawan
2023-10-03 20:02:17,707 [INFO] IPUIPlugin:80 - create IPUIPlugin
2023-10-03 20:02:17,707 [INFO] PluginManager:220 - loadIPPluginJar : add ltdc
2023-10-03 20:02:17,711 [INFO] IPUIPlugin:80 - create IPUIPlugin
2023-10-03 20:02:17,711 [INFO] PluginManager:220 - loadIPPluginJar : add mdma
2023-10-03 20:02:17,714 [INFO] IPUIPlugin:80 - create IPUIPlugin
2023-10-03 20:02:17,714 [INFO] PluginManager:220 - loadIPPluginJar : add nvic
2023-10-03 20:02:17,716 [INFO] IPUIPlugin:80 - create IPUIPlugin
2023-10-03 20:02:17,716 [INFO] PluginManager:220 - loadIPPluginJar : add opamp
2023-10-03 20:02:17,717 [INFO] IPUIPlugin:80 - create IPUIPlugin
2023-10-03 20:02:17,718 [INFO] PluginManager:220 - loadIPPluginJar : add openamp
2023-10-03 20:02:17,719 [INFO] IPUIPlugin:80 - create IPUIPlugin
2023-10-03 20:02:17,720 [INFO] PluginManager:220 - loadIPPluginJar : add pdm2pcm
2023-10-03 20:02:17,724 [INFO] IPUIPlugin:80 - create IPUIPlugin
2023-10-03 20:02:17,728 [INFO] PluginManager:220 - loadIPPluginJar : add plateformsettings
2023-10-03 20:02:17,729 [INFO] IPUIPlugin:80 - create IPUIPlugin
2023-10-03 20:02:17,729 [INFO] PluginManager:220 - loadIPPluginJar : add quadspi
2023-10-03 20:02:17,731 [INFO] IPUIPlugin:80 - create IPUIPlugin
2023-10-03 20:02:17,731 [INFO] PluginManager:220 - loadIPPluginJar : add resmgrutility
2023-10-03 20:02:17,734 [INFO] IPUIPlugin:80 - create IPUIPlugin
2023-10-03 20:02:17,734 [INFO] PluginManager:220 - loadIPPluginJar : add sai
2023-10-03 20:02:17,735 [INFO] IPUIPlugin:80 - create IPUIPlugin
2023-10-03 20:02:17,736 [INFO] PluginManager:220 - loadIPPluginJar : add spi
2023-10-03 20:02:17,739 [INFO] IPUIPlugin:80 - create IPUIPlugin
2023-10-03 20:02:17,739 [INFO] PluginManager:220 - loadIPPluginJar : add stm32_wpan
2023-10-03 20:02:17,740 [INFO] IPUIPlugin:80 - create IPUIPlugin
2023-10-03 20:02:17,740 [INFO] PluginManager:220 - loadIPPluginJar : add tim
2023-10-03 20:02:17,744 [INFO] IPUIPlugin:80 - create IPUIPlugin
2023-10-03 20:02:17,744 [INFO] PluginManager:220 - loadIPPluginJar : add touchsensing
2023-10-03 20:02:17,746 [INFO] IPUIPlugin:80 - create IPUIPlugin
2023-10-03 20:02:17,746 [INFO] PluginManager:220 - loadIPPluginJar : add tracer_emb
2023-10-03 20:02:17,748 [INFO] IPUIPlugin:80 - create IPUIPlugin
2023-10-03 20:02:17,748 [INFO] PluginManager:220 - loadIPPluginJar : add ts
2023-10-03 20:02:17,749 [INFO] IPUIPlugin:80 - create IPUIPlugin
2023-10-03 20:02:17,749 [INFO] PluginManager:220 - loadIPPluginJar : add tsc
2023-10-03 20:02:17,751 [INFO] IPUIPlugin:80 - create IPUIPlugin
2023-10-03 20:02:17,751 [INFO] PluginManager:220 - loadIPPluginJar : add ucpd
2023-10-03 20:02:17,753 [INFO] IPUIPlugin:80 - create IPUIPlugin
2023-10-03 20:02:17,753 [INFO] PluginManager:220 - loadIPPluginJar : add usart
2023-10-03 20:02:17,756 [INFO] IPUIPlugin:80 - create IPUIPlugin
2023-10-03 20:02:17,756 [INFO] PluginManager:220 - loadIPPluginJar : add usbx
2023-10-03 20:02:17,876 [INFO] CADModel:165 - CPN selected for project level
2023-10-03 20:02:17,877 [INFO] CADModel:114 - Register for checkConnection events
2023-10-03 20:02:17,877 [FATAL] Updater:308 - Updater called before beeing initialized
2023-10-03 20:02:17,877 [ERROR] CADModel:125 - Updater not yet initialized, retry later 
2023-10-03 20:02:18,021 [INFO] CADModel:165 - CPN selected for project level
2023-10-03 20:02:18,022 [INFO] CADModel:114 - Register for checkConnection events
2023-10-03 20:02:18,022 [FATAL] Updater:308 - Updater called before beeing initialized
2023-10-03 20:02:18,022 [ERROR] CADModel:125 - Updater not yet initialized, retry later 
2023-10-03 20:02:18,025 [FATAL] Updater:308 - Updater called before beeing initialized
2023-10-03 20:02:18,118 [FATAL] Updater:308 - Updater called before beeing initialized
2023-10-03 20:02:18,124 [INFO] DbMcusAds:53 - JSON generation date=Thu Sep 30 08:55:09 CEST 2021 (1632984909247)
2023-10-03 20:02:18,124 [FATAL] Updater:308 - Updater called before beeing initialized
2023-10-03 20:02:18,157 [WARN] DetailPanel:346 - Failed to get advertising image, set to default
2023-10-03 20:02:18,242 [FATAL] Updater:308 - Updater called before beeing initialized
2023-10-03 20:02:18,244 [FATAL] Updater:308 - Updater called before beeing initialized
2023-10-03 20:02:18,244 [FATAL] Updater:308 - Updater called before beeing initialized
2023-10-03 20:02:18,244 [WARN] DetailPanel:346 - Failed to get advertising image, set to default
2023-10-03 20:02:18,245 [FATAL] Updater:308 - Updater called before beeing initialized
2023-10-03 20:02:18,300 [ERROR] Updater:1120 - MainUpdater not yet initialized. External WinMGr cannot be set.
2023-10-03 20:02:18,304 [INFO] Updater:1056 - Updater Version found : 6.9.2
2023-10-03 20:02:18,326 [INFO] ApplicationProperties:184 - Using Application install path: D:\ST\STM32CubeIDE_1.13.2\STM32CubeIDE\plugins\com.st.stm32cube.common.mx_6.9.2.202309101412
2023-10-03 20:02:18,356 [INFO] MainUpdater:521 - Copy updater definitions from MX database
2023-10-03 20:02:18,393 [INFO] MainUpdater:554 - Copy flag file definitions from MX database
2023-10-03 20:02:18,394 [INFO] MainUpdater:570 - Copy thirdparty index definitions from MX database
2023-10-03 20:02:18,395 [INFO] MainUpdater:589 - Copy default thirdparty db definitions from MX database
2023-10-03 20:02:18,569 [INFO] MainUpdater:2868 - connection check result : 10
2023-10-03 20:02:18,569 [INFO] MainUpdater:3562 - Updater definition file requires update
2023-10-03 20:02:18,570 [INFO] MainUpdater:285 - Updater Check For Update Now.
2023-10-03 20:02:18,570 [INFO] MicroXplorer:498 - Change Database Version : DB.6.0.92
2023-10-03 20:02:18,576 [INFO] McuFinderGlobals:63 - Set McuFinder mode to 2 (CubeIDE integrated)
2023-10-03 20:02:18,576 [INFO] UserAuth:179 - activating auth plugin
2023-10-03 20:02:18,578 [INFO] UserAuth:393 - Internet connection configuration mode: 1
2023-10-03 20:02:18,587 [INFO] JxBrowserEngine:151 - Initiate JxBrowser Engine with user profile folder
2023-10-03 20:02:18,604 [INFO] ServerAccessManage:473 - Download File updaters.zip
2023-10-03 20:02:18,674 [INFO] FileExtend:240 - Unzip File : updaters.zip
2023-10-03 20:02:18,674 [INFO] FileExtend:255 - Standard Zip Deflate
2023-10-03 20:02:19,008 [INFO] ServerAccessManage:473 - Download File PacksControlFlags.xml
2023-10-03 20:02:19,112 [INFO] ServerAccessManage:473 - Download File cubemx.pidx
2023-10-03 20:02:19,333 [INFO] ServerAccessManage:473 - Download File STMicroelectronics.FP-ATR-ASTRA1.pdsc
2023-10-03 20:02:19,668 [INFO] ServerAccessManage:473 - Download File STMicroelectronics.FP-ATR-SIGFOX1.pdsc
2023-10-03 20:02:19,838 [INFO] ServerAccessManage:473 - Download File STMicroelectronics.FP-SNS-FLIGHT1.pdsc
2023-10-03 20:02:20,179 [INFO] ServerAccessManage:473 - Download File STMicroelectronics.FP-SNS-MOTENV1.pdsc
2023-10-03 20:02:20,191 [WARN] MainUpdater:1189 - Updater busy. Cannot search thirdparties
2023-10-03 20:02:20,191 [INFO] ThirdPartyUpdaterWithRetryManager:96 - Updater plugin is busy. [1/15]
2023-10-03 20:02:20,518 [INFO] ServerAccessManage:473 - Download File STMicroelectronics.FP-SNS-SMARTAG2.pdsc
2023-10-03 20:02:20,694 [INFO] ServerAccessManage:473 - Download File STMicroelectronics.X-CUBE-AI.pdsc
2023-10-03 20:02:22,010 [INFO] ServerAccessManage:473 - Download File STMicroelectronics.X-CUBE-ALS.pdsc
2023-10-03 20:02:22,242 [INFO] ServerAccessManage:473 - Download File STMicroelectronics.X-CUBE-BLE1.pdsc
2023-10-03 20:02:23,008 [INFO] WebApp:157 - Instantiating new browser for Auth
2023-10-03 20:02:23,193 [WARN] MainUpdater:1189 - Updater busy. Cannot search thirdparties
2023-10-03 20:02:23,193 [INFO] ThirdPartyUpdaterWithRetryManager:96 - Updater plugin is busy. [2/15]
2023-10-03 20:02:23,529 [ERROR] ServerAccessManage:1089 - Problem, file not found on Server
2023-10-03 20:02:23,610 [INFO] ServerAccessManage:473 - Download File STMicroelectronics.X-CUBE-BLE2.pdsc
2023-10-03 20:02:23,689 [INFO] WebApp:753 - Register for checkConnection events
2023-10-03 20:02:23,689 [INFO] WebApp:390 - Apply proxy settings
2023-10-03 20:02:23,689 [INFO] WebApp:475 - Chromium requires no authentication
2023-10-03 20:02:23,708 [INFO] WebApp:418 - Direct internet connection detected
2023-10-03 20:02:24,143 [INFO] WebApp:188 - Starting web application
2023-10-03 20:02:24,144 [INFO] WebApp:520 - Web application path used D:\ST\STM32CubeIDE_1.13.2\STM32CubeIDE\plugins\com.st.stm32cube.common.mx_6.9.2.202309101412\db\plugins\mcufinder\reactClient1\index.html
2023-10-03 20:02:24,274 [ERROR] LogOutputStream:75 - [STDERR_REDIRECT] SLF4J: Failed to load class "org.slf4j.impl.StaticLoggerBinder".
2023-10-03 20:02:24,275 [ERROR] LogOutputStream:75 - [STDERR_REDIRECT] SLF4J: Defaulting to no-operation (NOP) logger implementation
2023-10-03 20:02:24,277 [ERROR] LogOutputStream:75 - [STDERR_REDIRECT] SLF4J: See http://www.slf4j.org/codes.html#StaticLoggerBinder for further details.
2023-10-03 20:02:24,567 [INFO] ServerAccessManage:473 - Download File STMicroelectronics.X-CUBE-BLEMGR.pdsc
2023-10-03 20:02:25,018 [INFO] ServerAccessManage:473 - Download File STMicroelectronics.X-CUBE-DISPLAY.pdsc
2023-10-03 20:02:25,597 [INFO] ServerAccessManage:473 - Download File STMicroelectronics.X-CUBE-EEPRMA1.pdsc
2023-10-03 20:02:25,985 [ERROR] ServerAccessManage:1089 - Problem, file not found on Server
2023-10-03 20:02:26,194 [WARN] MainUpdater:1189 - Updater busy. Cannot search thirdparties
2023-10-03 20:02:26,194 [INFO] ThirdPartyUpdaterWithRetryManager:96 - Updater plugin is busy. [3/15]
2023-10-03 20:02:26,328 [INFO] ServerAccessManage:473 - Download File STMicroelectronics.X-CUBE-FREERTOS.pdsc
2023-10-03 20:02:26,643 [INFO] ServerAccessManage:473 - Download File STMicroelectronics.X-CUBE-GNSS1.pdsc
2023-10-03 20:02:27,495 [ERROR] ServerAccessManage:1089 - Problem, file not found on Server
2023-10-03 20:02:27,698 [ERROR] ServerAccessManage:1089 - Problem, file not found on Server
2023-10-03 20:02:27,878 [ERROR] ServerAccessManage:1089 - Problem, file not found on Server
2023-10-03 20:02:28,076 [ERROR] ServerAccessManage:1089 - Problem, file not found on Server
2023-10-03 20:02:28,278 [ERROR] ServerAccessManage:1089 - Problem, file not found on Server
2023-10-03 20:02:28,482 [ERROR] ServerAccessManage:1089 - Problem, file not found on Server
2023-10-03 20:02:28,563 [INFO] ServerAccessManage:473 - Download File STMicroelectronics.X-CUBE-ISPU.pdsc
2023-10-03 20:02:28,858 [INFO] ServerAccessManage:473 - Download File STMicroelectronics.X-CUBE-MEMS1.pdsc
2023-10-03 20:02:29,197 [WARN] MainUpdater:1189 - Updater busy. Cannot search thirdparties
2023-10-03 20:02:29,197 [INFO] ThirdPartyUpdaterWithRetryManager:96 - Updater plugin is busy. [4/15]
2023-10-03 20:02:30,686 [INFO] ServerAccessManage:473 - Download File STMicroelectronics.X-CUBE-NFC4.pdsc
2023-10-03 20:02:31,803 [INFO] ServerAccessManage:473 - Download File STMicroelectronics.X-CUBE-NFC6.pdsc
2023-10-03 20:02:31,995 [INFO] ServerAccessManage:473 - Download File STMicroelectronics.X-CUBE-NFC7.pdsc
2023-10-03 20:02:32,198 [WARN] MainUpdater:1189 - Updater busy. Cannot search thirdparties
2023-10-03 20:02:32,198 [INFO] ThirdPartyUpdaterWithRetryManager:96 - Updater plugin is busy. [5/15]
2023-10-03 20:02:32,264 [INFO] ServerAccessManage:473 - Download File STMicroelectronics.X-CUBE-SFXS2LP1.pdsc
2023-10-03 20:02:33,201 [INFO] ServerAccessManage:473 - Download File STMicroelectronics.X-CUBE-SUBG2.pdsc
2023-10-03 20:02:34,366 [INFO] ServerAccessManage:473 - Download File STMicroelectronics.X-CUBE-SMBUS.pdsc
2023-10-03 20:02:35,019 [ERROR] ServerAccessManage:1089 - Problem, file not found on Server
2023-10-03 20:02:35,099 [INFO] ServerAccessManage:473 - Download File STMicroelectronics.X-CUBE-TOF1.pdsc
2023-10-03 20:02:35,199 [WARN] MainUpdater:1189 - Updater busy. Cannot search thirdparties
2023-10-03 20:02:35,199 [INFO] ThirdPartyUpdaterWithRetryManager:96 - Updater plugin is busy. [6/15]
2023-10-03 20:02:35,766 [ERROR] ServerAccessManage:1089 - Problem, file not found on Server
2023-10-03 20:02:35,948 [INFO] ServerAccessManage:473 - Download File STMicroelectronics.X-CUBE-TOUCHGFX.pdsc
2023-10-03 20:02:37,025 [INFO] ServerAccessManage:473 - Download File STMicroelectronics.X-CUBE-ALGOBUILD.pdsc
2023-10-03 20:02:37,506 [INFO] ServerAccessManage:473 - Download File STMicroelectronics.X-CUBE-AZRTOS-H7.pdsc
2023-10-03 20:02:38,155 [INFO] ServerAccessManage:473 - Download File STMicroelectronics.X-CUBE-AZRTOS-F4.pdsc
2023-10-03 20:02:38,202 [WARN] MainUpdater:1189 - Updater busy. Cannot search thirdparties
2023-10-03 20:02:38,202 [INFO] ThirdPartyUpdaterWithRetryManager:96 - Updater plugin is busy. [7/15]
2023-10-03 20:02:38,468 [INFO] ServerAccessManage:473 - Download File STMicroelectronics.X-CUBE-AZRTOS-F7.pdsc
2023-10-03 20:02:38,764 [INFO] ServerAccessManage:473 - Download File STMicroelectronics.X-CUBE-AZRTOS-L4.pdsc
2023-10-03 20:02:39,040 [INFO] ServerAccessManage:473 - Download File STMicroelectronics.X-CUBE-AZRTOS-L5.pdsc
2023-10-03 20:02:39,434 [INFO] ServerAccessManage:473 - Download File STMicroelectronics.X-CUBE-AZRTOS-G0.pdsc
2023-10-03 20:02:39,765 [INFO] ServerAccessManage:473 - Download File STMicroelectronics.X-CUBE-AZRTOS-G4.pdsc
2023-10-03 20:02:40,353 [INFO] ServerAccessManage:473 - Download File STMicroelectronics.X-CUBE-AZRTOS-WB.pdsc
2023-10-03 20:02:40,684 [INFO] ServerAccessManage:473 - Download File STMicroelectronics.X-CUBE-AZRTOS-WL.pdsc
2023-10-03 20:02:41,202 [WARN] MainUpdater:1189 - Updater busy. Cannot search thirdparties
2023-10-03 20:02:41,202 [INFO] ThirdPartyUpdaterWithRetryManager:96 - Updater plugin is busy. [8/15]
2023-10-03 20:02:41,489 [INFO] ServerAccessManage:473 - Download File wolfSSL.I-CUBE-wolfSSL.pdsc
2023-10-03 20:02:44,205 [WARN] MainUpdater:1189 - Updater busy. Cannot search thirdparties
2023-10-03 20:02:44,205 [INFO] ThirdPartyUpdaterWithRetryManager:96 - Updater plugin is busy. [9/15]
2023-10-03 20:02:44,248 [ERROR] ServerAccessManage:1089 - Problem, file not found on Server
2023-10-03 20:02:44,599 [ERROR] ServerAccessManage:1089 - Problem, file not found on Server
2023-10-03 20:02:44,953 [ERROR] ServerAccessManage:1089 - Problem, file not found on Server
2023-10-03 20:02:46,294 [ERROR] ServerAccessManage:1096 - Problem, Http access forbiden
2023-10-03 20:02:46,295 [ERROR] ServerAccessManage:651 - Problem, Http access forbiden : RoweBots.I-CUBE-UNISONRTOS.pdsc.
2023-10-03 20:02:46,515 [INFO] ServerAccessManage:473 - Download File SEGGER.I-CUBE-embOS.pdsc
2023-10-03 20:02:47,206 [WARN] MainUpdater:1189 - Updater busy. Cannot search thirdparties
2023-10-03 20:02:47,206 [INFO] ThirdPartyUpdaterWithRetryManager:96 - Updater plugin is busy. [10/15]
2023-10-03 20:02:47,376 [INFO] ServerAccessManage:473 - Download File portGmbH.I-Cube-SoM-uGOAL.pdsc
2023-10-03 20:02:47,685 [ERROR] ServerAccessManage:1089 - Problem, file not found on Server
2023-10-03 20:02:47,719 [ERROR] ServerAccessManage:1089 - Problem, file not found on Server
2023-10-03 20:02:47,749 [ERROR] ServerAccessManage:1089 - Problem, file not found on Server
2023-10-03 20:02:50,208 [WARN] MainUpdater:1189 - Updater busy. Cannot search thirdparties
2023-10-03 20:02:50,208 [INFO] ThirdPartyUpdaterWithRetryManager:96 - Updater plugin is busy. [11/15]
2023-10-03 20:02:53,211 [WARN] MainUpdater:1189 - Updater busy. Cannot search thirdparties
2023-10-03 20:02:53,211 [INFO] ThirdPartyUpdaterWithRetryManager:96 - Updater plugin is busy. [12/15]
2023-10-03 20:02:54,002 [INFO] ServerAccessManage:473 - Download File emotas.I-CUBE-CANOPEN.pdsc
2023-10-03 20:02:55,515 [INFO] ServerAccessManage:473 - Download File WES.I-CUBE-Cesium.pdsc
2023-10-03 20:02:56,212 [WARN] MainUpdater:1189 - Updater busy. Cannot search thirdparties
2023-10-03 20:02:56,213 [INFO] ThirdPartyUpdaterWithRetryManager:96 - Updater plugin is busy. [13/15]
2023-10-03 20:02:57,751 [ERROR] ServerAccessManage:1089 - Problem, file not found on Server
2023-10-03 20:02:58,519 [ERROR] ServerAccessManage:1089 - Problem, file not found on Server
2023-10-03 20:02:59,213 [WARN] MainUpdater:1189 - Updater busy. Cannot search thirdparties
2023-10-03 20:02:59,213 [INFO] ThirdPartyUpdaterWithRetryManager:96 - Updater plugin is busy. [14/15]
2023-10-03 20:02:59,397 [INFO] ServerAccessManage:473 - Download File ITTIA_DB.I-CUBE-ITTIADB.pdsc
2023-10-03 20:03:02,216 [WARN] MainUpdater:1189 - Updater busy. Cannot search thirdparties
2023-10-03 20:03:02,216 [INFO] ThirdPartyUpdaterWithRetryManager:96 - Updater plugin is busy. [15/15]
2023-10-03 20:03:02,216 [ERROR] IntegrityCheckThread:130 - Cannot retrieve database content from updater: error -1
2023-10-03 20:03:02,217 [INFO] ThirdParty:978 - Integrity check success = false
2023-10-03 20:03:02,217 [INFO] IntegrityCheckThread:100 - exiting critical section [integrity check]
2023-10-03 20:03:02,217 [INFO] IntegrityCheckThread:103 - End integrity checks thread
2023-10-03 20:03:02,221 [WARN] CheckServerUpdateThread:151 - Open CheckUpdateFile Fail
2023-10-03 20:03:02,263 [WARN] PackLoader:240 - Cannot read IP mode file for STMicroelectronics.FP-ATR-ASTRA1.2.0.0
2023-10-03 20:03:02,272 [WARN] PackLoader:240 - Cannot read IP mode file for STMicroelectronics.FP-ATR-SIGFOX1.3.2.0
2023-10-03 20:03:02,281 [WARN] PackLoader:240 - Cannot read IP mode file for STMicroelectronics.FP-SNS-FLIGHT1.5.0.2
2023-10-03 20:03:02,288 [WARN] PackLoader:240 - Cannot read IP mode file for STMicroelectronics.FP-SNS-MOTENV1.4.3.2
2023-10-03 20:03:02,296 [WARN] PackLoader:240 - Cannot read IP mode file for STMicroelectronics.FP-SNS-SMARTAG2.1.2.0
2023-10-03 20:03:02,301 [WARN] PackLoader:240 - Cannot read IP mode file for STMicroelectronics.X-CUBE-AI.8.1.0
2023-10-03 20:03:02,310 [WARN] PackLoader:240 - Cannot read IP mode file for STMicroelectronics.X-CUBE-ALS.1.0.1
2023-10-03 20:03:02,322 [WARN] PackLoader:240 - Cannot read IP mode file for STMicroelectronics.X-CUBE-BLE1.7.0.0
2023-10-03 20:03:02,329 [WARN] PackLoader:240 - Cannot read IP mode file for STMicroelectronics.X-CUBE-BLE2.3.3.0
2023-10-03 20:03:02,343 [WARN] PackLoader:240 - Cannot read IP mode file for STMicroelectronics.X-CUBE-BLEMGR.2.0.0
2023-10-03 20:03:02,364 [WARN] PackLoader:240 - Cannot read IP mode file for STMicroelectronics.X-CUBE-DISPLAY.3.0.0
2023-10-03 20:03:02,368 [INFO] CheckServerUpdateThread:120 - End of CheckServer Thread
2023-10-03 20:03:02,378 [WARN] PackLoader:240 - Cannot read IP mode file for STMicroelectronics.X-CUBE-EEPRMA1.4.1.0
2023-10-03 20:03:02,386 [WARN] PackLoader:240 - Cannot read IP mode file for STMicroelectronics.X-CUBE-FREERTOS.1.1.0
2023-10-03 20:03:02,393 [WARN] PackLoader:240 - Cannot read IP mode file for STMicroelectronics.X-CUBE-GNSS1.6.0.0
2023-10-03 20:03:02,399 [WARN] PackLoader:240 - Cannot read IP mode file for STMicroelectronics.X-CUBE-ISPU.1.1.0
2023-10-03 20:03:02,486 [WARN] PackLoader:240 - Cannot read IP mode file for STMicroelectronics.X-CUBE-MEMS1.9.6.0
2023-10-03 20:03:02,710 [WARN] PackLoader:240 - Cannot read IP mode file for STMicroelectronics.X-CUBE-NFC4.3.0.0
2023-10-03 20:03:02,728 [WARN] PackLoader:240 - Cannot read IP mode file for STMicroelectronics.X-CUBE-NFC6.3.0.0
2023-10-03 20:03:02,736 [WARN] PackLoader:240 - Cannot read IP mode file for STMicroelectronics.X-CUBE-NFC7.1.0.1
2023-10-03 20:03:02,744 [WARN] PackLoader:240 - Cannot read IP mode file for STMicroelectronics.X-CUBE-SFXS2LP1.4.0.0
2023-10-03 20:03:02,758 [WARN] PackLoader:240 - Cannot read IP mode file for STMicroelectronics.X-CUBE-SUBG2.5.0.0
2023-10-03 20:03:02,766 [WARN] PackLoader:240 - Cannot read IP mode file for STMicroelectronics.X-CUBE-SMBUS.2.1.0
2023-10-03 20:03:02,780 [WARN] PackLoader:240 - Cannot read IP mode file for STMicroelectronics.X-CUBE-TOF1.3.3.1
2023-10-03 20:03:02,796 [WARN] PackLoader:240 - Cannot read IP mode file for STMicroelectronics.X-CUBE-TOUCHGFX.4.22.1
2023-10-03 20:03:02,801 [WARN] PackLoader:240 - Cannot read IP mode file for STMicroelectronics.X-CUBE-ALGOBUILD.1.3.0
2023-10-03 20:03:02,820 [WARN] ConditionMgr:438 - getConditionDescription Invalid condition id : UX DEVICE CLASS RTOS Condition cause : null
2023-10-03 20:03:02,820 [WARN] ConditionMgr:438 - getConditionDescription Invalid condition id : UX DEVICE CLASS RTOS Condition cause : null
2023-10-03 20:03:02,824 [WARN] PackLoader:240 - Cannot read IP mode file for STMicroelectronics.X-CUBE-AZRTOS-H7.3.1.0
2023-10-03 20:03:02,825 [WARN] ConditionMgr:1039 - genDependencies : Invalid condition id : UX DEVICE CLASS RTOS Condition cause : null
2023-10-03 20:03:02,825 [WARN] ConditionMgr:1039 - genDependencies : Invalid condition id : UX DEVICE CLASS RTOS Condition cause : null
2023-10-03 20:03:02,826 [WARN] ConditionMgr:1039 - genDependencies : Invalid condition id : UX DEVICE CLASS RTOS Condition cause : null
2023-10-03 20:03:02,827 [WARN] ConditionMgr:1039 - genDependencies : Invalid condition id : UX DEVICE CLASS RTOS Condition cause : null
2023-10-03 20:03:02,827 [WARN] ConditionMgr:1039 - genDependencies : Invalid condition id : UX DEVICE CLASS RTOS Condition cause : null
2023-10-03 20:03:02,855 [WARN] PackLoader:240 - Cannot read IP mode file for STMicroelectronics.X-CUBE-AZRTOS-F4.1.1.0
2023-10-03 20:03:02,874 [WARN] PackLoader:240 - Cannot read IP mode file for STMicroelectronics.X-CUBE-AZRTOS-F7.1.1.0
2023-10-03 20:03:02,894 [WARN] ConditionMgr:438 - getConditionDescription Invalid condition id : LAN8742 Phy interface Condition cause : null
2023-10-03 20:03:02,895 [WARN] PackLoader:240 - Cannot read IP mode file for STMicroelectronics.X-CUBE-AZRTOS-L4.2.0.0
2023-10-03 20:03:02,896 [WARN] ConditionMgr:1039 - genDependencies : Invalid condition id : LAN8742 Phy interface Condition cause : null
2023-10-03 20:03:02,897 [WARN] ConditionMgr:1039 - genDependencies : Invalid condition id : LAN8742 Phy interface Condition cause : null
2023-10-03 20:03:02,897 [WARN] ConditionMgr:1039 - genDependencies : Invalid condition id : LAN8742 Phy interface Condition cause : null
2023-10-03 20:03:02,917 [WARN] PackLoader:240 - Cannot read IP mode file for STMicroelectronics.X-CUBE-AZRTOS-L5.2.0.0
2023-10-03 20:03:02,935 [WARN] PackLoader:240 - Cannot read IP mode file for STMicroelectronics.X-CUBE-AZRTOS-G0.1.1.0
2023-10-03 20:03:02,951 [WARN] PackLoader:240 - Cannot read IP mode file for STMicroelectronics.X-CUBE-AZRTOS-G4.2.0.0
2023-10-03 20:03:02,966 [WARN] ConditionMgr:438 - getConditionDescription Invalid condition id : UX DEVICE CLASS RTOS Condition cause : null
2023-10-03 20:03:02,967 [WARN] ConditionMgr:438 - getConditionDescription Invalid condition id : UX DEVICE CLASS RTOS Condition cause : null
2023-10-03 20:03:02,970 [WARN] PackLoader:240 - Cannot read IP mode file for STMicroelectronics.X-CUBE-AZRTOS-WB.2.0.0
2023-10-03 20:03:02,971 [WARN] ConditionMgr:1039 - genDependencies : Invalid condition id : UX DEVICE CLASS RTOS Condition cause : null
2023-10-03 20:03:02,971 [WARN] ConditionMgr:1039 - genDependencies : Invalid condition id : UX DEVICE CLASS RTOS Condition cause : null
2023-10-03 20:03:02,972 [WARN] ConditionMgr:1039 - genDependencies : Invalid condition id : UX DEVICE CLASS RTOS Condition cause : null
2023-10-03 20:03:02,972 [WARN] ConditionMgr:1039 - genDependencies : Invalid condition id : UX DEVICE CLASS RTOS Condition cause : null
2023-10-03 20:03:02,972 [WARN] ConditionMgr:1039 - genDependencies : Invalid condition id : UX DEVICE CLASS RTOS Condition cause : null
2023-10-03 20:03:02,981 [INFO] LogOutputStream:77 - [STDOUT_REDIRECT] 1 : Invalid condition id : UX_CORESTACK_Condition cause : null
2023-10-03 20:03:02,982 [INFO] LogOutputStream:77 - [STDOUT_REDIRECT] 1 : Invalid condition id : UX_CORESTACK_Condition cause : null
2023-10-03 20:03:02,983 [INFO] LogOutputStream:77 - [STDOUT_REDIRECT] 1 : Invalid condition id : UX_CORESTACK_Condition cause : null
2023-10-03 20:03:02,985 [INFO] LogOutputStream:77 - [STDOUT_REDIRECT] 1 : Invalid condition id : UX_CORESTACK_Condition cause : null
2023-10-03 20:03:02,986 [INFO] LogOutputStream:77 - [STDOUT_REDIRECT] 1 : Invalid condition id : UX_CORESTACK_Condition cause : null
2023-10-03 20:03:02,990 [WARN] PackLoader:240 - Cannot read IP mode file for STMicroelectronics.X-CUBE-AZRTOS-WL.2.0.0
2023-10-03 20:03:02,995 [WARN] PackLoader:240 - Cannot read IP mode file for wolfSSL.I-CUBE-wolfSSL.5.6.3
2023-10-03 20:03:03,046 [WARN] PackLoader:240 - Cannot read IP mode file for SEGGER.I-CUBE-embOS.1.3.1
2023-10-03 20:03:03,111 [WARN] PackLoader:240 - Cannot read IP mode file for portGmbH.I-Cube-SoM-uGOAL.1.1.0
2023-10-03 20:03:03,115 [WARN] PackLoader:240 - Cannot read IP mode file for emotas.I-CUBE-CANOPEN.1.3.0
2023-10-03 20:03:03,120 [WARN] PackLoader:240 - Cannot read IP mode file for WES.I-CUBE-Cesium.1.3.0
2023-10-03 20:03:03,125 [WARN] PackLoader:240 - Cannot read IP mode file for ITTIA_DB.I-CUBE-ITTIADB.8.8.0
2023-10-03 20:03:03,125 [INFO] PopulateThirdPartyThread:66 - Ending populate Thread
2023-10-03 20:03:03,127 [INFO] ThirdParty:1030 - CMSIS Pack Vendor :STMicroelectronics X-CUBE-ISPU 1.1.0
2023-10-03 20:03:03,127 [INFO] ThirdParty:1030 - CMSIS Pack Vendor :STMicroelectronics X-CUBE-DISPLAY 3.0.0
2023-10-03 20:03:03,127 [INFO] ThirdParty:1030 - CMSIS Pack Vendor :STMicroelectronics X-CUBE-GNSS1 6.0.0
2023-10-03 20:03:03,127 [INFO] ThirdParty:1030 - CMSIS Pack Vendor :STMicroelectronics X-CUBE-AZRTOS-F4 1.1.0
2023-10-03 20:03:03,127 [INFO] ThirdParty:1030 - CMSIS Pack Vendor :STMicroelectronics FP-ATR-SIGFOX1 3.2.0
2023-10-03 20:03:03,127 [INFO] ThirdParty:1030 - CMSIS Pack Vendor :STMicroelectronics X-CUBE-BLE1 7.0.0
2023-10-03 20:03:03,127 [INFO] ThirdParty:1030 - CMSIS Pack Vendor :wolfSSL I-CUBE-wolfSSL 5.6.3
2023-10-03 20:03:03,127 [INFO] ThirdParty:1030 - CMSIS Pack Vendor :STMicroelectronics X-CUBE-SMBUS 2.1.0
2023-10-03 20:03:03,127 [INFO] ThirdParty:1030 - CMSIS Pack Vendor :STMicroelectronics X-CUBE-AZRTOS-WB 2.0.0
2023-10-03 20:03:03,127 [INFO] ThirdParty:1030 - CMSIS Pack Vendor :emotas I-CUBE-CANOPEN 1.3.0
2023-10-03 20:03:03,127 [INFO] ThirdParty:1030 - CMSIS Pack Vendor :STMicroelectronics X-CUBE-FREERTOS 1.1.0
2023-10-03 20:03:03,127 [INFO] ThirdParty:1030 - CMSIS Pack Vendor :STMicroelectronics X-CUBE-NFC7 1.0.1
2023-10-03 20:03:03,127 [INFO] ThirdParty:1030 - CMSIS Pack Vendor :STMicroelectronics X-CUBE-TOUCHGFX 4.22.1
2023-10-03 20:03:03,128 [INFO] ThirdParty:1030 - CMSIS Pack Vendor :STMicroelectronics X-CUBE-AZRTOS-F7 1.1.0
2023-10-03 20:03:03,128 [INFO] ThirdParty:1030 - CMSIS Pack Vendor :STMicroelectronics X-CUBE-AZRTOS-L5 2.0.0
2023-10-03 20:03:03,128 [INFO] ThirdParty:1030 - CMSIS Pack Vendor :STMicroelectronics X-CUBE-NFC6 3.0.0
2023-10-03 20:03:03,128 [INFO] ThirdParty:1030 - CMSIS Pack Vendor :STMicroelectronics X-CUBE-ALS 1.0.1
2023-10-03 20:03:03,128 [INFO] ThirdParty:1030 - CMSIS Pack Vendor :STMicroelectronics X-CUBE-EEPRMA1 4.1.0
2023-10-03 20:03:03,128 [INFO] ThirdParty:1030 - CMSIS Pack Vendor :portGmbH I-Cube-SoM-uGOAL 1.1.0
2023-10-03 20:03:03,128 [INFO] ThirdParty:1030 - CMSIS Pack Vendor :STMicroelectronics X-CUBE-MEMS1 9.6.0
2023-10-03 20:03:03,128 [INFO] ThirdParty:1030 - CMSIS Pack Vendor :ITTIA_DB I-CUBE-ITTIADB 8.8.0
2023-10-03 20:03:03,128 [INFO] ThirdParty:1030 - CMSIS Pack Vendor :STMicroelectronics FP-SNS-SMARTAG2 1.2.0
2023-10-03 20:03:03,128 [INFO] ThirdParty:1030 - CMSIS Pack Vendor :STMicroelectronics FP-SNS-MOTENV1 4.3.2
2023-10-03 20:03:03,128 [INFO] ThirdParty:1030 - CMSIS Pack Vendor :STMicroelectronics X-CUBE-ALGOBUILD 1.3.0
2023-10-03 20:03:03,128 [INFO] ThirdParty:1030 - CMSIS Pack Vendor :STMicroelectronics X-CUBE-AZRTOS-WL 2.0.0
2023-10-03 20:03:03,128 [INFO] ThirdParty:1030 - CMSIS Pack Vendor :SEGGER I-CUBE-embOS 1.3.1
2023-10-03 20:03:03,128 [INFO] ThirdParty:1030 - CMSIS Pack Vendor :STMicroelectronics X-CUBE-AZRTOS-G0 1.1.0
2023-10-03 20:03:03,128 [INFO] ThirdParty:1030 - CMSIS Pack Vendor :STMicroelectronics X-CUBE-AI 8.1.0
2023-10-03 20:03:03,128 [INFO] ThirdParty:1030 - CMSIS Pack Vendor :STMicroelectronics X-CUBE-BLEMGR 2.0.0
2023-10-03 20:03:03,128 [INFO] ThirdParty:1030 - CMSIS Pack Vendor :STMicroelectronics X-CUBE-NFC4 3.0.0
2023-10-03 20:03:03,128 [INFO] ThirdParty:1030 - CMSIS Pack Vendor :STMicroelectronics X-CUBE-SUBG2 5.0.0
2023-10-03 20:03:03,128 [INFO] ThirdParty:1030 - CMSIS Pack Vendor :STMicroelectronics X-CUBE-AZRTOS-L4 2.0.0
2023-10-03 20:03:03,128 [INFO] ThirdParty:1030 - CMSIS Pack Vendor :STMicroelectronics FP-ATR-ASTRA1 2.0.0
2023-10-03 20:03:03,129 [INFO] ThirdParty:1030 - CMSIS Pack Vendor :WES I-CUBE-Cesium 1.3.0
2023-10-03 20:03:03,129 [INFO] ThirdParty:1030 - CMSIS Pack Vendor :STMicroelectronics X-CUBE-SFXS2LP1 4.0.0
2023-10-03 20:03:03,129 [INFO] ThirdParty:1030 - CMSIS Pack Vendor :STMicroelectronics FP-SNS-FLIGHT1 5.0.2
2023-10-03 20:03:03,129 [INFO] ThirdParty:1030 - CMSIS Pack Vendor :STMicroelectronics X-CUBE-BLE2 3.3.0
2023-10-03 20:03:03,129 [INFO] ThirdParty:1030 - CMSIS Pack Vendor :STMicroelectronics X-CUBE-TOF1 3.3.1
2023-10-03 20:03:03,129 [INFO] ThirdParty:1030 - CMSIS Pack Vendor :STMicroelectronics X-CUBE-AZRTOS-G4 2.0.0
2023-10-03 20:03:03,129 [INFO] ThirdParty:1030 - CMSIS Pack Vendor :STMicroelectronics X-CUBE-AZRTOS-H7 3.1.0
2023-10-03 20:03:03,130 [INFO] LoadServerUpdatesThread:373 - End of LoadServerUpdate Thread
2023-10-03 20:03:34,445 [INFO] McuFinderGlobals:63 - Set McuFinder mode to 2 (CubeIDE integrated)
2023-10-03 20:03:34,447 [INFO] MainUpdater:2868 - connection check result : 10
2023-10-03 20:03:34,449 [INFO] McuFinderGlobals:76 - Set McuFinderConnectedMode to true
2023-10-03 20:03:34,693 [INFO] ServerAccessManage:473 - Download File mcusAds.json._tmp_
2023-10-03 20:03:34,807 [INFO] LoadUrlFilesThread:156 - End of LoadUrlFiles Thread
2023-10-03 20:03:35,677 [INFO] ServerAccessManage:473 - Download File cube-finder-db.zip
2023-10-03 20:03:39,874 [INFO] FileExtend:240 - Unzip File : cube-finder-db.zip
2023-10-03 20:03:39,874 [INFO] FileExtend:255 - Standard Zip Deflate
2023-10-03 20:03:40,465 [INFO] LoadUrlFilesThread:156 - End of LoadUrlFiles Thread
2023-10-03 20:03:40,753 [INFO] ServerAccessManage:473 - Download File crdb.zip
2023-10-03 20:03:41,155 [INFO] FileExtend:240 - Unzip File : crdb.zip
2023-10-03 20:03:41,156 [INFO] FileExtend:255 - Standard Zip Deflate
2023-10-03 20:03:41,284 [INFO] LoadUrlFilesThread:156 - End of LoadUrlFiles Thread
2023-10-03 20:03:41,465 [INFO] ServerAccessManage:473 - Download File tutoVideoDB.zip
2023-10-03 20:03:41,485 [INFO] FileExtend:240 - Unzip File : tutoVideoDB.zip
2023-10-03 20:03:41,485 [INFO] FileExtend:255 - Standard Zip Deflate
2023-10-03 20:03:41,603 [INFO] LoadUrlFilesThread:156 - End of LoadUrlFiles Thread
2023-10-03 20:03:41,605 [WARN] DbFile:41 - Overriding database path with different value: C:\Users\metti\.stmcufinder\plugins\mcufinder/ => C:\Users\metti\.stmcufinder\plugins\mcufinder
2023-10-03 20:03:41,771 [INFO] ServerAccessManage:473 - Download File api_config.json
2023-10-03 20:03:41,883 [INFO] LoadUrlFilesThread:156 - End of LoadUrlFiles Thread
2023-10-03 20:03:41,884 [INFO] DbMcusAds:53 - JSON generation date=Tue Mar 07 09:50:55 CET 2023 (1678179055114)
2023-10-03 20:03:41,966 [INFO] ServerAccessManage:473 - Download File 
2023-10-03 20:03:41,984 [INFO] LoadUrlFilesThread:185 - End of LoadServerUrlFiles without Thread
2023-10-03 20:03:41,984 [INFO] TargetSelectorAdapter:259 - Refresh data is successful
2023-10-03 20:03:42,092 [INFO] ApiDb:581 - Connected to CubeFinder SQLite database (C:\Users\metti\.stmcufinder\plugins\mcufinder\mcu\cube-finder-db.db)
2023-10-03 20:03:42,156 [INFO] ApiDb:668 - CubeFinder database Data Model version=2.1
2023-10-03 20:03:42,156 [INFO] ApiDb:669 - CubeFinder database Configuration version=3.0.37
2023-10-03 20:03:42,156 [INFO] ApiDb:670 - CubeFinder database generation date=2023-08-09 (1691586011)
2023-10-03 20:03:42,156 [INFO] ApiDb:671 - CubeFinder database FW Pack versions=[FP-ATR-ASTRA1_V2.0.0, FP-SNS-FLIGHT1_V5.0.1, FP-SNS-FLIGHT1_V5.0.2, FP-SNS-MOTENV1_V4.3.1, FP-SNS-MOTENV1_V4.3.2, STM32Cube_FW_C0_V1.1.0, STM32Cube_FW_F4_V1.27.1, STM32Cube_FW_F7_V1.17.0, STM32Cube_FW_G0_V1.6.1, STM32Cube_FW_G4_V1.5.1, STM32Cube_FW_H5_V0.5.1, STM32Cube_FW_H5_V1.1.0, STM32Cube_FW_H7_V1.11.0, STM32Cube_FW_L0_V1.12.2, STM32Cube_FW_L5_V1.5.0, STM32Cube_FW_U5_V1.3.0, STM32Cube_FW_U5_V1.3.0RC4, STM32Cube_FW_WBA_V1.0.0RC1, STM32Cube_FW_WBA_V1.1.0, STM32Cube_FW_WBA_V1.1.0RC1, STM32Cube_FW_WB_V1.15.0RC1, STM32Cube_FW_WB_V1.16.0, STM32Cube_FW_WB_V1.16.0RC2, STM32Cube_FW_WB_V1.17.0, STM32Cube_FW_WL_V1.3.0, X-CUBE-ALGOBUILD_V1.3.0, X-CUBE-ALS_V1.0.1, X-CUBE-AZRTOS-F4_V1.1.0, X-CUBE-AZRTOS-F7_V1.1.0, X-CUBE-AZRTOS-G0_V1.1.0, X-CUBE-AZRTOS-G4_V2.0.0, X-CUBE-AZRTOS-H7_V3.1.0, X-CUBE-AZRTOS-L4_V1.0.0, X-CUBE-AZRTOS-L4_V2.0.0, X-CUBE-AZRTOS-L5_V1.1.0, X-CUBE-AZRTOS-WB_V1.1.0, X-CUBE-AZRTOS-WL_V2.0.0, X-CUBE-BLE1_V7.0.0, X-CUBE-BLE2_V3.3.0, X-CUBE-BLEMGR_V2.0.0, X-CUBE-EEPRMA1_V4.1.0, X-CUBE-FREERTOS_V1.1.0, X-CUBE-GNSS1_V6.0.0, X-CUBE-MEMS1_V9.1.0, X-CUBE-MEMS1_V9.4.0, X-CUBE-MEMS1_V9.6.0, X-CUBE-NFC4_V3.0.0, X-CUBE-NFC7_V1.0.0, X-CUBE-SFXS2LP1_V4.0.0, X-CUBE-SUBG2_V5.0.0, X-CUBE-TOF1_V3.3.1]
2023-10-03 20:03:43,939 [INFO] ApiDb:240 - Found 323 in-development CPN: [B-G473E-ZEST1S, B-WB1M-WPAN1, B-WL5M-SUBG1, NUCLEO-C031C6, NUCLEO-H503RB, NUCLEO-H563ZI, NUCLEO-U545RE-Q, NUCLEO-U5A5ZJ-Q, NUCLEO-WBA52CG, STEVAL-PROTEUS1, STEVAL-SMARTAG2, STEVAL-STWINBX1, STM320518-EVAL, STM32C0116-DK, STM32C011D6Y3TR, STM32C011D6Y6TR, STM32C011F4P3, STM32C011F4P6, STM32C011F4U3, STM32C011F4U6TR, STM32C011F6P3, STM32C011F6P6, STM32C011F6U3, STM32C011F6U6TR, STM32C011J4M3, STM32C011J4M6, STM32C011J6M3, STM32C011J6M6, STM32C0316-DK, STM32C031C4T3, STM32C031C4T6, STM32C031C4U3, STM32C031C4U6, STM32C031C6T3, STM32C031C6T6, STM32C031C6U3, STM32C031C6U6, STM32C031F4P3, STM32C031F4P6, STM32C031F6P3, STM32C031F6P6, STM32C031G4U3, STM32C031G4U6, STM32C031G6U3, STM32C031G6U6, STM32C031K4T3, STM32C031K4T6, STM32C031K4U3, STM32C031K4U6, STM32C031K6T3, STM32C031K6T6, STM32C031K6U3, STM32C031K6U6, STM32G071K8TXN, STM32G071K8UXN, STM32G081GBU6N, STM32G081KBT6N, STM32G081KBUXN, STM32G0B1CCT6N, STM32G0B1KCT6, STM32G0B1NEY6TR, STM32G0B1RCT6N, STM32G0C1CCT6, STM32G0C1CCT6N, STM32G0C1CCU6N, STM32G0C1CET6N, STM32G0C1CEU6N, STM32G0C1KCT6, STM32G0C1NEY6TR, STM32G0C1RCI6N, STM32G0C1RCT6N, STM32G0C1REI6N, STM32G0C1RET6N, STM32G0C1VCI6, STM32G0C1VEI6, STM32G471CCT6, STM32G471CCU6, STM32G471CET3, STM32G471CET6, STM32G471CEU3, STM32G471CEU6, STM32G471MCT6, STM32G471MET3, STM32G471MET6, STM32G471MEY6TR, STM32G471QCT6, STM32G471QET3, STM32G471RCT6, STM32G471RET3, STM32G471RET6, STM32G471VCH6, STM32G471VCI6, STM32G471VCT6, STM32G471VEH3, STM32G471VEH6, STM32G471VEI3, STM32G471VEI6, STM32G471VET3, STM32G471VET6, STM32G474CCT6, STM32H503CBT6, STM32H503CBU6, STM32H503EBY6TR, STM32H503KBU6, STM32H503RBT6, STM32H562AGI6, STM32H562AII6, STM32H562IGK6, STM32H562IGT6, STM32H562IIK6, STM32H562IIT6, STM32H562RGT6, STM32H562RGV6, STM32H562RIT6, STM32H562RIV6, STM32H562VGT6, STM32H562VIT6, STM32H562ZGT6, STM32H562ZIT6, STM32H563AGI6, STM32H563AII3Q, STM32H563AII6, STM32H563IGK6, STM32H563IGT6, STM32H563IIK3Q, STM32H563IIK6, STM32H563IIT3Q, STM32H563IIT6, STM32H563MIY3QTR, STM32H563RGT6, STM32H563RGV6, STM32H563RIT6, STM32H563RIV6, STM32H563VGT6, STM32H563VIT3Q, STM32H563VIT6, STM32H563ZGT6, STM32H563ZIT3Q, STM32H563ZIT6, STM32H573AII3Q, STM32H573AII6, STM32H573I-DK, STM32H573IIK3Q, STM32H573IIK6, STM32H573IIT3Q, STM32H573IIT6, STM32H573MIY3QTR, STM32H573RIT6, STM32H573RIV6, STM32H573VIT3Q, STM32H573VIT6, STM32H573ZIT3Q, STM32H573ZIT6, STM32L4R5QGI6STR, STM32MP131AAE3, STM32MP131AAF3, STM32MP131AAG3, STM32MP131CAE3, STM32MP131CAF3, STM32MP131CAG3, STM32MP131DAE7, STM32MP131DAF7, STM32MP131DAG7, STM32MP131FAE7, STM32MP131FAF7, STM32MP131FAG7, STM32MP133AAE3, STM32MP133AAF3, STM32MP133AAG3, STM32MP133CAE3, STM32MP133CAF3, STM32MP133CAG3, STM32MP133DAE7, STM32MP133DAF7, STM32MP133DAG7, STM32MP133FAE7, STM32MP133FAF7, STM32MP133FAG7, STM32MP135AAE3, STM32MP135AAF3, STM32MP135AAG3, STM32MP135CAE3, STM32MP135CAF3, STM32MP135CAG3, STM32MP135DAE7, STM32MP135DAF7, STM32MP135DAG7, STM32MP135F-DK, STM32MP135FAE7, STM32MP135FAF7, STM32MP135FAF7T, STM32MP135FAF7U, STM32MP135FAG7, STM32U535CBT6, STM32U535CBT6Q, STM32U535CBU6, STM32U535CBU6Q, STM32U535CCT6, STM32U535CCT6Q, STM32U535CCU6, STM32U535CCU6Q, STM32U535CET6, STM32U535CET6Q, STM32U535CEU6, STM32U535CEU6Q, STM32U535JEY6QTR, STM32U535NCY6QTR, STM32U535NEY6QTR, STM32U535RBI6, STM32U535RBI6Q, STM32U535RBT6, STM32U535RBT6Q, STM32U535RCI6, STM32U535RCI6Q, STM32U535RCT6, STM32U535RCT6Q, STM32U535REI6, STM32U535REI6Q, STM32U535RET6, STM32U535RET6Q, STM32U535VCI6, STM32U535VCI6Q, STM32U535VCT6, STM32U535VCT6Q, STM32U535VEI6, STM32U535VEI6Q, STM32U535VET6, STM32U535VET6Q, STM32U545CET6, STM32U545CET6Q, STM32U545CEU6, STM32U545CEU6Q, STM32U545JEY6QTR, STM32U545NEY6QTR, STM32U545REI6, STM32U545REI6Q, STM32U545RET6, STM32U545RET6Q, STM32U545VEI6, STM32U545VEI6Q, STM32U545VET6, STM32U545VET6Q, STM32U595AIH6, STM32U595AIH6Q, STM32U595AJH6, STM32U595AJH6Q, STM32U595QII6, STM32U595QII6Q, STM32U595QJI6, STM32U595QJI6Q, STM32U595RIT6, STM32U595RIT6Q, STM32U595RJT6, STM32U595RJT6Q, STM32U595VIT6, STM32U595VIT6Q, STM32U595VJT6, STM32U595VJT6Q, STM32U595ZIT6, STM32U595ZIT6Q, STM32U595ZIY6QTR, STM32U595ZJT6, STM32U595ZJT6Q, STM32U595ZJY6QTR, STM32U599BJY6QTR, STM32U599NIH6Q, STM32U599NJH6Q, STM32U599VIT6Q, STM32U599VJT6, STM32U599VJT6Q, STM32U599ZIT6Q, STM32U599ZIY6QTR, STM32U599ZJT6Q, STM32U599ZJY6QTR, STM32U5A5AJH6, STM32U5A5AJH6Q, STM32U5A5QJI6, STM32U5A5QJI6Q, STM32U5A5RJT6, STM32U5A5RJT6Q, STM32U5A5VJT6, STM32U5A5VJT6Q, STM32U5A5ZJT6, STM32U5A5ZJT6Q, STM32U5A5ZJY6QTR, STM32U5A9BJY6QTR, STM32U5A9J-DK, STM32U5A9NJH6Q, STM32U5A9VJT6Q, STM32U5A9ZJT6Q, STM32U5A9ZJY6QTR, STM32U5F7VIT6, STM32U5F7VIT6Q, STM32U5F7VJT6, STM32U5F7VJT6Q, STM32U5F9BJY6QTR, STM32U5F9NJH6Q, STM32U5F9VIT6Q, STM32U5F9VJT6Q, STM32U5F9ZIJ6QTR, STM32U5F9ZIT6Q, STM32U5F9ZJJ6QTR, STM32U5F9ZJT6Q, STM32U5G7VJT6, STM32U5G7VJT6Q, STM32U5G9BJY6QTR, STM32U5G9J-DK1, STM32U5G9J-DK2, STM32U5G9NJH6Q, STM32U5G9VJT6Q, STM32U5G9ZJJ6QTR, STM32U5G9ZJT6Q, STM32WB1MMCH6, STM32WBA52CEU6, STM32WBA52CEU6T, STM32WBA52CGU6, STM32WBA52CGU6T, STM32WBA52KEU6, STM32WBA52KEU6T, STM32WBA52KGU6, STM32WBA52KGU6T, STM32WL5MOCH6, STM32WL5MOCH6TR]
2023-10-03 20:03:43,944 [INFO] DbMcus:217 - Found 3848 MCUs, 3848 are supported
2023-10-03 20:03:43,944 [INFO] ApiDb:414 - User favorites file not found: C:\Users\metti/.stm32cubeide/favorites.mcus.txt
2023-10-03 20:03:43,945 [INFO] DbMcus:223 - Set 0 / 0 favorites MCUs
2023-10-03 20:03:44,142 [INFO] ApiDb:668 - CubeFinder database Data Model version=2.1
2023-10-03 20:03:44,143 [INFO] ApiDb:669 - CubeFinder database Configuration version=3.0.37
2023-10-03 20:03:44,143 [INFO] ApiDb:670 - CubeFinder database generation date=2023-08-09 (1691586011)
2023-10-03 20:03:44,143 [INFO] ApiDb:671 - CubeFinder database FW Pack versions=[FP-ATR-ASTRA1_V2.0.0, FP-SNS-FLIGHT1_V5.0.1, FP-SNS-FLIGHT1_V5.0.2, FP-SNS-MOTENV1_V4.3.1, FP-SNS-MOTENV1_V4.3.2, STM32Cube_FW_C0_V1.1.0, STM32Cube_FW_F4_V1.27.1, STM32Cube_FW_F7_V1.17.0, STM32Cube_FW_G0_V1.6.1, STM32Cube_FW_G4_V1.5.1, STM32Cube_FW_H5_V0.5.1, STM32Cube_FW_H5_V1.1.0, STM32Cube_FW_H7_V1.11.0, STM32Cube_FW_L0_V1.12.2, STM32Cube_FW_L5_V1.5.0, STM32Cube_FW_U5_V1.3.0, STM32Cube_FW_U5_V1.3.0RC4, STM32Cube_FW_WBA_V1.0.0RC1, STM32Cube_FW_WBA_V1.1.0, STM32Cube_FW_WBA_V1.1.0RC1, STM32Cube_FW_WB_V1.15.0RC1, STM32Cube_FW_WB_V1.16.0, STM32Cube_FW_WB_V1.16.0RC2, STM32Cube_FW_WB_V1.17.0, STM32Cube_FW_WL_V1.3.0, X-CUBE-ALGOBUILD_V1.3.0, X-CUBE-ALS_V1.0.1, X-CUBE-AZRTOS-F4_V1.1.0, X-CUBE-AZRTOS-F7_V1.1.0, X-CUBE-AZRTOS-G0_V1.1.0, X-CUBE-AZRTOS-G4_V2.0.0, X-CUBE-AZRTOS-H7_V3.1.0, X-CUBE-AZRTOS-L4_V1.0.0, X-CUBE-AZRTOS-L4_V2.0.0, X-CUBE-AZRTOS-L5_V1.1.0, X-CUBE-AZRTOS-WB_V1.1.0, X-CUBE-AZRTOS-WL_V2.0.0, X-CUBE-BLE1_V7.0.0, X-CUBE-BLE2_V3.3.0, X-CUBE-BLEMGR_V2.0.0, X-CUBE-EEPRMA1_V4.1.0, X-CUBE-FREERTOS_V1.1.0, X-CUBE-GNSS1_V6.0.0, X-CUBE-MEMS1_V9.1.0, X-CUBE-MEMS1_V9.4.0, X-CUBE-MEMS1_V9.6.0, X-CUBE-NFC4_V3.0.0, X-CUBE-NFC7_V1.0.0, X-CUBE-SFXS2LP1_V4.0.0, X-CUBE-SUBG2_V5.0.0, X-CUBE-TOF1_V3.3.1]
2023-10-03 20:03:44,198 [INFO] DbBoardsSqlite:226 - include board P-NUCLEO-WB55-NUCLEO as a kit item of type 'Nucleo-64'
2023-10-03 20:03:44,198 [INFO] DbBoardsSqlite:226 - include board P-NUCLEO-WB55-USBDONGLE as a kit item of type 'Nucleo USB Dongle'
2023-10-03 20:03:44,198 [INFO] DbBoardsSqlite:226 - include board STEVAL-IDP005V1 as a kit item of type 'Evaluation Board'
2023-10-03 20:03:44,198 [INFO] DbBoardsSqlite:226 - include board STEVAL-IDP005V2 as a kit item of type 'Evaluation Board'
2023-10-03 20:03:44,248 [INFO] ApiDb:240 - Found 323 in-development CPN: [B-G473E-ZEST1S, B-WB1M-WPAN1, B-WL5M-SUBG1, NUCLEO-C031C6, NUCLEO-H503RB, NUCLEO-H563ZI, NUCLEO-U545RE-Q, NUCLEO-U5A5ZJ-Q, NUCLEO-WBA52CG, STEVAL-PROTEUS1, STEVAL-SMARTAG2, STEVAL-STWINBX1, STM320518-EVAL, STM32C0116-DK, STM32C011D6Y3TR, STM32C011D6Y6TR, STM32C011F4P3, STM32C011F4P6, STM32C011F4U3, STM32C011F4U6TR, STM32C011F6P3, STM32C011F6P6, STM32C011F6U3, STM32C011F6U6TR, STM32C011J4M3, STM32C011J4M6, STM32C011J6M3, STM32C011J6M6, STM32C0316-DK, STM32C031C4T3, STM32C031C4T6, STM32C031C4U3, STM32C031C4U6, STM32C031C6T3, STM32C031C6T6, STM32C031C6U3, STM32C031C6U6, STM32C031F4P3, STM32C031F4P6, STM32C031F6P3, STM32C031F6P6, STM32C031G4U3, STM32C031G4U6, STM32C031G6U3, STM32C031G6U6, STM32C031K4T3, STM32C031K4T6, STM32C031K4U3, STM32C031K4U6, STM32C031K6T3, STM32C031K6T6, STM32C031K6U3, STM32C031K6U6, STM32G071K8TXN, STM32G071K8UXN, STM32G081GBU6N, STM32G081KBT6N, STM32G081KBUXN, STM32G0B1CCT6N, STM32G0B1KCT6, STM32G0B1NEY6TR, STM32G0B1RCT6N, STM32G0C1CCT6, STM32G0C1CCT6N, STM32G0C1CCU6N, STM32G0C1CET6N, STM32G0C1CEU6N, STM32G0C1KCT6, STM32G0C1NEY6TR, STM32G0C1RCI6N, STM32G0C1RCT6N, STM32G0C1REI6N, STM32G0C1RET6N, STM32G0C1VCI6, STM32G0C1VEI6, STM32G471CCT6, STM32G471CCU6, STM32G471CET3, STM32G471CET6, STM32G471CEU3, STM32G471CEU6, STM32G471MCT6, STM32G471MET3, STM32G471MET6, STM32G471MEY6TR, STM32G471QCT6, STM32G471QET3, STM32G471RCT6, STM32G471RET3, STM32G471RET6, STM32G471VCH6, STM32G471VCI6, STM32G471VCT6, STM32G471VEH3, STM32G471VEH6, STM32G471VEI3, STM32G471VEI6, STM32G471VET3, STM32G471VET6, STM32G474CCT6, STM32H503CBT6, STM32H503CBU6, STM32H503EBY6TR, STM32H503KBU6, STM32H503RBT6, STM32H562AGI6, STM32H562AII6, STM32H562IGK6, STM32H562IGT6, STM32H562IIK6, STM32H562IIT6, STM32H562RGT6, STM32H562RGV6, STM32H562RIT6, STM32H562RIV6, STM32H562VGT6, STM32H562VIT6, STM32H562ZGT6, STM32H562ZIT6, STM32H563AGI6, STM32H563AII3Q, STM32H563AII6, STM32H563IGK6, STM32H563IGT6, STM32H563IIK3Q, STM32H563IIK6, STM32H563IIT3Q, STM32H563IIT6, STM32H563MIY3QTR, STM32H563RGT6, STM32H563RGV6, STM32H563RIT6, STM32H563RIV6, STM32H563VGT6, STM32H563VIT3Q, STM32H563VIT6, STM32H563ZGT6, STM32H563ZIT3Q, STM32H563ZIT6, STM32H573AII3Q, STM32H573AII6, STM32H573I-DK, STM32H573IIK3Q, STM32H573IIK6, STM32H573IIT3Q, STM32H573IIT6, STM32H573MIY3QTR, STM32H573RIT6, STM32H573RIV6, STM32H573VIT3Q, STM32H573VIT6, STM32H573ZIT3Q, STM32H573ZIT6, STM32L4R5QGI6STR, STM32MP131AAE3, STM32MP131AAF3, STM32MP131AAG3, STM32MP131CAE3, STM32MP131CAF3, STM32MP131CAG3, STM32MP131DAE7, STM32MP131DAF7, STM32MP131DAG7, STM32MP131FAE7, STM32MP131FAF7, STM32MP131FAG7, STM32MP133AAE3, STM32MP133AAF3, STM32MP133AAG3, STM32MP133CAE3, STM32MP133CAF3, STM32MP133CAG3, STM32MP133DAE7, STM32MP133DAF7, STM32MP133DAG7, STM32MP133FAE7, STM32MP133FAF7, STM32MP133FAG7, STM32MP135AAE3, STM32MP135AAF3, STM32MP135AAG3, STM32MP135CAE3, STM32MP135CAF3, STM32MP135CAG3, STM32MP135DAE7, STM32MP135DAF7, STM32MP135DAG7, STM32MP135F-DK, STM32MP135FAE7, STM32MP135FAF7, STM32MP135FAF7T, STM32MP135FAF7U, STM32MP135FAG7, STM32U535CBT6, STM32U535CBT6Q, STM32U535CBU6, STM32U535CBU6Q, STM32U535CCT6, STM32U535CCT6Q, STM32U535CCU6, STM32U535CCU6Q, STM32U535CET6, STM32U535CET6Q, STM32U535CEU6, STM32U535CEU6Q, STM32U535JEY6QTR, STM32U535NCY6QTR, STM32U535NEY6QTR, STM32U535RBI6, STM32U535RBI6Q, STM32U535RBT6, STM32U535RBT6Q, STM32U535RCI6, STM32U535RCI6Q, STM32U535RCT6, STM32U535RCT6Q, STM32U535REI6, STM32U535REI6Q, STM32U535RET6, STM32U535RET6Q, STM32U535VCI6, STM32U535VCI6Q, STM32U535VCT6, STM32U535VCT6Q, STM32U535VEI6, STM32U535VEI6Q, STM32U535VET6, STM32U535VET6Q, STM32U545CET6, STM32U545CET6Q, STM32U545CEU6, STM32U545CEU6Q, STM32U545JEY6QTR, STM32U545NEY6QTR, STM32U545REI6, STM32U545REI6Q, STM32U545RET6, STM32U545RET6Q, STM32U545VEI6, STM32U545VEI6Q, STM32U545VET6, STM32U545VET6Q, STM32U595AIH6, STM32U595AIH6Q, STM32U595AJH6, STM32U595AJH6Q, STM32U595QII6, STM32U595QII6Q, STM32U595QJI6, STM32U595QJI6Q, STM32U595RIT6, STM32U595RIT6Q, STM32U595RJT6, STM32U595RJT6Q, STM32U595VIT6, STM32U595VIT6Q, STM32U595VJT6, STM32U595VJT6Q, STM32U595ZIT6, STM32U595ZIT6Q, STM32U595ZIY6QTR, STM32U595ZJT6, STM32U595ZJT6Q, STM32U595ZJY6QTR, STM32U599BJY6QTR, STM32U599NIH6Q, STM32U599NJH6Q, STM32U599VIT6Q, STM32U599VJT6, STM32U599VJT6Q, STM32U599ZIT6Q, STM32U599ZIY6QTR, STM32U599ZJT6Q, STM32U599ZJY6QTR, STM32U5A5AJH6, STM32U5A5AJH6Q, STM32U5A5QJI6, STM32U5A5QJI6Q, STM32U5A5RJT6, STM32U5A5RJT6Q, STM32U5A5VJT6, STM32U5A5VJT6Q, STM32U5A5ZJT6, STM32U5A5ZJT6Q, STM32U5A5ZJY6QTR, STM32U5A9BJY6QTR, STM32U5A9J-DK, STM32U5A9NJH6Q, STM32U5A9VJT6Q, STM32U5A9ZJT6Q, STM32U5A9ZJY6QTR, STM32U5F7VIT6, STM32U5F7VIT6Q, STM32U5F7VJT6, STM32U5F7VJT6Q, STM32U5F9BJY6QTR, STM32U5F9NJH6Q, STM32U5F9VIT6Q, STM32U5F9VJT6Q, STM32U5F9ZIJ6QTR, STM32U5F9ZIT6Q, STM32U5F9ZJJ6QTR, STM32U5F9ZJT6Q, STM32U5G7VJT6, STM32U5G7VJT6Q, STM32U5G9BJY6QTR, STM32U5G9J-DK1, STM32U5G9J-DK2, STM32U5G9NJH6Q, STM32U5G9VJT6Q, STM32U5G9ZJJ6QTR, STM32U5G9ZJT6Q, STM32WB1MMCH6, STM32WBA52CEU6, STM32WBA52CEU6T, STM32WBA52CGU6, STM32WBA52CGU6T, STM32WBA52KEU6, STM32WBA52KEU6T, STM32WBA52KGU6, STM32WBA52KGU6T, STM32WL5MOCH6, STM32WL5MOCH6TR]
2023-10-03 20:03:44,327 [INFO] BoardInfo:880 - No configuration file found for board P-NUCLEO-WB55
2023-10-03 20:03:44,328 [INFO] DbBoards:157 - Kit is not supported: P-NUCLEO-WB55
2023-10-03 20:03:44,331 [INFO] BoardInfo:880 - No configuration file found for board STEVAL-BFA001V1B
2023-10-03 20:03:44,331 [INFO] DbBoards:157 - Kit is not supported: STEVAL-BFA001V1B
2023-10-03 20:03:44,331 [INFO] BoardInfo:880 - No configuration file found for board STEVAL-BFA001V2B
2023-10-03 20:03:44,331 [INFO] DbBoards:157 - Kit is not supported: STEVAL-BFA001V2B
2023-10-03 20:03:44,409 [INFO] DbBoards:161 - Found 190 boards, 187 are supported
2023-10-03 20:03:44,411 [INFO] ApiDb:414 - User favorites file not found: C:\Users\metti/.stm32cubeide/favorites.boards.txt
2023-10-03 20:03:44,411 [INFO] DbBoards:190 - Set 0 / 0 favorites Boards
2023-10-03 20:03:44,413 [INFO] ApiDb:668 - CubeFinder database Data Model version=2.1
2023-10-03 20:03:44,413 [INFO] ApiDb:669 - CubeFinder database Configuration version=3.0.37
2023-10-03 20:03:44,413 [INFO] ApiDb:670 - CubeFinder database generation date=2023-08-09 (1691586011)
2023-10-03 20:03:44,414 [INFO] ApiDb:671 - CubeFinder database FW Pack versions=[FP-ATR-ASTRA1_V2.0.0, FP-SNS-FLIGHT1_V5.0.1, FP-SNS-FLIGHT1_V5.0.2, FP-SNS-MOTENV1_V4.3.1, FP-SNS-MOTENV1_V4.3.2, STM32Cube_FW_C0_V1.1.0, STM32Cube_FW_F4_V1.27.1, STM32Cube_FW_F7_V1.17.0, STM32Cube_FW_G0_V1.6.1, STM32Cube_FW_G4_V1.5.1, STM32Cube_FW_H5_V0.5.1, STM32Cube_FW_H5_V1.1.0, STM32Cube_FW_H7_V1.11.0, STM32Cube_FW_L0_V1.12.2, STM32Cube_FW_L5_V1.5.0, STM32Cube_FW_U5_V1.3.0, STM32Cube_FW_U5_V1.3.0RC4, STM32Cube_FW_WBA_V1.0.0RC1, STM32Cube_FW_WBA_V1.1.0, STM32Cube_FW_WBA_V1.1.0RC1, STM32Cube_FW_WB_V1.15.0RC1, STM32Cube_FW_WB_V1.16.0, STM32Cube_FW_WB_V1.16.0RC2, STM32Cube_FW_WB_V1.17.0, STM32Cube_FW_WL_V1.3.0, X-CUBE-ALGOBUILD_V1.3.0, X-CUBE-ALS_V1.0.1, X-CUBE-AZRTOS-F4_V1.1.0, X-CUBE-AZRTOS-F7_V1.1.0, X-CUBE-AZRTOS-G0_V1.1.0, X-CUBE-AZRTOS-G4_V2.0.0, X-CUBE-AZRTOS-H7_V3.1.0, X-CUBE-AZRTOS-L4_V1.0.0, X-CUBE-AZRTOS-L4_V2.0.0, X-CUBE-AZRTOS-L5_V1.1.0, X-CUBE-AZRTOS-WB_V1.1.0, X-CUBE-AZRTOS-WL_V2.0.0, X-CUBE-BLE1_V7.0.0, X-CUBE-BLE2_V3.3.0, X-CUBE-BLEMGR_V2.0.0, X-CUBE-EEPRMA1_V4.1.0, X-CUBE-FREERTOS_V1.1.0, X-CUBE-GNSS1_V6.0.0, X-CUBE-MEMS1_V9.1.0, X-CUBE-MEMS1_V9.4.0, X-CUBE-MEMS1_V9.6.0, X-CUBE-NFC4_V3.0.0, X-CUBE-NFC7_V1.0.0, X-CUBE-SFXS2LP1_V4.0.0, X-CUBE-SUBG2_V5.0.0, X-CUBE-TOF1_V3.3.1]
2023-10-03 20:03:45,250 [INFO] DbExamplesSqlite:395 - Ignored 27 examples not supported by CubeIDE
2023-10-03 20:03:45,250 [INFO] DbExamplesSqlite:396 - Found 7231 examples active
2023-10-03 20:03:45,250 [INFO] DbExamplesSqlite:397 - Found 677 examples obsolete
2023-10-03 20:03:45,250 [INFO] DbExamplesSqlite:398 - Found 0 examples under development
2023-10-03 20:03:45,250 [INFO] DbExamplesSqlite:399 - Found 74 examples not building
2023-10-03 20:03:45,251 [INFO] DbExamples:125 - Found 7278 examples
2023-10-03 20:03:45,262 [INFO] DbExamples:222 - Found 92 boards with related examples
2023-10-03 20:03:45,263 [INFO] DbExamples:235 - Found 78 MCUs with related examples
2023-10-03 20:03:45,279 [INFO] ApiDb:414 - User favorites file not found: C:\Users\metti/.stm32cubeide/favorites.examples.txt
2023-10-03 20:03:45,279 [INFO] DbExamples:250 - Set 0 / 0 favorites Examples
2023-10-03 20:03:45,445 [INFO] McuFinderGlobals:76 - Set McuFinderConnectedMode to true
2023-10-03 20:03:45,456 [INFO] MultiScanPanel:200 - Auto-refresh data requested => check proxy status ongoing
2023-10-03 20:03:45,459 [INFO] FinderPluginLoader:95 - Searching for filters in installed packs
2023-10-03 20:03:46,673 [INFO] LoadUrlFilesThread:185 - End of LoadServerUrlFiles without Thread
2023-10-03 20:03:46,693 [INFO] DetailPanel:341 - Set advertising image to C:/Users/metti/STM32Cube/Repository/\en.prom-stm32h5-mcu-finder.jpg
2023-10-03 20:05:06,100 [INFO] MainUpdater:2868 - connection check result : 10
2023-10-03 20:05:06,100 [INFO] MainUpdater:2868 - connection check result : 10
2023-10-03 20:05:06,121 [INFO] MicroXplorer:468 - Change Database Path : 
2023-10-03 20:05:06,121 [INFO] MicroXplorer:498 - Change Database Version : DB.6.0.92
2023-10-03 20:05:06,125 [WARN] ThirdParty:871 - waiting for thirdparty lock release [close project]
2023-10-03 20:05:06,125 [INFO] ThirdParty:873 - entering critical section [close project]
2023-10-03 20:05:06,125 [INFO] ThirdParty:883 - exiting critical section [close project]
2023-10-03 20:05:06,130 [INFO] PinOutPanel:1499 - setPackage(No Configuration,No Configuration)
2023-10-03 20:05:06,137 [INFO] UtilMem:75 - Begin LoadConfig() Used Memory: 631646752 Bytes (979369984)
2023-10-03 20:05:06,138 [INFO] MicroXplorer:468 - Change Database Path : 
2023-10-03 20:05:06,138 [INFO] MicroXplorer:498 - Change Database Version : DB.6.0.92
2023-10-03 20:05:06,138 [INFO] OpenFileManager:308 - Change cursor
2023-10-03 20:05:06,166 [WARN] IntegrityCheckThread:84 - waiting for thirdparty lock release [integrity check]
2023-10-03 20:05:06,166 [INFO] IntegrityCheckThread:86 - entering critical section [integrity check]
2023-10-03 20:05:06,296 [WARN] PackLoader:240 - Cannot read IP mode file for STMicroelectronics.X-CUBE-SMBUS.2.1.0
2023-10-03 20:05:06,312 [WARN] PackLoader:240 - Cannot read IP mode file for STMicroelectronics.X-CUBE-AZRTOS-F7.1.1.0
2023-10-03 20:05:06,318 [WARN] PackLoader:240 - Cannot read IP mode file for STMicroelectronics.FP-SNS-MOTENV1.4.3.2
2023-10-03 20:05:06,324 [WARN] PackLoader:240 - Cannot read IP mode file for STMicroelectronics.FP-SNS-FLIGHT1.5.0.2
2023-10-03 20:05:06,329 [WARN] PackLoader:240 - Cannot read IP mode file for STMicroelectronics.X-CUBE-DISPLAY.3.0.0
2023-10-03 20:05:06,337 [WARN] PackLoader:240 - Cannot read IP mode file for STMicroelectronics.X-CUBE-BLE1.7.0.0
2023-10-03 20:05:06,345 [WARN] PackLoader:240 - Cannot read IP mode file for emotas.I-CUBE-CANOPEN.1.3.0
2023-10-03 20:05:06,348 [WARN] PackLoader:240 - Cannot read IP mode file for STMicroelectronics.X-CUBE-TOUCHGFX.4.22.1
2023-10-03 20:05:06,351 [WARN] PackLoader:240 - Cannot read IP mode file for STMicroelectronics.FP-SNS-SMARTAG2.1.2.0
2023-10-03 20:05:06,359 [INFO] LogOutputStream:77 - [STDOUT_REDIRECT] 1 : Invalid condition id : UX_CORESTACK_Condition cause : null
2023-10-03 20:05:06,361 [INFO] LogOutputStream:77 - [STDOUT_REDIRECT] 1 : Invalid condition id : UX_CORESTACK_Condition cause : null
2023-10-03 20:05:06,362 [INFO] LogOutputStream:77 - [STDOUT_REDIRECT] 1 : Invalid condition id : UX_CORESTACK_Condition cause : null
2023-10-03 20:05:06,363 [INFO] LogOutputStream:77 - [STDOUT_REDIRECT] 1 : Invalid condition id : UX_CORESTACK_Condition cause : null
2023-10-03 20:05:06,365 [INFO] LogOutputStream:77 - [STDOUT_REDIRECT] 1 : Invalid condition id : UX_CORESTACK_Condition cause : null
2023-10-03 20:05:06,367 [WARN] PackLoader:240 - Cannot read IP mode file for STMicroelectronics.X-CUBE-AZRTOS-WL.2.0.0
2023-10-03 20:05:06,375 [WARN] PackLoader:240 - Cannot read IP mode file for WES.I-CUBE-Cesium.1.3.0
2023-10-03 20:05:06,379 [WARN] PackLoader:240 - Cannot read IP mode file for STMicroelectronics.X-CUBE-BLE2.3.3.0
2023-10-03 20:05:06,386 [WARN] PackLoader:240 - Cannot read IP mode file for STMicroelectronics.X-CUBE-ALGOBUILD.1.3.0
2023-10-03 20:05:06,397 [WARN] PackLoader:240 - Cannot read IP mode file for STMicroelectronics.X-CUBE-AZRTOS-G0.1.1.0
2023-10-03 20:05:06,404 [WARN] PackLoader:240 - Cannot read IP mode file for STMicroelectronics.X-CUBE-NFC4.3.0.0
2023-10-03 20:05:06,410 [WARN] PackLoader:240 - Cannot read IP mode file for STMicroelectronics.FP-ATR-SIGFOX1.3.2.0
2023-10-03 20:05:06,434 [WARN] PackLoader:240 - Cannot read IP mode file for SEGGER.I-CUBE-embOS.1.3.1
2023-10-03 20:05:06,458 [WARN] PackLoader:240 - Cannot read IP mode file for STMicroelectronics.X-CUBE-GNSS1.6.0.0
2023-10-03 20:05:06,469 [WARN] PackLoader:240 - Cannot read IP mode file for STMicroelectronics.X-CUBE-AZRTOS-F4.1.1.0
2023-10-03 20:05:06,475 [WARN] PackLoader:240 - Cannot read IP mode file for wolfSSL.I-CUBE-wolfSSL.5.6.3
2023-10-03 20:05:06,485 [WARN] PackLoader:240 - Cannot read IP mode file for STMicroelectronics.X-CUBE-AZRTOS-L5.2.0.0
2023-10-03 20:05:06,527 [WARN] PackLoader:240 - Cannot read IP mode file for STMicroelectronics.X-CUBE-MEMS1.9.6.0
2023-10-03 20:05:06,635 [WARN] PackLoader:240 - Cannot read IP mode file for ITTIA_DB.I-CUBE-ITTIADB.8.8.0
2023-10-03 20:05:06,641 [WARN] PackLoader:240 - Cannot read IP mode file for STMicroelectronics.X-CUBE-BLEMGR.2.0.0
2023-10-03 20:05:06,652 [WARN] ConditionMgr:438 - getConditionDescription Invalid condition id : UX DEVICE CLASS RTOS Condition cause : null
2023-10-03 20:05:06,653 [WARN] ConditionMgr:438 - getConditionDescription Invalid condition id : UX DEVICE CLASS RTOS Condition cause : null
2023-10-03 20:05:06,655 [WARN] PackLoader:240 - Cannot read IP mode file for STMicroelectronics.X-CUBE-AZRTOS-H7.3.1.0
2023-10-03 20:05:06,656 [WARN] ConditionMgr:1039 - genDependencies : Invalid condition id : UX DEVICE CLASS RTOS Condition cause : null
2023-10-03 20:05:06,656 [WARN] ConditionMgr:1039 - genDependencies : Invalid condition id : UX DEVICE CLASS RTOS Condition cause : null
2023-10-03 20:05:06,657 [WARN] ConditionMgr:1039 - genDependencies : Invalid condition id : UX DEVICE CLASS RTOS Condition cause : null
2023-10-03 20:05:06,657 [WARN] ConditionMgr:1039 - genDependencies : Invalid condition id : UX DEVICE CLASS RTOS Condition cause : null
2023-10-03 20:05:06,657 [WARN] ConditionMgr:1039 - genDependencies : Invalid condition id : UX DEVICE CLASS RTOS Condition cause : null
2023-10-03 20:05:06,663 [WARN] PackLoader:240 - Cannot read IP mode file for STMicroelectronics.X-CUBE-NFC7.1.0.1
2023-10-03 20:05:06,669 [WARN] PackLoader:240 - Cannot read IP mode file for STMicroelectronics.X-CUBE-NFC6.3.0.0
2023-10-03 20:05:06,674 [WARN] PackLoader:240 - Cannot read IP mode file for STMicroelectronics.X-CUBE-EEPRMA1.4.1.0
2023-10-03 20:05:06,677 [WARN] PackLoader:240 - Cannot read IP mode file for STMicroelectronics.X-CUBE-AI.8.1.0
2023-10-03 20:05:06,693 [WARN] ConditionMgr:438 - getConditionDescription Invalid condition id : LAN8742 Phy interface Condition cause : null
2023-10-03 20:05:06,694 [WARN] PackLoader:240 - Cannot read IP mode file for STMicroelectronics.X-CUBE-AZRTOS-L4.2.0.0
2023-10-03 20:05:06,694 [WARN] ConditionMgr:1039 - genDependencies : Invalid condition id : LAN8742 Phy interface Condition cause : null
2023-10-03 20:05:06,695 [WARN] ConditionMgr:1039 - genDependencies : Invalid condition id : LAN8742 Phy interface Condition cause : null
2023-10-03 20:05:06,695 [WARN] ConditionMgr:1039 - genDependencies : Invalid condition id : LAN8742 Phy interface Condition cause : null
2023-10-03 20:05:06,700 [WARN] PackLoader:240 - Cannot read IP mode file for STMicroelectronics.X-CUBE-SFXS2LP1.4.0.0
2023-10-03 20:05:06,705 [WARN] PackLoader:240 - Cannot read IP mode file for STMicroelectronics.X-CUBE-ISPU.1.1.0
2023-10-03 20:05:06,714 [WARN] ConditionMgr:438 - getConditionDescription Invalid condition id : UX DEVICE CLASS RTOS Condition cause : null
2023-10-03 20:05:06,714 [WARN] ConditionMgr:438 - getConditionDescription Invalid condition id : UX DEVICE CLASS RTOS Condition cause : null
2023-10-03 20:05:06,715 [WARN] PackLoader:240 - Cannot read IP mode file for STMicroelectronics.X-CUBE-AZRTOS-WB.2.0.0
2023-10-03 20:05:06,716 [WARN] ConditionMgr:1039 - genDependencies : Invalid condition id : UX DEVICE CLASS RTOS Condition cause : null
2023-10-03 20:05:06,716 [WARN] ConditionMgr:1039 - genDependencies : Invalid condition id : UX DEVICE CLASS RTOS Condition cause : null
2023-10-03 20:05:06,717 [WARN] ConditionMgr:1039 - genDependencies : Invalid condition id : UX DEVICE CLASS RTOS Condition cause : null
2023-10-03 20:05:06,717 [WARN] ConditionMgr:1039 - genDependencies : Invalid condition id : UX DEVICE CLASS RTOS Condition cause : null
2023-10-03 20:05:06,717 [WARN] ConditionMgr:1039 - genDependencies : Invalid condition id : UX DEVICE CLASS RTOS Condition cause : null
2023-10-03 20:05:06,725 [WARN] PackLoader:240 - Cannot read IP mode file for STMicroelectronics.X-CUBE-SUBG2.5.0.0
2023-10-03 20:05:06,737 [WARN] PackLoader:240 - Cannot read IP mode file for STMicroelectronics.X-CUBE-TOF1.3.3.1
2023-10-03 20:05:06,752 [WARN] PackLoader:240 - Cannot read IP mode file for STMicroelectronics.X-CUBE-AZRTOS-G4.2.0.0
2023-10-03 20:05:06,757 [WARN] PackLoader:240 - Cannot read IP mode file for STMicroelectronics.X-CUBE-FREERTOS.1.1.0
2023-10-03 20:05:06,760 [WARN] PackLoader:240 - Cannot read IP mode file for portGmbH.I-Cube-SoM-uGOAL.1.1.0
2023-10-03 20:05:06,764 [WARN] PackLoader:240 - Cannot read IP mode file for STMicroelectronics.X-CUBE-ALS.1.0.1
2023-10-03 20:05:06,768 [WARN] PackLoader:240 - Cannot read IP mode file for STMicroelectronics.FP-ATR-ASTRA1.2.0.0
2023-10-03 20:05:06,768 [INFO] ThirdParty:978 - Integrity check success = true
2023-10-03 20:05:06,768 [INFO] IntegrityCheckThread:100 - exiting critical section [integrity check]
2023-10-03 20:05:06,768 [INFO] IntegrityCheckThread:103 - End integrity checks thread
2023-10-03 20:05:06,800 [INFO] Mcu:1946 - Initializing MCU STM32F407VGTx STM32F407VGTx STM32F407VGT6
2023-10-03 20:05:08,948 [INFO] Context:659 - Trying to add GPIOservice into a context  which must be forbidden
2023-10-03 20:05:09,484 [INFO] ImportTextPane:194 - (OptionalMessage_ERROR) Unable to find key (Mcu.ThirdPartyNb) in loaded IOC file
2023-10-03 20:05:09,484 [INFO] ImportTextPane:194 - (OptionalMessage_ERROR) Unable to find key (Mcu.PinsNb) in loaded IOC file
2023-10-03 20:05:09,484 [INFO] ImportTextPane:194 - (OptionalMessage_ERROR) Unable to find key (Mcu.IPNb) in loaded IOC file
2023-10-03 20:05:09,708 [INFO] RtosManager:555 - Registered RTOS mode: class=CMSIS, group=RTOS, mode=CMSIS_V1, owner=FREERTOS
2023-10-03 20:05:09,708 [INFO] RtosManager:555 - Registered RTOS mode: class=CMSIS, group=RTOS2, mode=CMSIS_V2, owner=FREERTOS
2023-10-03 20:05:09,708 [INFO] RtosManager:555 - Registered RTOS mode: class=RTOS, group=Core, mode=CMSIS_V1, owner=FREERTOS
2023-10-03 20:05:09,709 [INFO] RtosManager:555 - Registered RTOS mode: class=RTOS, group=Core, mode=CMSIS_V2, owner=FREERTOS
2023-10-03 20:05:09,709 [WARN] ModelIntegratedComponent:184 - Missing modes for component STMicroelectronics:FreeRTOS:0.0.1:STMicroelectronics:RTOS:FreeRTOS:Core:::10.2.0:
2023-10-03 20:05:09,724 [WARN] ModelIntegratedComponent:63 - No mode defined for component null
2023-10-03 20:05:09,725 [WARN] ModelIntegratedComponent:63 - No mode defined for component null
2023-10-03 20:05:09,725 [WARN] ModelIntegratedComponent:63 - No mode defined for component null
2023-10-03 20:05:09,725 [WARN] ModelIntegratedComponent:63 - No mode defined for component null
2023-10-03 20:05:09,725 [WARN] ModelIntegratedComponent:63 - No mode defined for component null
2023-10-03 20:05:09,725 [WARN] ModelIntegratedComponent:63 - No mode defined for component null
2023-10-03 20:05:09,725 [WARN] ModelIntegratedComponent:63 - No mode defined for component null
2023-10-03 20:05:09,725 [WARN] ModelIntegratedComponent:63 - No mode defined for component null
2023-10-03 20:05:09,725 [WARN] ModelIntegratedComponent:63 - No mode defined for component null
2023-10-03 20:05:09,725 [WARN] ModelIntegratedComponent:63 - No mode defined for component null
2023-10-03 20:05:09,725 [WARN] ModelIntegratedComponent:63 - No mode defined for component null
2023-10-03 20:05:09,725 [WARN] ModelIntegratedComponent:63 - No mode defined for component null
2023-10-03 20:05:09,725 [WARN] ModelIntegratedComponent:63 - No mode defined for component null
2023-10-03 20:05:09,725 [WARN] ModelIntegratedComponent:63 - No mode defined for component null
2023-10-03 20:05:09,725 [WARN] ModelIntegratedComponent:63 - No mode defined for component null
2023-10-03 20:05:09,725 [WARN] ModelIntegratedComponent:63 - No mode defined for component null
2023-10-03 20:05:09,725 [WARN] ModelIntegratedComponent:63 - No mode defined for component null
2023-10-03 20:05:09,726 [WARN] ModelIntegratedComponent:63 - No mode defined for component null
2023-10-03 20:05:09,726 [WARN] ModelIntegratedComponent:63 - No mode defined for component null
2023-10-03 20:05:09,726 [WARN] ModelIntegratedComponent:63 - No mode defined for component null
2023-10-03 20:05:09,726 [WARN] ModelIntegratedComponent:63 - No mode defined for component null
2023-10-03 20:05:09,726 [WARN] ModelIntegratedComponent:63 - No mode defined for component null
2023-10-03 20:05:09,726 [WARN] ModelIntegratedComponent:63 - No mode defined for component null
2023-10-03 20:05:09,726 [WARN] ModelIntegratedComponent:63 - No mode defined for component null
2023-10-03 20:05:09,726 [WARN] ModelIntegratedComponent:63 - No mode defined for component null
2023-10-03 20:05:09,726 [WARN] ModelIntegratedComponent:63 - No mode defined for component null
2023-10-03 20:05:09,726 [WARN] ModelIntegratedComponent:63 - No mode defined for component null
2023-10-03 20:05:09,726 [WARN] ModelIntegratedComponent:63 - No mode defined for component null
2023-10-03 20:05:09,726 [WARN] ModelIntegratedComponent:63 - No mode defined for component null
2023-10-03 20:05:09,726 [WARN] ModelIntegratedComponent:63 - No mode defined for component null
2023-10-03 20:05:09,726 [WARN] ModelIntegratedComponent:63 - No mode defined for component null
2023-10-03 20:05:09,726 [WARN] ModelIntegratedComponent:63 - No mode defined for component null
2023-10-03 20:05:09,726 [WARN] ModelIntegratedComponent:63 - No mode defined for component null
2023-10-03 20:05:09,746 [INFO] ThirdPartyModel:298 - Start build external matchings
2023-10-03 20:05:10,090 [INFO] ThirdPartyModel:316 - End build external matchings
2023-10-03 20:05:10,587 [INFO] UtilMem:75 - End LoadConfig() Used Memory: 745740952 Bytes (1073741824)
2023-10-03 20:05:10,618 [WARN] ThirdParty:833 - waiting for thirdparty lock release [change project]
2023-10-03 20:05:10,618 [INFO] ThirdParty:835 - entering critical section [change project]
2023-10-03 20:05:10,618 [INFO] ThirdParty:1030 - CMSIS Pack Vendor :STMicroelectronics X-CUBE-ISPU 1.1.0
2023-10-03 20:05:10,618 [INFO] ThirdParty:1030 - CMSIS Pack Vendor :STMicroelectronics USBPD 4.1
2023-10-03 20:05:10,619 [INFO] ThirdParty:1030 - CMSIS Pack Vendor :STMicroelectronics X-CUBE-GNSS1 6.0.0
2023-10-03 20:05:10,619 [INFO] ThirdParty:1030 - CMSIS Pack Vendor :STMicroelectronics USB_HOST 2.0.0
2023-10-03 20:05:10,619 [INFO] ThirdParty:1030 - CMSIS Pack Vendor :STMicroelectronics X-CUBE-AZRTOS-F4 1.1.0
2023-10-03 20:05:10,619 [INFO] ThirdParty:1030 - CMSIS Pack Vendor :STMicroelectronics LIBJPEG 8.0.0
2023-10-03 20:05:10,619 [INFO] ThirdParty:1030 - CMSIS Pack Vendor :wolfSSL I-CUBE-wolfSSL 5.6.3
2023-10-03 20:05:10,619 [INFO] ThirdParty:1030 - CMSIS Pack Vendor :STMicroelectronics X-CUBE-SMBUS 2.1.0
2023-10-03 20:05:10,619 [INFO] ThirdParty:1030 - CMSIS Pack Vendor :STMicroelectronics USB_DEVICE 3.0.0
2023-10-03 20:05:10,619 [INFO] ThirdParty:1030 - CMSIS Pack Vendor :STMicroelectronics X-CUBE-AZRTOS-WB 2.0.0
2023-10-03 20:05:10,619 [INFO] ThirdParty:1030 - CMSIS Pack Vendor :STMicroelectronics X-CUBE-AZRTOS-F7 1.1.0
2023-10-03 20:05:10,619 [INFO] ThirdParty:1030 - CMSIS Pack Vendor :STMicroelectronics X-CUBE-AZRTOS-L5 2.0.0
2023-10-03 20:05:10,619 [INFO] ThirdParty:1030 - CMSIS Pack Vendor :STMicroelectronics USB_DEVICE 2.0.0
2023-10-03 20:05:10,619 [INFO] ThirdParty:1030 - CMSIS Pack Vendor :STMicroelectronics X-CUBE-MEMS1 9.6.0
2023-10-03 20:05:10,619 [INFO] ThirdParty:1030 - CMSIS Pack Vendor :ITTIA_DB I-CUBE-ITTIADB 8.8.0
2023-10-03 20:05:10,619 [INFO] ThirdParty:1030 - CMSIS Pack Vendor :STMicroelectronics FP-SNS-MOTENV1 4.3.2
2023-10-03 20:05:10,619 [INFO] ThirdParty:1030 - CMSIS Pack Vendor :STMicroelectronics X-CUBE-ALGOBUILD 1.3.0
2023-10-03 20:05:10,619 [INFO] ThirdParty:1030 - CMSIS Pack Vendor :STMicroelectronics FreeRTOS 0.0.1
2023-10-03 20:05:10,619 [INFO] ThirdParty:1030 - CMSIS Pack Vendor :STMicroelectronics X-CUBE-AZRTOS-G0 1.1.0
2023-10-03 20:05:10,619 [INFO] ThirdParty:1030 - CMSIS Pack Vendor :STMicroelectronics X-CUBE-BLEMGR 2.0.0
2023-10-03 20:05:10,619 [INFO] ThirdParty:1030 - CMSIS Pack Vendor :STMicroelectronics X-CUBE-NFC4 3.0.0
2023-10-03 20:05:10,619 [INFO] ThirdParty:1030 - CMSIS Pack Vendor :STMicroelectronics X-CUBE-SUBG2 5.0.0
2023-10-03 20:05:10,620 [INFO] ThirdParty:1030 - CMSIS Pack Vendor :STMicroelectronics STM32_WPAN 1.0.0
2023-10-03 20:05:10,620 [INFO] ThirdParty:1030 - CMSIS Pack Vendor :STMicroelectronics lwIP 2.0.3
2023-10-03 20:05:10,620 [INFO] ThirdParty:1030 - CMSIS Pack Vendor :STMicroelectronics FP-SNS-FLIGHT1 5.0.2
2023-10-03 20:05:10,620 [INFO] ThirdParty:1030 - CMSIS Pack Vendor :STMicroelectronics USB_HOST 1.0.0
2023-10-03 20:05:10,620 [INFO] ThirdParty:1030 - CMSIS Pack Vendor :STMicroelectronics X-CUBE-TOF1 3.3.1
2023-10-03 20:05:10,620 [INFO] ThirdParty:1030 - CMSIS Pack Vendor :STMicroelectronics X-CUBE-AZRTOS-G4 2.0.0
2023-10-03 20:05:10,620 [INFO] ThirdParty:1030 - CMSIS Pack Vendor :STMicroelectronics PDM2PCM 3.1.0
2023-10-03 20:05:10,620 [INFO] ThirdParty:1030 - CMSIS Pack Vendor :STMicroelectronics X-CUBE-AZRTOS-H7 3.1.0
2023-10-03 20:05:10,620 [INFO] ThirdParty:1030 - CMSIS Pack Vendor :STMicroelectronics PDM2PCM 3.3.0
2023-10-03 20:05:10,620 [INFO] ThirdParty:1030 - CMSIS Pack Vendor :STMicroelectronics X-CUBE-DISPLAY 3.0.0
2023-10-03 20:05:10,620 [INFO] ThirdParty:1030 - CMSIS Pack Vendor :STMicroelectronics X-CUBE-BLE1 7.0.0
2023-10-03 20:05:10,620 [INFO] ThirdParty:1030 - CMSIS Pack Vendor :STMicroelectronics FP-ATR-SIGFOX1 3.2.0
2023-10-03 20:05:10,620 [INFO] ThirdParty:1030 - CMSIS Pack Vendor :STMicroelectronics HAL Drivers 0.0.0
2023-10-03 20:05:10,620 [INFO] ThirdParty:1030 - CMSIS Pack Vendor :STMicroelectronics MBEDTLS 2.16.2
2023-10-03 20:05:10,620 [INFO] ThirdParty:1030 - CMSIS Pack Vendor :emotas I-CUBE-CANOPEN 1.3.0
2023-10-03 20:05:10,620 [INFO] ThirdParty:1030 - CMSIS Pack Vendor :STMicroelectronics X-CUBE-FREERTOS 1.1.0
2023-10-03 20:05:10,620 [INFO] ThirdParty:1030 - CMSIS Pack Vendor :STMicroelectronics X-CUBE-NFC7 1.0.1
2023-10-03 20:05:10,620 [INFO] ThirdParty:1030 - CMSIS Pack Vendor :STMicroelectronics MBEDTLS 2.14.1
2023-10-03 20:05:10,621 [INFO] ThirdParty:1030 - CMSIS Pack Vendor :STMicroelectronics X-CUBE-TOUCHGFX 4.22.1
2023-10-03 20:05:10,621 [INFO] ThirdParty:1030 - CMSIS Pack Vendor :STMicroelectronics X-CUBE-NFC6 3.0.0
2023-10-03 20:05:10,621 [INFO] ThirdParty:1030 - CMSIS Pack Vendor :STMicroelectronics X-CUBE-EEPRMA1 4.1.0
2023-10-03 20:05:10,621 [INFO] ThirdParty:1030 - CMSIS Pack Vendor :portGmbH I-Cube-SoM-uGOAL 1.1.0
2023-10-03 20:05:10,621 [INFO] ThirdParty:1030 - CMSIS Pack Vendor :STMicroelectronics X-CUBE-ALS 1.0.1
2023-10-03 20:05:10,621 [INFO] ThirdParty:1030 - CMSIS Pack Vendor :STMicroelectronics ThreadX 1.0.0
2023-10-03 20:05:10,621 [INFO] ThirdParty:1030 - CMSIS Pack Vendor :STMicroelectronics FP-SNS-SMARTAG2 1.2.0
2023-10-03 20:05:10,621 [INFO] ThirdParty:1030 - CMSIS Pack Vendor :STMicroelectronics X-CUBE-AZRTOS-WL 2.0.0
2023-10-03 20:05:10,621 [INFO] ThirdParty:1030 - CMSIS Pack Vendor :SEGGER I-CUBE-embOS 1.3.1
2023-10-03 20:05:10,621 [INFO] ThirdParty:1030 - CMSIS Pack Vendor :STMicroelectronics USB_DEVICE 1.0.0
2023-10-03 20:05:10,621 [INFO] ThirdParty:1030 - CMSIS Pack Vendor :STMicroelectronics X-CUBE-AI 8.1.0
2023-10-03 20:05:10,621 [INFO] ThirdParty:1030 - CMSIS Pack Vendor :STMicroelectronics X-CUBE-AZRTOS-L4 2.0.0
2023-10-03 20:05:10,621 [INFO] ThirdParty:1030 - CMSIS Pack Vendor :STMicroelectronics ThreadX 0.0.2
2023-10-03 20:05:10,621 [INFO] ThirdParty:1030 - CMSIS Pack Vendor :WES I-CUBE-Cesium 1.3.0
2023-10-03 20:05:10,621 [INFO] ThirdParty:1030 - CMSIS Pack Vendor :STMicroelectronics FP-ATR-ASTRA1 2.0.0
2023-10-03 20:05:10,621 [INFO] ThirdParty:1030 - CMSIS Pack Vendor :STMicroelectronics lwIP 2.1.2
2023-10-03 20:05:10,621 [INFO] ThirdParty:1030 - CMSIS Pack Vendor :STMicroelectronics X-CUBE-SFXS2LP1 4.0.0
2023-10-03 20:05:10,622 [INFO] ThirdParty:1030 - CMSIS Pack Vendor :STMicroelectronics X-CUBE-BLE2 3.3.0
2023-10-03 20:05:10,622 [INFO] ThirdParty:1030 - CMSIS Pack Vendor :STMicroelectronics PDM2PCM 3.2.0
2023-10-03 20:05:10,622 [INFO] ThirdParty:841 - exiting critical section [change project]
2023-10-03 20:05:11,056 [INFO] PinOutPanel:1499 - setPackage(No Configuration,No Configuration)
2023-10-03 20:05:11,058 [INFO] PinOutPanel:1499 - setPackage(STM32F407VGTx,LQFP100)
2023-10-03 20:05:11,830 [INFO] UtilMem:75 - Before build in PCC Used Memory: 518461632 Bytes (1073741824)
2023-10-03 20:05:13,051 [INFO] UtilMem:75 - After build in PCC Used Memory: 584521920 Bytes (1073741824)
2023-10-03 20:05:13,093 [INFO] IPUIPlugin:80 - create IPUIPlugin
2023-10-03 20:05:13,093 [INFO] IPUIPlugin:80 - create IPUIPlugin
2023-10-03 20:05:13,093 [INFO] IPUIPlugin:80 - create IPUIPlugin
2023-10-03 20:05:13,093 [INFO] IPUIPlugin:80 - create IPUIPlugin
2023-10-03 20:05:13,093 [INFO] IPUIPlugin:80 - create IPUIPlugin
2023-10-03 20:05:13,093 [INFO] IPUIPlugin:80 - create IPUIPlugin
2023-10-03 20:05:13,093 [INFO] IPUIPlugin:80 - create IPUIPlugin
2023-10-03 20:05:13,093 [INFO] IPUIPlugin:80 - create IPUIPlugin
2023-10-03 20:05:13,094 [INFO] IPUIPlugin:80 - create IPUIPlugin
2023-10-03 20:05:13,094 [INFO] IPUIPlugin:80 - create IPUIPlugin
2023-10-03 20:05:13,094 [INFO] IPUIPlugin:80 - create IPUIPlugin
2023-10-03 20:05:13,094 [INFO] IPUIPlugin:80 - create IPUIPlugin
2023-10-03 20:05:13,094 [INFO] IPUIPlugin:80 - create IPUIPlugin
2023-10-03 20:05:13,094 [INFO] IPUIPlugin:80 - create IPUIPlugin
2023-10-03 20:05:13,094 [INFO] IPUIPlugin:80 - create IPUIPlugin
2023-10-03 20:05:13,094 [INFO] IPUIPlugin:80 - create IPUIPlugin
2023-10-03 20:05:13,095 [INFO] IPUIPlugin:80 - create IPUIPlugin
2023-10-03 20:05:13,095 [INFO] IPUIPlugin:80 - create IPUIPlugin
2023-10-03 20:05:13,095 [INFO] IPUIPlugin:80 - create IPUIPlugin
2023-10-03 20:05:13,096 [INFO] IPUIPlugin:80 - create IPUIPlugin
2023-10-03 20:05:13,096 [INFO] IPUIPlugin:80 - create IPUIPlugin
2023-10-03 20:05:13,096 [INFO] IPUIPlugin:80 - create IPUIPlugin
2023-10-03 20:05:13,097 [INFO] IPUIPlugin:80 - create IPUIPlugin
2023-10-03 20:05:13,097 [INFO] IPUIPlugin:80 - create IPUIPlugin
2023-10-03 20:05:13,097 [INFO] IPUIPlugin:80 - create IPUIPlugin
2023-10-03 20:05:13,097 [INFO] IPUIPlugin:80 - create IPUIPlugin
2023-10-03 20:05:13,098 [INFO] IPUIPlugin:80 - create IPUIPlugin
2023-10-03 20:05:13,098 [INFO] IPUIPlugin:80 - create IPUIPlugin
2023-10-03 20:05:13,098 [INFO] IPUIPlugin:80 - create IPUIPlugin
2023-10-03 20:05:13,098 [INFO] IPUIPlugin:80 - create IPUIPlugin
2023-10-03 20:05:13,099 [INFO] IPUIPlugin:80 - create IPUIPlugin
2023-10-03 20:05:13,099 [INFO] IPUIPlugin:80 - create IPUIPlugin
2023-10-03 20:05:13,099 [INFO] IPUIPlugin:80 - create IPUIPlugin
2023-10-03 20:05:13,100 [INFO] IPUIPlugin:80 - create IPUIPlugin
2023-10-03 20:05:13,100 [INFO] IPUIPlugin:80 - create IPUIPlugin
2023-10-03 20:05:13,100 [INFO] IPUIPlugin:80 - create IPUIPlugin
2023-10-03 20:05:13,101 [INFO] IPUIPlugin:80 - create IPUIPlugin
2023-10-03 20:05:13,101 [INFO] IPUIPlugin:80 - create IPUIPlugin
2023-10-03 20:05:13,101 [INFO] IPUIPlugin:80 - create IPUIPlugin
2023-10-03 20:05:13,101 [INFO] IPUIPlugin:80 - create IPUIPlugin
2023-10-03 20:05:13,102 [INFO] IPUIPlugin:80 - create IPUIPlugin
2023-10-03 20:05:13,102 [INFO] IPUIPlugin:80 - create IPUIPlugin
2023-10-03 20:05:13,102 [INFO] IPUIPlugin:80 - create IPUIPlugin
2023-10-03 20:05:13,103 [INFO] IPUIPlugin:80 - create IPUIPlugin
2023-10-03 20:05:13,103 [INFO] IPUIPlugin:80 - create IPUIPlugin
2023-10-03 20:05:13,103 [INFO] IPUIPlugin:80 - create IPUIPlugin
2023-10-03 20:05:13,104 [INFO] IPUIPlugin:80 - create IPUIPlugin
2023-10-03 20:05:13,104 [INFO] IPUIPlugin:80 - create IPUIPlugin
2023-10-03 20:05:13,104 [INFO] IPUIPlugin:80 - create IPUIPlugin
2023-10-03 20:05:13,104 [INFO] IPUIPlugin:80 - create IPUIPlugin
2023-10-03 20:05:13,104 [INFO] IPUIPlugin:80 - create IPUIPlugin
2023-10-03 20:05:13,106 [INFO] IPUIPlugin:80 - create IPUIPlugin
2023-10-03 20:05:13,106 [INFO] IPUIPlugin:80 - create IPUIPlugin
2023-10-03 20:05:13,106 [INFO] IPUIPlugin:80 - create IPUIPlugin
2023-10-03 20:05:13,107 [INFO] IPUIPlugin:80 - create IPUIPlugin
2023-10-03 20:05:13,108 [INFO] IPUIPlugin:80 - create IPUIPlugin
2023-10-03 20:05:13,108 [INFO] IPUIPlugin:80 - create IPUIPlugin
2023-10-03 20:05:13,109 [INFO] IPUIPlugin:80 - create IPUIPlugin
2023-10-03 20:05:13,409 [INFO] ApiDbMcu:507 - Load IP Config File for PDM2PCM
2023-10-03 20:05:13,835 [INFO] CADModel:165 - CPN selected for project levelSTM32F407VGT6
2023-10-03 20:05:13,835 [INFO] CADModel:114 - Register for checkConnection events
2023-10-03 20:05:13,901 [INFO] OpenFileManager:328 - Restore cursor
2023-10-03 20:05:16,369 [INFO] UtilMem:75 - End SaveConfig() Used Memory: 707205312 Bytes (1073741824)
2023-10-03 20:05:48,989 [INFO] McuFinderGlobals:76 - Set McuFinderConnectedMode to true
2023-10-03 20:05:48,996 [INFO] ApiDb:448 - Save user favorites file C:\Users\metti/.stm32cubeide/favorites.mcus.txt: 0 item(s)
2023-10-03 20:05:48,997 [INFO] ApiDb:452 - User favorites MCUs=[]
2023-10-03 20:10:32,757 [INFO] UtilMem:75 - End SaveConfig() Used Memory: 484507680 Bytes (1073741824)
2023-10-03 20:11:03,080 [INFO] McuFinderGlobals:63 - Set McuFinder mode to 2 (CubeIDE integrated)
2023-10-03 20:11:03,081 [INFO] UserAuth:179 - activating auth plugin
2023-10-03 20:11:03,083 [INFO] UserAuth:393 - Internet connection configuration mode: 1
2023-10-03 20:14:10,338 [INFO] WebApp:586 - userauth.ini created with success
2023-10-03 20:14:18,657 [INFO] ServerAccessManage:473 - Download File stm32cube_fw_f4_v1270.zip
2023-10-03 20:17:04,985 [INFO] AnalyticsPlugin:368 - Accepted License(s): [FW.F4.1.27.0]
2023-10-03 20:17:04,986 [INFO] FileExtend:240 - Unzip File : stm32cube_fw_f4_v1270.zip
2023-10-03 20:17:04,986 [INFO] FileExtend:255 - Standard Zip Deflate
2023-10-03 20:18:07,533 [INFO] ServerAccessManage:473 - Download File stm32cube_fw_f4_v1271.zip
2023-10-03 20:18:23,913 [INFO] FileExtend:240 - Unzip File : stm32cube_fw_f4_v1271.zip
2023-10-03 20:18:23,913 [INFO] FileExtend:255 - Standard Zip Deflate
2023-10-03 20:18:24,902 [INFO] LoadServerPackagesThread:196 - End of LoadServerPackages Thread
2023-10-03 20:18:25,045 [INFO] ThirdPartyModel:298 - Start build external matchings
2023-10-03 20:18:25,049 [INFO] UtilMem:75 - End SaveConfig() Used Memory: 501341552 Bytes (1073741824)
2023-10-03 20:18:25,517 [INFO] BlockDiagram:2759 - set Specific Code input for plugin: RCC
2023-10-03 20:18:25,517 [INFO] BlockDiagram:2759 - set Specific Code input for plugin: NVIC
2023-10-03 20:18:25,517 [INFO] BlockDiagram:2759 - set Specific Code input for plugin: GPIO
2023-10-03 20:18:25,519 [INFO] CodeGenerator:799 - code generatio: config db path: D:\ST\STM32CubeIDE_1.13.2\STM32CubeIDE\plugins\com.st.stm32cube.common.mx_6.9.2.202309101412\\db\
2023-10-03 20:18:25,578 [INFO] ThirdPartyModel:316 - End build external matchings
2023-10-03 20:18:25,587 [INFO] CheckServerUpdateThread:120 - End of CheckServer Thread
2023-10-03 20:18:25,819 [INFO] CodeEngine:255 - oldGeneratedFile, C:\Users\metti\Documents\GitHub\fhkaernten\DSP\cube\hello_world\MXTmpFiles\license.tmp_save
2023-10-03 20:18:26,207 [INFO] CodeEngine:279 - Generated code: C:\Users\metti\Documents\GitHub\fhkaernten\DSP\cube\hello_world\MXTmpFiles\license.tmp
2023-10-03 20:18:26,271 [INFO] CodeEngine:255 - oldGeneratedFile, C:\Users\metti\Documents\GitHub\fhkaernten\DSP\cube\hello_world\MXTmpFiles\gpio.tmp_save
2023-10-03 20:18:26,432 [INFO] CodeEngine:279 - Generated code: C:\Users\metti\Documents\GitHub\fhkaernten\DSP\cube\hello_world\MXTmpFiles\gpio.tmp
2023-10-03 20:18:26,448 [INFO] CodeEngine:255 - oldGeneratedFile, C:\Users\metti\Documents\GitHub\fhkaernten\DSP\cube\hello_world\Core\Src\stm32f4xx_it.c_save
2023-10-03 20:18:26,617 [INFO] CodeEngine:279 - Generated code: C:\Users\metti\Documents\GitHub\fhkaernten\DSP\cube\hello_world\Core\Src\stm32f4xx_it.c
2023-10-03 20:18:26,622 [INFO] CodeEngine:255 - oldGeneratedFile, C:\Users\metti\Documents\GitHub\fhkaernten\DSP\cube\hello_world\Core\Inc\stm32f4xx_it.h_save
2023-10-03 20:18:26,704 [INFO] CodeEngine:279 - Generated code: C:\Users\metti\Documents\GitHub\fhkaernten\DSP\cube\hello_world\Core\Inc\stm32f4xx_it.h
2023-10-03 20:18:26,743 [INFO] CodeEngine:255 - oldGeneratedFile, C:\Users\metti\Documents\GitHub\fhkaernten\DSP\cube\hello_world\Core\Src\stm32f4xx_hal_msp.c_save
2023-10-03 20:18:26,870 [INFO] CodeEngine:279 - Generated code: C:\Users\metti\Documents\GitHub\fhkaernten\DSP\cube\hello_world\Core\Src\stm32f4xx_hal_msp.c
2023-10-03 20:18:26,875 [INFO] CodeEngine:255 - oldGeneratedFile, C:\Users\metti\Documents\GitHub\fhkaernten\DSP\cube\hello_world\MXTmpFiles\system.tmp_save
2023-10-03 20:18:26,968 [INFO] CodeEngine:279 - Generated code: C:\Users\metti\Documents\GitHub\fhkaernten\DSP\cube\hello_world\MXTmpFiles\system.tmp
2023-10-03 20:18:26,981 [INFO] CodeEngine:311 - oldGeneratedFile, C:\Users\metti\Documents\GitHub\fhkaernten\DSP\cube\hello_world\Core\Inc\stm32f4xx_hal_conf.h_save
2023-10-03 20:18:27,102 [INFO] CodeEngine:335 - Generated code: C:\Users\metti\Documents\GitHub\fhkaernten\DSP\cube\hello_world\Core\Inc\stm32f4xx_hal_conf.h
2023-10-03 20:18:27,190 [INFO] CodeEngine:255 - oldGeneratedFile, C:\Users\metti\Documents\GitHub\fhkaernten\DSP\cube\hello_world\Core\Inc\main.h_save
2023-10-03 20:18:27,334 [INFO] CodeEngine:279 - Generated code: C:\Users\metti\Documents\GitHub\fhkaernten\DSP\cube\hello_world\Core\Inc\main.h
2023-10-03 20:18:27,339 [INFO] CodeEngine:255 - oldGeneratedFile, C:\Users\metti\Documents\GitHub\fhkaernten\DSP\cube\hello_world\Core\Src\main.c_save
2023-10-03 20:18:27,497 [INFO] CodeEngine:279 - Generated code: C:\Users\metti\Documents\GitHub\fhkaernten\DSP\cube\hello_world\Core\Src\main.c
2023-10-03 20:18:28,114 [INFO] ProjectBuilder:3064 - Time for Copy HAL[1] : 136mS.
2023-10-03 20:18:28,122 [INFO] ProjectBuilder:4404 - Project Generator version: 4.1.0
2023-10-03 20:18:28,304 [INFO] ConfigFileManager:1457 - The Die is : DIE413
2023-10-03 20:18:28,319 [INFO] ApiDbMcu:507 - Load IP Config File for FATFS
2023-10-03 20:18:28,347 [INFO] ApiDbMcu:507 - Load IP Config File for FREERTOS
2023-10-03 20:18:28,352 [INFO] ApiDbMcu:507 - Load IP Config File for LIBJPEG
2023-10-03 20:18:28,422 [INFO] ApiDbMcu:507 - Load IP Config File for LWIP
2023-10-03 20:18:28,464 [INFO] ApiDbMcu:507 - Load IP Config File for MBEDTLS
2023-10-03 20:18:28,500 [INFO] ApiDbMcu:507 - Load IP Config File for USB_DEVICE
2023-10-03 20:18:28,511 [INFO] ApiDbMcu:507 - Load IP Config File for USB_HOST
2023-10-03 20:18:29,340 [INFO] LogOutputStream:77 - [STDOUT_REDIRECT] 
2023-10-03 20:18:31,883 [INFO] ProjectBuilder:4626 - Time for Generating toolchain IDE Files: 3760mS.
2023-10-03 20:18:31,884 [INFO] ProjectBuilder:2935 - Time for Copy CMSIS : 1mS.
2023-10-03 20:18:31,887 [INFO] ProjectBuilder:2935 - Time for Copy CMSIS : 0mS.
