2023-12-03 15:11:44,611 [INFO] Activator:176 - 


2023-12-03 15:11:44,611 [INFO] Activator:177 - !SESSION log4j initialized
2023-12-03 15:11:52,802 [INFO] LogOutputStream:77 - [STDOUT_REDIRECT] 
2023-12-03 15:11:54,169 [INFO] ApplicationProperties:184 - Using Application install path: C:\ST\STM32CubeIDE\plugins\com.st.stm32cube.common.mx_6.10.0.202311202037
2023-12-03 15:11:54,190 [INFO] DbMcusXml:78 - Set database path to: C:\ST\STM32CubeIDE\plugins\com.st.stm32cube.common.mx_6.10.0.202311202037\\db\/mcu/
2023-12-03 15:11:54,191 [INFO] ApiDb:274 - Set plugin database path to: C:\ST\STM32CubeIDE\plugins\com.st.stm32cube.common.mx_6.10.0.202311202037\\db\/plugins/boardmanager/
2023-12-03 15:11:54,191 [WARN] ApiDb:259 - Overriding images path with different value:  => C:\ST\STM32CubeIDE\plugins\com.st.stm32cube.common.mx_6.10.0.202311202037\\db\/plugins/mcufinder/images/
2023-12-03 15:11:54,198 [INFO] ApiDb:250 - Set database path to: C:\Users\metti\.stmcufinder\plugins\mcufinder//mcu/
2023-12-03 15:11:54,199 [INFO] DbMcusAds:125 - Set database path to: C:\Users\metti\.stmcufinder\plugins\mcufinder//mcu/
2023-12-03 15:11:54,201 [INFO] CrossReferenceDbSqlite:203 - Set database path to: C:\Users\metti\.stmcufinder\plugins\mcufinder//mcu/cs/
2023-12-03 15:11:54,333 [INFO] RulesReader:64 - Compatibility file has been processed (297 Rules)
2023-12-03 15:11:54,434 [INFO] DbMcusXml:78 - Set database path to: C:\ST\STM32CubeIDE\plugins\com.st.stm32cube.common.mx_6.10.0.202311202037\\db\/mcu/
2023-12-03 15:11:54,434 [INFO] ApiDb:274 - Set plugin database path to: C:\ST\STM32CubeIDE\plugins\com.st.stm32cube.common.mx_6.10.0.202311202037\\db\/plugins/boardmanager/
2023-12-03 15:11:54,434 [INFO] ApiDb:261 - Set plugin images path to: C:\ST\STM32CubeIDE\plugins\com.st.stm32cube.common.mx_6.10.0.202311202037\\db\/plugins/mcufinder/images/
2023-12-03 15:11:54,434 [WARN] DbFile:41 - Overriding database path with different value: C:\Users\metti\.stmcufinder\plugins\mcufinder/ => C:\Users\metti\.stmcufinder\plugins\mcufinder
2023-12-03 15:11:54,435 [INFO] ApiDb:250 - Set database path to: C:\Users\metti\.stmcufinder\plugins\mcufinder//mcu/
2023-12-03 15:11:54,435 [WARN] DbFile:41 - Overriding database path with different value: C:\Users\metti\.stmcufinder\plugins\mcufinder/ => C:\Users\metti\.stmcufinder\plugins\mcufinder
2023-12-03 15:11:54,435 [INFO] DbMcusAds:125 - Set database path to: C:\Users\metti\.stmcufinder\plugins\mcufinder//mcu/
2023-12-03 15:11:54,435 [WARN] DbFile:41 - Overriding database path with different value: C:\Users\metti\.stmcufinder\plugins\mcufinder/ => C:\Users\metti\.stmcufinder\plugins\mcufinder
2023-12-03 15:11:54,435 [WARN] DbFile:41 - Overriding database path with different value: C:\Users\metti\.stmcufinder\plugins\mcufinder/ => C:\Users\metti\.stmcufinder\plugins\mcufinder
2023-12-03 15:11:54,435 [INFO] CrossReferenceDbSqlite:203 - Set database path to: C:\Users\metti\.stmcufinder\plugins\mcufinder//mcu/cs/
2023-12-03 15:11:54,517 [INFO] MainPanel:264 - HeapMemory: 268435456
2023-12-03 15:11:54,600 [INFO] DbMcusXml:78 - Set database path to: C:\ST\STM32CubeIDE\plugins\com.st.stm32cube.common.mx_6.10.0.202311202037\\db\/mcu/
2023-12-03 15:11:54,601 [INFO] ApiDb:274 - Set plugin database path to: C:\ST\STM32CubeIDE\plugins\com.st.stm32cube.common.mx_6.10.0.202311202037\\db\/plugins/boardmanager/
2023-12-03 15:11:54,601 [INFO] ApiDb:261 - Set plugin images path to: C:\ST\STM32CubeIDE\plugins\com.st.stm32cube.common.mx_6.10.0.202311202037\\db\/plugins/mcufinder/images/
2023-12-03 15:11:54,602 [WARN] DbFile:41 - Overriding database path with different value: C:\Users\metti\.stmcufinder\plugins\mcufinder/ => C:\Users\metti\.stmcufinder\plugins\mcufinder
2023-12-03 15:11:54,602 [INFO] ApiDb:250 - Set database path to: C:\Users\metti\.stmcufinder\plugins\mcufinder//mcu/
2023-12-03 15:11:54,603 [WARN] DbFile:41 - Overriding database path with different value: C:\Users\metti\.stmcufinder\plugins\mcufinder/ => C:\Users\metti\.stmcufinder\plugins\mcufinder
2023-12-03 15:11:54,603 [INFO] DbMcusAds:125 - Set database path to: C:\Users\metti\.stmcufinder\plugins\mcufinder//mcu/
2023-12-03 15:11:54,603 [WARN] DbFile:41 - Overriding database path with different value: C:\Users\metti\.stmcufinder\plugins\mcufinder/ => C:\Users\metti\.stmcufinder\plugins\mcufinder
2023-12-03 15:11:54,603 [WARN] DbFile:41 - Overriding database path with different value: C:\Users\metti\.stmcufinder\plugins\mcufinder/ => C:\Users\metti\.stmcufinder\plugins\mcufinder
2023-12-03 15:11:54,603 [INFO] CrossReferenceDbSqlite:203 - Set database path to: C:\Users\metti\.stmcufinder\plugins\mcufinder//mcu/cs/
2023-12-03 15:11:54,619 [INFO] ApplicationProperties:184 - Using Application install path: C:\ST\STM32CubeIDE\plugins\com.st.stm32cube.common.mx_6.10.0.202311202037
2023-12-03 15:11:54,621 [INFO] PluginManage:196 - Search for loadable plugins [exclusion list=, ]
2023-12-03 15:11:54,622 [INFO] PluginManage:310 - Check plugin analytics
2023-12-03 15:11:54,846 [INFO] AnalyticsPlugin:253 - Accepted Software Licenses: 
2023-12-03 15:11:54,846 [INFO] AnalyticsPlugin:255 - Accepted CMSIS Pack Licenses: 
2023-12-03 15:11:54,846 [INFO] AnalyticsPlugin:257 - Accepted Firmware Licenses: FW.F4.1.27.0
2023-12-03 15:11:54,849 [INFO] PluginManage:359 - Loaded plugin analytics (category:tool,tabindex:-1)
2023-12-03 15:11:54,850 [INFO] PluginManage:310 - Check plugin cadmodel
2023-12-03 15:11:54,865 [INFO] CADModel:105 - Init CAD model plugin
2023-12-03 15:11:54,865 [INFO] PluginManage:359 - Loaded plugin cadmodel (category:power,tabindex:5)
2023-12-03 15:11:54,867 [INFO] PluginManage:310 - Check plugin clock
2023-12-03 15:11:54,891 [INFO] PluginManage:359 - Loaded plugin clock (category:base,tabindex:2)
2023-12-03 15:11:54,891 [INFO] PluginManage:310 - Check plugin ddr
2023-12-03 15:11:54,895 [INFO] PluginManage:359 - Loaded plugin ddr (category:tool,tabindex:6)
2023-12-03 15:11:54,896 [INFO] PluginManage:310 - Check plugin filemanager
2023-12-03 15:11:55,090 [INFO] PluginManage:359 - Loaded plugin filemanager (category:base,tabindex:10)
2023-12-03 15:11:55,091 [INFO] PluginManage:310 - Check plugin ipmanager
2023-12-03 15:11:55,098 [INFO] PluginManage:359 - Loaded plugin ipmanager (category:base,tabindex:5)
2023-12-03 15:11:55,098 [INFO] PluginManage:310 - Check plugin lpbam
2023-12-03 15:11:55,113 [INFO] PluginManage:359 - Loaded plugin lpbam (category:base,tabindex:0)
2023-12-03 15:11:55,113 [INFO] PluginManage:310 - Check plugin memorymap
2023-12-03 15:11:55,135 [INFO] PluginManage:359 - Loaded plugin memorymap (category:base,tabindex:4)
2023-12-03 15:11:55,135 [INFO] PluginManage:310 - Check plugin pinoutandconfiguration
2023-12-03 15:11:55,148 [INFO] PluginManage:359 - Loaded plugin pinoutandconfiguration (category:base,tabindex:1)
2023-12-03 15:11:55,149 [INFO] PluginManage:310 - Check plugin pinoutconfig
2023-12-03 15:11:55,243 [WARN] SupportedApi:132 - Cannot load RTOS API schema: s4s-elt-must-match.1: The content of 'definitions' must match (annotation?, (simpleType | complexType)?, (unique | key | keyref)*)). A problem was found starting at: attribute.
2023-12-03 15:11:55,398 [INFO] PluginManage:359 - Loaded plugin pinoutconfig (category:base,tabindex:0)
2023-12-03 15:11:55,399 [INFO] PluginManage:310 - Check plugin power
2023-12-03 15:11:55,419 [INFO] PluginManage:359 - Loaded plugin power (category:power,tabindex:4)
2023-12-03 15:11:55,419 [INFO] PluginManage:310 - Check plugin projectmanager
2023-12-03 15:11:55,440 [INFO] PluginManage:359 - Loaded plugin projectmanager (category:projectmanager,tabindex:3)
2023-12-03 15:11:55,441 [INFO] PluginManage:310 - Check plugin thirdparty
2023-12-03 15:11:55,716 [WARN] IntegrityCheckThread:84 - waiting for thirdparty lock release [integrity check]
2023-12-03 15:11:55,716 [INFO] IntegrityCheckThread:86 - entering critical section [integrity check]
2023-12-03 15:11:55,717 [INFO] PluginManage:359 - Loaded plugin thirdparty (category:base,tabindex:-1)
2023-12-03 15:11:55,717 [INFO] ThirdPartyUpdaterWithRetryManager:70 - Updater plugin not ready yet. [1/15]
2023-12-03 15:11:55,717 [INFO] PluginManage:310 - Check plugin tools
2023-12-03 15:11:55,747 [INFO] PluginManage:359 - Loaded plugin tools (category:base,tabindex:7)
2023-12-03 15:11:55,747 [INFO] PluginManage:310 - Check plugin tutovideos
2023-12-03 15:11:55,954 [INFO] PluginManage:359 - Loaded plugin tutovideos (category:base,tabindex:-1)
2023-12-03 15:11:55,955 [INFO] PluginManage:310 - Check plugin updater
2023-12-03 15:11:55,971 [INFO] PluginManage:359 - Loaded plugin updater (category:base,tabindex:12)
2023-12-03 15:11:55,971 [INFO] PluginManage:310 - Check plugin userauth
2023-12-03 15:11:55,981 [INFO] UserAuth:114 - Init User Auth plugin
2023-12-03 15:11:55,981 [INFO] PluginManage:359 - Loaded plugin userauth (category:base,tabindex:14)
2023-12-03 15:11:55,982 [INFO] PluginManage:283 - PluginManage : Loaded plugins [17]
2023-12-03 15:11:56,188 [INFO] PinOutPanel:1499 - setPackage(No Configuration,No Configuration)
2023-12-03 15:11:56,279 [INFO] CADModel:165 - CPN selected for project level
2023-12-03 15:11:56,279 [INFO] CADModel:114 - Register for checkConnection events
2023-12-03 15:11:56,301 [INFO] IPUIPlugin:80 - create IPUIPlugin
2023-12-03 15:11:56,302 [INFO] PluginManager:220 - loadIPPluginJar : add adc
2023-12-03 15:11:56,336 [INFO] IPUIPlugin:80 - create IPUIPlugin
2023-12-03 15:11:56,337 [INFO] PluginManager:220 - loadIPPluginJar : add aes
2023-12-03 15:11:56,371 [INFO] IPUIPlugin:80 - create IPUIPlugin
2023-12-03 15:11:56,371 [INFO] PluginManager:220 - loadIPPluginJar : add can
2023-12-03 15:11:56,389 [INFO] IPUIPlugin:80 - create IPUIPlugin
2023-12-03 15:11:56,389 [INFO] PluginManager:220 - loadIPPluginJar : add comp
2023-12-03 15:11:56,413 [INFO] IPUIPlugin:80 - create IPUIPlugin
2023-12-03 15:11:56,413 [INFO] PluginManager:220 - loadIPPluginJar : add cryp
2023-12-03 15:11:56,435 [INFO] IPUIPlugin:80 - create IPUIPlugin
2023-12-03 15:11:56,435 [INFO] PluginManager:220 - loadIPPluginJar : add dfsdm
2023-12-03 15:11:56,445 [INFO] IPUIPlugin:80 - create IPUIPlugin
2023-12-03 15:11:56,446 [INFO] PluginManager:220 - loadIPPluginJar : add dma
2023-12-03 15:11:56,476 [INFO] IPUIPlugin:80 - create IPUIPlugin
2023-12-03 15:11:56,476 [INFO] PluginManager:220 - loadIPPluginJar : add dma3
2023-12-03 15:11:56,492 [INFO] IPUIPlugin:80 - create IPUIPlugin
2023-12-03 15:11:56,492 [INFO] PluginManager:220 - loadIPPluginJar : add fatfs
2023-12-03 15:11:56,527 [INFO] IPUIPlugin:80 - create IPUIPlugin
2023-12-03 15:11:56,527 [INFO] PluginManager:220 - loadIPPluginJar : add fmc
2023-12-03 15:11:56,538 [INFO] IPUIPlugin:80 - create IPUIPlugin
2023-12-03 15:11:56,539 [INFO] PluginManager:220 - loadIPPluginJar : add freertos
2023-12-03 15:11:56,553 [INFO] IPUIPlugin:80 - create IPUIPlugin
2023-12-03 15:11:56,553 [INFO] PluginManager:220 - loadIPPluginJar : add genericplugin
2023-12-03 15:11:56,617 [INFO] IPUIPlugin:80 - create IPUIPlugin
2023-12-03 15:11:56,617 [INFO] PluginManager:220 - loadIPPluginJar : add gfxmmu
2023-12-03 15:11:56,707 [INFO] IPUIPlugin:80 - create IPUIPlugin
2023-12-03 15:11:56,707 [INFO] PluginManager:220 - loadIPPluginJar : add gic
2023-12-03 15:11:56,717 [INFO] IPUIPlugin:80 - create IPUIPlugin
2023-12-03 15:11:56,717 [INFO] PluginManager:220 - loadIPPluginJar : add gpio
2023-12-03 15:11:56,784 [INFO] IPUIPlugin:80 - create IPUIPlugin
2023-12-03 15:11:56,784 [INFO] PluginManager:220 - loadIPPluginJar : add gtzc
2023-12-03 15:11:56,806 [INFO] IPUIPlugin:80 - create IPUIPlugin
2023-12-03 15:11:56,806 [INFO] PluginManager:220 - loadIPPluginJar : add hash
2023-12-03 15:11:56,845 [INFO] IPUIPlugin:80 - create IPUIPlugin
2023-12-03 15:11:56,845 [INFO] PluginManager:220 - loadIPPluginJar : add i2c
2023-12-03 15:11:56,872 [INFO] IPUIPlugin:80 - create IPUIPlugin
2023-12-03 15:11:56,872 [INFO] PluginManager:220 - loadIPPluginJar : add i2s
2023-12-03 15:11:56,902 [INFO] IPUIPlugin:80 - create IPUIPlugin
2023-12-03 15:11:56,902 [INFO] PluginManager:220 - loadIPPluginJar : add i3c
2023-12-03 15:11:56,979 [INFO] IPUIPlugin:80 - create IPUIPlugin
2023-12-03 15:11:56,979 [INFO] PluginManager:220 - loadIPPluginJar : add ipddr
2023-12-03 15:11:57,044 [INFO] IPUIPlugin:80 - create IPUIPlugin
2023-12-03 15:11:57,044 [INFO] PluginManager:220 - loadIPPluginJar : add linkedlist
2023-12-03 15:11:57,069 [INFO] IPUIPlugin:80 - create IPUIPlugin
2023-12-03 15:11:57,070 [INFO] PluginManager:220 - loadIPPluginJar : add lorawan
2023-12-03 15:11:57,095 [INFO] IPUIPlugin:80 - create IPUIPlugin
2023-12-03 15:11:57,095 [INFO] PluginManager:220 - loadIPPluginJar : add ltdc
2023-12-03 15:11:57,106 [INFO] IPUIPlugin:80 - create IPUIPlugin
2023-12-03 15:11:57,106 [INFO] PluginManager:220 - loadIPPluginJar : add mdma
2023-12-03 15:11:57,115 [INFO] IPUIPlugin:80 - create IPUIPlugin
2023-12-03 15:11:57,115 [INFO] PluginManager:220 - loadIPPluginJar : add nvic
2023-12-03 15:11:57,144 [INFO] IPUIPlugin:80 - create IPUIPlugin
2023-12-03 15:11:57,145 [INFO] PluginManager:220 - loadIPPluginJar : add opamp
2023-12-03 15:11:57,191 [INFO] IPUIPlugin:80 - create IPUIPlugin
2023-12-03 15:11:57,191 [INFO] PluginManager:220 - loadIPPluginJar : add openamp
2023-12-03 15:11:57,221 [INFO] IPUIPlugin:80 - create IPUIPlugin
2023-12-03 15:11:57,221 [INFO] PluginManager:220 - loadIPPluginJar : add pdm2pcm
2023-12-03 15:11:57,231 [INFO] IPUIPlugin:80 - create IPUIPlugin
2023-12-03 15:11:57,233 [INFO] PluginManager:220 - loadIPPluginJar : add plateformsettings
2023-12-03 15:11:57,249 [INFO] IPUIPlugin:80 - create IPUIPlugin
2023-12-03 15:11:57,249 [INFO] PluginManager:220 - loadIPPluginJar : add quadspi
2023-12-03 15:11:57,258 [INFO] IPUIPlugin:80 - create IPUIPlugin
2023-12-03 15:11:57,258 [INFO] PluginManager:220 - loadIPPluginJar : add resmgrutility
2023-12-03 15:11:57,298 [INFO] IPUIPlugin:80 - create IPUIPlugin
2023-12-03 15:11:57,298 [INFO] PluginManager:220 - loadIPPluginJar : add sai
2023-12-03 15:11:57,325 [INFO] IPUIPlugin:80 - create IPUIPlugin
2023-12-03 15:11:57,325 [INFO] PluginManager:220 - loadIPPluginJar : add spi
2023-12-03 15:11:57,384 [INFO] IPUIPlugin:80 - create IPUIPlugin
2023-12-03 15:11:57,384 [INFO] PluginManager:220 - loadIPPluginJar : add stm32_wpan
2023-12-03 15:11:57,401 [INFO] IPUIPlugin:80 - create IPUIPlugin
2023-12-03 15:11:57,401 [INFO] PluginManager:220 - loadIPPluginJar : add tim
2023-12-03 15:11:57,440 [INFO] IPUIPlugin:80 - create IPUIPlugin
2023-12-03 15:11:57,440 [INFO] PluginManager:220 - loadIPPluginJar : add touchsensing
2023-12-03 15:11:57,456 [INFO] IPUIPlugin:80 - create IPUIPlugin
2023-12-03 15:11:57,456 [INFO] PluginManager:220 - loadIPPluginJar : add tracer_emb
2023-12-03 15:11:57,472 [INFO] IPUIPlugin:80 - create IPUIPlugin
2023-12-03 15:11:57,472 [INFO] PluginManager:220 - loadIPPluginJar : add ts
2023-12-03 15:11:57,487 [INFO] IPUIPlugin:80 - create IPUIPlugin
2023-12-03 15:11:57,487 [INFO] PluginManager:220 - loadIPPluginJar : add tsc
2023-12-03 15:11:57,503 [INFO] IPUIPlugin:80 - create IPUIPlugin
2023-12-03 15:11:57,503 [INFO] PluginManager:220 - loadIPPluginJar : add ucpd
2023-12-03 15:11:57,534 [INFO] IPUIPlugin:80 - create IPUIPlugin
2023-12-03 15:11:57,534 [INFO] PluginManager:220 - loadIPPluginJar : add usart
2023-12-03 15:11:57,564 [INFO] IPUIPlugin:80 - create IPUIPlugin
2023-12-03 15:11:57,564 [INFO] PluginManager:220 - loadIPPluginJar : add usbx
2023-12-03 15:11:57,698 [INFO] CADModel:165 - CPN selected for project level
2023-12-03 15:11:57,698 [INFO] CADModel:114 - Register for checkConnection events
2023-12-03 15:11:57,698 [FATAL] Updater:308 - Updater called before beeing initialized
2023-12-03 15:11:57,699 [ERROR] CADModel:125 - Updater not yet initialized, retry later 
2023-12-03 15:11:57,868 [INFO] CADModel:165 - CPN selected for project level
2023-12-03 15:11:57,868 [INFO] CADModel:114 - Register for checkConnection events
2023-12-03 15:11:57,868 [FATAL] Updater:308 - Updater called before beeing initialized
2023-12-03 15:11:57,868 [ERROR] CADModel:125 - Updater not yet initialized, retry later 
2023-12-03 15:11:57,871 [FATAL] Updater:308 - Updater called before beeing initialized
2023-12-03 15:11:57,990 [FATAL] Updater:308 - Updater called before beeing initialized
2023-12-03 15:11:57,999 [INFO] DbMcusAds:53 - JSON generation date=Thu Sep 30 08:55:09 CEST 2021 (1632984909247)
2023-12-03 15:11:57,999 [FATAL] Updater:308 - Updater called before beeing initialized
2023-12-03 15:11:58,065 [WARN] DetailPanel:346 - Failed to get advertising image, set to default
2023-12-03 15:11:58,158 [FATAL] Updater:308 - Updater called before beeing initialized
2023-12-03 15:11:58,160 [FATAL] Updater:308 - Updater called before beeing initialized
2023-12-03 15:11:58,160 [FATAL] Updater:308 - Updater called before beeing initialized
2023-12-03 15:11:58,160 [WARN] DetailPanel:346 - Failed to get advertising image, set to default
2023-12-03 15:11:58,161 [FATAL] Updater:308 - Updater called before beeing initialized
2023-12-03 15:11:58,224 [ERROR] Updater:1120 - MainUpdater not yet initialized. External WinMGr cannot be set.
2023-12-03 15:11:58,233 [INFO] Updater:1056 - Updater Version found : 6.10.0
2023-12-03 15:11:58,249 [INFO] ApplicationProperties:184 - Using Application install path: C:\ST\STM32CubeIDE\plugins\com.st.stm32cube.common.mx_6.10.0.202311202037
2023-12-03 15:11:58,718 [INFO] ThirdPartyUpdaterWithRetryManager:70 - Updater plugin not ready yet. [2/15]
2023-12-03 15:11:59,847 [ERROR] LogOutputStream:75 - [STDERR_REDIRECT] Dec 03, 2023 3:11:59 PM java.util.prefs.WindowsPreferences <init>
2023-12-03 15:11:59,852 [ERROR] LogOutputStream:75 - [STDERR_REDIRECT] WARNING: Could not open/create prefs root node Software\JavaSoft\Prefs at root 0xffffffff80000002. Windows RegCreateKeyEx(...) returned error code 5.
2023-12-03 15:11:59,853 [ERROR] LogOutputStream:75 - [STDERR_REDIRECT] 
2023-12-03 15:12:00,292 [INFO] MainUpdater:2873 - connection check result : 10
2023-12-03 15:12:00,292 [INFO] MainUpdater:3567 - Updater definition file requires update
2023-12-03 15:12:00,293 [INFO] MainUpdater:290 - Updater Check For Update Now.
2023-12-03 15:12:00,293 [INFO] MicroXplorer:498 - Change Database Version : DB.6.0.100
2023-12-03 15:12:00,309 [INFO] McuFinderGlobals:63 - Set McuFinder mode to 2 (CubeIDE integrated)
2023-12-03 15:12:00,318 [INFO] UserAuth:404 - Internet connection configuration mode: 1
2023-12-03 15:12:00,339 [INFO] JxBrowserEngine:152 - Initiate JxBrowser Engine with user profile folder
2023-12-03 15:12:00,464 [INFO] ServerAccessManage:473 - Download File updaters.zip
2023-12-03 15:12:00,566 [INFO] FileExtend:240 - Unzip File : updaters.zip
2023-12-03 15:12:00,566 [INFO] FileExtend:255 - Standard Zip Deflate
2023-12-03 15:12:01,053 [INFO] ServerAccessManage:473 - Download File PacksControlFlags.xml
2023-12-03 15:12:01,241 [INFO] ServerAccessManage:473 - Download File cubemx.pidx
2023-12-03 15:12:01,719 [WARN] MainUpdater:1194 - Updater busy. Cannot search thirdparties
2023-12-03 15:12:01,719 [INFO] ThirdPartyUpdaterWithRetryManager:96 - Updater plugin is busy. [1/15]
2023-12-03 15:12:02,051 [INFO] ServerAccessManage:473 - Download File STMicroelectronics.FP-SNS-MOTENVWB1.pdsc
2023-12-03 15:12:03,880 [ERROR] ServerAccessManage:1096 - Problem, Http access forbiden
2023-12-03 15:12:03,881 [ERROR] ServerAccessManage:651 - Problem, Http access forbiden : RoweBots.I-CUBE-UNISONRTOS.pdsc.
2023-12-03 15:12:04,260 [WARN] PackLoader:240 - Cannot read IP mode file for STMicroelectronics.FP-SNS-MOTENVWB1.1.3.1
2023-12-03 15:12:04,265 [INFO] PopulateThirdPartyThread:66 - Ending populate Thread
2023-12-03 15:12:04,268 [INFO] ThirdParty:1030 - CMSIS Pack Vendor :STMicroelectronics FP-SNS-MOTENVWB1 1.3.1
2023-12-03 15:12:04,269 [INFO] LoadServerUpdatesThread:375 - End of LoadServerUpdate Thread
2023-12-03 15:12:04,350 [INFO] CheckServerUpdateThread:120 - End of CheckServer Thread
2023-12-03 15:12:04,397 [INFO] WebApp:161 - Instantiating new browser for Auth
2023-12-03 15:12:04,911 [WARN] PackLoader:240 - Cannot read IP mode file for STMicroelectronics.X-CUBE-SMBUS.2.1.0
2023-12-03 15:12:04,975 [WARN] PackLoader:240 - Cannot read IP mode file for STMicroelectronics.X-CUBE-AZRTOS-F7.1.1.0
2023-12-03 15:12:05,020 [WARN] PackLoader:240 - Cannot read IP mode file for STMicroelectronics.FP-SNS-MOTENV1.4.3.2
2023-12-03 15:12:05,033 [WARN] PackLoader:240 - Cannot read IP mode file for STMicroelectronics.FP-SNS-FLIGHT1.5.0.2
2023-12-03 15:12:05,063 [WARN] PackLoader:240 - Cannot read IP mode file for STMicroelectronics.X-CUBE-DISPLAY.3.0.0
2023-12-03 15:12:05,089 [WARN] PackLoader:240 - Cannot read IP mode file for STMicroelectronics.X-CUBE-BLE1.7.0.0
2023-12-03 15:12:05,108 [WARN] PackLoader:240 - Cannot read IP mode file for emotas.I-CUBE-CANOPEN.1.3.0
2023-12-03 15:12:05,124 [WARN] PackLoader:240 - Cannot read IP mode file for STMicroelectronics.X-CUBE-TOUCHGFX.4.22.1
2023-12-03 15:12:05,138 [WARN] PackLoader:240 - Cannot read IP mode file for STMicroelectronics.FP-SNS-SMARTAG2.1.2.0
2023-12-03 15:12:05,160 [INFO] LogOutputStream:77 - [STDOUT_REDIRECT] 1 : Invalid condition id : UX_CORESTACK_Condition cause : null
2023-12-03 15:12:05,161 [INFO] LogOutputStream:77 - [STDOUT_REDIRECT] 1 : Invalid condition id : UX_CORESTACK_Condition cause : null
2023-12-03 15:12:05,163 [INFO] LogOutputStream:77 - [STDOUT_REDIRECT] 1 : Invalid condition id : UX_CORESTACK_Condition cause : null
2023-12-03 15:12:05,165 [INFO] LogOutputStream:77 - [STDOUT_REDIRECT] 1 : Invalid condition id : UX_CORESTACK_Condition cause : null
2023-12-03 15:12:05,166 [INFO] LogOutputStream:77 - [STDOUT_REDIRECT] 1 : Invalid condition id : UX_CORESTACK_Condition cause : null
2023-12-03 15:12:05,171 [WARN] PackLoader:240 - Cannot read IP mode file for STMicroelectronics.X-CUBE-AZRTOS-WL.2.0.0
2023-12-03 15:12:05,193 [WARN] PackLoader:240 - Cannot read IP mode file for WES.I-CUBE-Cesium.1.3.0
2023-12-03 15:12:05,208 [WARN] PackLoader:240 - Cannot read IP mode file for STMicroelectronics.X-CUBE-BLE2.3.3.0
2023-12-03 15:12:05,223 [WARN] PackLoader:240 - Cannot read IP mode file for STMicroelectronics.X-CUBE-ALGOBUILD.1.3.0
2023-12-03 15:12:05,257 [WARN] PackLoader:240 - Cannot read IP mode file for STMicroelectronics.X-CUBE-AZRTOS-G0.1.1.0
2023-12-03 15:12:05,275 [WARN] PackLoader:240 - Cannot read IP mode file for STMicroelectronics.X-CUBE-NFC4.3.0.0
2023-12-03 15:12:05,300 [WARN] PackLoader:240 - Cannot read IP mode file for STMicroelectronics.X-CUBE-BLEMGR.3.0.0
2023-12-03 15:12:05,309 [WARN] PackLoader:240 - Cannot read IP mode file for STMicroelectronics.FP-ATR-SIGFOX1.3.2.0
2023-12-03 15:12:05,359 [WARN] PackLoader:240 - Cannot read IP mode file for SEGGER.I-CUBE-embOS.1.3.1
2023-12-03 15:12:05,423 [WARN] PackLoader:240 - Cannot read IP mode file for STMicroelectronics.X-CUBE-GNSS1.6.0.0
2023-12-03 15:12:05,434 [INFO] WebApp:780 - Register for checkConnection events
2023-12-03 15:12:05,435 [INFO] WebApp:414 - Apply proxy settings
2023-12-03 15:12:05,435 [INFO] WebApp:499 - Chromium requires no authentication
2023-12-03 15:12:05,453 [WARN] PackLoader:240 - Cannot read IP mode file for STMicroelectronics.X-CUBE-AZRTOS-F4.1.1.0
2023-12-03 15:12:05,466 [WARN] PackLoader:240 - Cannot read IP mode file for wolfSSL.I-CUBE-wolfSSL.5.6.3
2023-12-03 15:12:05,472 [INFO] WebApp:442 - Direct internet connection detected
2023-12-03 15:12:05,499 [WARN] PackLoader:240 - Cannot read IP mode file for STMicroelectronics.X-CUBE-AZRTOS-L5.2.0.0
2023-12-03 15:12:05,554 [WARN] PackLoader:240 - Cannot read IP mode file for STMicroelectronics.X-CUBE-MEMS1.9.6.0
2023-12-03 15:12:05,718 [WARN] PackLoader:240 - Cannot read IP mode file for STMicroelectronics.X-CUBE-EEPRMA1.4.2.0
2023-12-03 15:12:05,732 [WARN] PackLoader:240 - Cannot read IP mode file for ITTIA_DB.I-CUBE-ITTIADB.8.8.0
2023-12-03 15:12:05,746 [WARN] PackLoader:240 - Cannot read IP mode file for STMicroelectronics.X-CUBE-BLEMGR.2.0.0
2023-12-03 15:12:05,791 [WARN] ConditionMgr:438 - getConditionDescription Invalid condition id : UX DEVICE CLASS RTOS Condition cause : null
2023-12-03 15:12:05,791 [WARN] ConditionMgr:438 - getConditionDescription Invalid condition id : UX DEVICE CLASS RTOS Condition cause : null
2023-12-03 15:12:05,794 [WARN] PackLoader:240 - Cannot read IP mode file for STMicroelectronics.X-CUBE-AZRTOS-H7.3.1.0
2023-12-03 15:12:05,796 [WARN] ConditionMgr:1039 - genDependencies : Invalid condition id : UX DEVICE CLASS RTOS Condition cause : null
2023-12-03 15:12:05,796 [WARN] ConditionMgr:1039 - genDependencies : Invalid condition id : UX DEVICE CLASS RTOS Condition cause : null
2023-12-03 15:12:05,797 [WARN] ConditionMgr:1039 - genDependencies : Invalid condition id : UX DEVICE CLASS RTOS Condition cause : null
2023-12-03 15:12:05,797 [WARN] ConditionMgr:1039 - genDependencies : Invalid condition id : UX DEVICE CLASS RTOS Condition cause : null
2023-12-03 15:12:05,797 [WARN] ConditionMgr:1039 - genDependencies : Invalid condition id : UX DEVICE CLASS RTOS Condition cause : null
2023-12-03 15:12:05,811 [WARN] PackLoader:240 - Cannot read IP mode file for STMicroelectronics.X-CUBE-NFC7.1.0.1
2023-12-03 15:12:05,830 [WARN] PackLoader:240 - Cannot read IP mode file for STMicroelectronics.X-CUBE-NFC6.3.0.0
2023-12-03 15:12:05,845 [WARN] PackLoader:240 - Cannot read IP mode file for STMicroelectronics.X-CUBE-EEPRMA1.4.1.0
2023-12-03 15:12:05,859 [WARN] PackLoader:240 - Cannot read IP mode file for STMicroelectronics.X-CUBE-AI.8.1.0
2023-12-03 15:12:05,892 [WARN] ConditionMgr:438 - getConditionDescription Invalid condition id : LAN8742 Phy interface Condition cause : null
2023-12-03 15:12:05,892 [WARN] PackLoader:240 - Cannot read IP mode file for STMicroelectronics.X-CUBE-AZRTOS-L4.2.0.0
2023-12-03 15:12:05,894 [WARN] ConditionMgr:1039 - genDependencies : Invalid condition id : LAN8742 Phy interface Condition cause : null
2023-12-03 15:12:05,894 [WARN] ConditionMgr:1039 - genDependencies : Invalid condition id : LAN8742 Phy interface Condition cause : null
2023-12-03 15:12:05,895 [WARN] ConditionMgr:1039 - genDependencies : Invalid condition id : LAN8742 Phy interface Condition cause : null
2023-12-03 15:12:05,910 [WARN] PackLoader:240 - Cannot read IP mode file for STMicroelectronics.X-CUBE-SFXS2LP1.4.0.0
2023-12-03 15:12:05,923 [WARN] PackLoader:240 - Cannot read IP mode file for STMicroelectronics.X-CUBE-ISPU.1.1.0
2023-12-03 15:12:05,949 [WARN] ConditionMgr:438 - getConditionDescription Invalid condition id : UX DEVICE CLASS RTOS Condition cause : null
2023-12-03 15:12:05,950 [WARN] ConditionMgr:438 - getConditionDescription Invalid condition id : UX DEVICE CLASS RTOS Condition cause : null
2023-12-03 15:12:05,952 [WARN] PackLoader:240 - Cannot read IP mode file for STMicroelectronics.X-CUBE-AZRTOS-WB.2.0.0
2023-12-03 15:12:05,952 [WARN] ConditionMgr:1039 - genDependencies : Invalid condition id : UX DEVICE CLASS RTOS Condition cause : null
2023-12-03 15:12:05,953 [WARN] ConditionMgr:1039 - genDependencies : Invalid condition id : UX DEVICE CLASS RTOS Condition cause : null
2023-12-03 15:12:05,953 [INFO] WebApp:192 - Starting web application
2023-12-03 15:12:05,953 [INFO] WebApp:544 - Web application path used C:\ST\STM32CubeIDE\plugins\com.st.stm32cube.common.mx_6.10.0.202311202037\db\plugins\mcufinder\reactClient1\index.html
2023-12-03 15:12:05,953 [WARN] ConditionMgr:1039 - genDependencies : Invalid condition id : UX DEVICE CLASS RTOS Condition cause : null
2023-12-03 15:12:05,953 [WARN] ConditionMgr:1039 - genDependencies : Invalid condition id : UX DEVICE CLASS RTOS Condition cause : null
2023-12-03 15:12:05,954 [WARN] ConditionMgr:1039 - genDependencies : Invalid condition id : UX DEVICE CLASS RTOS Condition cause : null
2023-12-03 15:12:05,982 [WARN] PackLoader:240 - Cannot read IP mode file for STMicroelectronics.X-CUBE-SUBG2.5.0.0
2023-12-03 15:12:06,016 [WARN] PackLoader:240 - Cannot read IP mode file for STMicroelectronics.X-CUBE-TOF1.3.3.1
2023-12-03 15:12:06,061 [WARN] PackLoader:240 - Cannot read IP mode file for STMicroelectronics.X-CUBE-AZRTOS-G4.2.0.0
2023-12-03 15:12:06,088 [WARN] PackLoader:240 - Cannot read IP mode file for Infineon.AIROC-Wi-Fi-Bluetooth-STM32.1.5.1
2023-12-03 15:12:06,098 [WARN] PackLoader:240 - Cannot read IP mode file for STMicroelectronics.FP-SNS-MOTENVWB1.1.3.0
2023-12-03 15:12:06,103 [WARN] PackLoader:240 - Cannot read IP mode file for STMicroelectronics.FP-SNS-MOTENVWB1.1.3.1
2023-12-03 15:12:06,179 [WARN] PackLoader:240 - Cannot read IP mode file for STMicroelectronics.X-CUBE-MEMS1.10.0.0
2023-12-03 15:12:06,339 [WARN] PackLoader:240 - Cannot read IP mode file for STMicroelectronics.X-CUBE-FREERTOS.1.1.0
2023-12-03 15:12:06,353 [WARN] PackLoader:240 - Cannot read IP mode file for portGmbH.I-Cube-SoM-uGOAL.1.1.0
2023-12-03 15:12:06,366 [WARN] PackLoader:240 - Cannot read IP mode file for STMicroelectronics.X-CUBE-ALS.1.0.1
2023-12-03 15:12:06,371 [WARN] PackLoader:240 - Cannot read IP mode file for STMicroelectronics.FP-ATR-ASTRA1.2.0.0
2023-12-03 15:12:06,391 [WARN] PackLoader:240 - Cannot read IP mode file for STMicroelectronics.X-CUBE-TOF1.3.4.0
2023-12-03 15:12:06,403 [INFO] ThirdParty:978 - Integrity check success = true
2023-12-03 15:12:06,403 [INFO] IntegrityCheckThread:100 - exiting critical section [integrity check]
2023-12-03 15:12:06,403 [INFO] IntegrityCheckThread:103 - End integrity checks thread
2023-12-03 15:12:27,006 [ERROR] LogOutputStream:75 - [STDERR_REDIRECT] SLF4J: Failed to load class "org.slf4j.impl.StaticLoggerBinder".
2023-12-03 15:12:27,007 [ERROR] LogOutputStream:75 - [STDERR_REDIRECT] SLF4J: Defaulting to no-operation (NOP) logger implementation
2023-12-03 15:12:27,009 [ERROR] LogOutputStream:75 - [STDERR_REDIRECT] SLF4J: See http://www.slf4j.org/codes.html#StaticLoggerBinder for further details.
2023-12-03 15:54:56,402 [ERROR] LogOutputStream:75 - [STDERR_REDIRECT] 
2023-12-03 15:54:56,404 [ERROR] LogOutputStream:75 - [STDERR_REDIRECT] 
