2023-11-29 16:56:05,355 [INFO] LogOutputStream:77 - [STDOUT_REDIRECT] 
2023-11-29 16:56:08,773 [INFO] ProjectBuilder:4747 - Time for Generating toolchain IDE Files: 5544mS.
2023-11-29 16:56:08,774 [INFO] ProjectBuilder:2947 - Time for Copy CMSIS : 1mS.
2023-11-29 16:56:08,781 [INFO] ProjectBuilder:2947 - Time for Copy CMSIS : 0mS.
2023-11-29 17:04:28,508 [WARN] IP:2119 - I2C_Coeff_DF not found: check if there is a RefParameter without a condition.
2023-11-29 17:04:28,508 [WARN] IP:2119 - Analog_Filter not found: check if there is a RefParameter without a condition.
2023-11-29 17:04:28,508 [WARN] IP:2119 - I2C_Coeff_DF not found: check if there is a RefParameter without a condition.
2023-11-29 17:04:28,508 [WARN] IP:2119 - Analog_Filter not found: check if there is a RefParameter without a condition.
2023-11-29 17:04:28,565 [WARN] IP:2119 - I2C_Coeff_DF not found: check if there is a RefParameter without a condition.
2023-11-29 17:04:28,565 [WARN] IP:2119 - Analog_Filter not found: check if there is a RefParameter without a condition.
2023-11-29 17:04:28,620 [WARN] IP:2119 - I2C_Coeff_DF not found: check if there is a RefParameter without a condition.
2023-11-29 17:04:28,621 [WARN] IP:2119 - Analog_Filter not found: check if there is a RefParameter without a condition.
2023-11-29 17:04:31,991 [WARN] IP:2119 - I2C_Coeff_DF not found: check if there is a RefParameter without a condition.
2023-11-29 17:04:31,991 [WARN] IP:2119 - Analog_Filter not found: check if there is a RefParameter without a condition.
2023-11-29 17:04:31,991 [WARN] IP:2119 - I2C_Coeff_DF not found: check if there is a RefParameter without a condition.
2023-11-29 17:04:31,991 [WARN] IP:2119 - Analog_Filter not found: check if there is a RefParameter without a condition.
2023-11-29 17:04:32,058 [WARN] IP:2119 - I2C_Coeff_DF not found: check if there is a RefParameter without a condition.
2023-11-29 17:04:32,058 [WARN] IP:2119 - Analog_Filter not found: check if there is a RefParameter without a condition.
2023-11-29 17:04:32,117 [WARN] IP:2119 - I2C_Coeff_DF not found: check if there is a RefParameter without a condition.
2023-11-29 17:04:32,117 [WARN] IP:2119 - Analog_Filter not found: check if there is a RefParameter without a condition.
2023-11-29 17:05:02,626 [INFO] NvicIntPanel:101 - NVIC parent = com.st.microxplorer.plugins.ip.nvic.MultiNvicIntPanel[,0,0,450x161,layout=javax.swing.BoxLayout,alignmentX=0.0,alignmentY=0.0,border=,flags=9,maximumSize=,minimumSize=,preferredSize=]
2023-11-29 17:05:11,285 [WARN] IP:2119 - I2C_Coeff_DF not found: check if there is a RefParameter without a condition.
2023-11-29 17:05:11,285 [WARN] IP:2119 - Analog_Filter not found: check if there is a RefParameter without a condition.
2023-11-29 17:05:11,286 [WARN] IP:2119 - I2C_Coeff_DF not found: check if there is a RefParameter without a condition.
2023-11-29 17:05:11,286 [WARN] IP:2119 - Analog_Filter not found: check if there is a RefParameter without a condition.
2023-11-29 17:05:20,777 [INFO] UtilMem:75 - End SaveConfig() Used Memory: 321278240 Bytes (839909376)
2023-11-29 17:05:23,065 [INFO] UtilMem:75 - End SaveConfig() Used Memory: 359026976 Bytes (839909376)
2023-11-29 17:05:23,300 [INFO] BlockDiagram:2759 - set Specific Code input for plugin: TIM1_8
2023-11-29 17:05:23,300 [INFO] BlockDiagram:2759 - set Specific Code input for plugin: SYS
2023-11-29 17:05:23,300 [INFO] BlockDiagram:2759 - set Specific Code input for plugin: ADC
2023-11-29 17:05:23,300 [INFO] BlockDiagram:2759 - set Specific Code input for plugin: RCC
2023-11-29 17:05:23,300 [INFO] BlockDiagram:2759 - set Specific Code input for plugin: I2C
2023-11-29 17:05:23,300 [INFO] BlockDiagram:2759 - set Specific Code input for plugin: NVIC
2023-11-29 17:05:23,300 [INFO] BlockDiagram:2759 - set Specific Code input for plugin: USART
2023-11-29 17:05:23,300 [INFO] BlockDiagram:2759 - set Specific Code input for plugin: TIM1_8
2023-11-29 17:05:23,301 [INFO] BlockDiagram:2759 - set Specific Code input for plugin: GPIO
2023-11-29 17:05:23,302 [INFO] CodeGenerator:807 - code generatio: config db path: C:\ST\STM32CubeIDE\plugins\com.st.stm32cube.common.mx_6.10.0.202311202037\\db\
2023-11-29 17:05:23,311 [WARN] IP:2119 - I2C_Coeff_DF not found: check if there is a RefParameter without a condition.
2023-11-29 17:05:23,312 [WARN] IP:2119 - Analog_Filter not found: check if there is a RefParameter without a condition.
2023-11-29 17:05:23,452 [INFO] CodeEngine:255 - oldGeneratedFile, C:\Users\metti\Desktop\DONTMODIFY_MARTA_Demo\MARTA_Demo\MXTmpFiles\license.tmp_save
2023-11-29 17:05:23,569 [INFO] CodeEngine:279 - Generated code: C:\Users\metti\Desktop\DONTMODIFY_MARTA_Demo\MARTA_Demo\MXTmpFiles\license.tmp
2023-11-29 17:05:23,604 [INFO] CodeEngine:255 - oldGeneratedFile, C:\Users\metti\Desktop\DONTMODIFY_MARTA_Demo\MARTA_Demo\MXTmpFiles\gpio.tmp_save
2023-11-29 17:05:23,744 [INFO] CodeEngine:279 - Generated code: C:\Users\metti\Desktop\DONTMODIFY_MARTA_Demo\MARTA_Demo\MXTmpFiles\gpio.tmp
2023-11-29 17:05:24,048 [INFO] CodeEngine:255 - oldGeneratedFile, C:\Users\metti\Desktop\DONTMODIFY_MARTA_Demo\MARTA_Demo\Core\Src\stm32f4xx_it.c_save
2023-11-29 17:05:24,224 [INFO] CodeEngine:279 - Generated code: C:\Users\metti\Desktop\DONTMODIFY_MARTA_Demo\MARTA_Demo\Core\Src\stm32f4xx_it.c
2023-11-29 17:05:24,235 [INFO] CodeEngine:255 - oldGeneratedFile, C:\Users\metti\Desktop\DONTMODIFY_MARTA_Demo\MARTA_Demo\Core\Inc\stm32f4xx_it.h_save
2023-11-29 17:05:24,337 [INFO] CodeEngine:279 - Generated code: C:\Users\metti\Desktop\DONTMODIFY_MARTA_Demo\MARTA_Demo\Core\Inc\stm32f4xx_it.h
2023-11-29 17:05:24,377 [INFO] CodeEngine:255 - oldGeneratedFile, C:\Users\metti\Desktop\DONTMODIFY_MARTA_Demo\MARTA_Demo\Core\Src\stm32f4xx_hal_msp.c_save
2023-11-29 17:05:24,600 [INFO] CodeEngine:279 - Generated code: C:\Users\metti\Desktop\DONTMODIFY_MARTA_Demo\MARTA_Demo\Core\Src\stm32f4xx_hal_msp.c
2023-11-29 17:05:24,620 [INFO] CodeEngine:255 - oldGeneratedFile, C:\Users\metti\Desktop\DONTMODIFY_MARTA_Demo\MARTA_Demo\MXTmpFiles\system.tmp_save
2023-11-29 17:05:24,803 [INFO] CodeEngine:279 - Generated code: C:\Users\metti\Desktop\DONTMODIFY_MARTA_Demo\MARTA_Demo\MXTmpFiles\system.tmp
2023-11-29 17:05:24,832 [INFO] CodeEngine:311 - oldGeneratedFile, C:\Users\metti\Desktop\DONTMODIFY_MARTA_Demo\MARTA_Demo\Core\Inc\stm32f4xx_hal_conf.h_save
2023-11-29 17:05:24,985 [INFO] CodeEngine:335 - Generated code: C:\Users\metti\Desktop\DONTMODIFY_MARTA_Demo\MARTA_Demo\Core\Inc\stm32f4xx_hal_conf.h
2023-11-29 17:05:25,028 [WARN] IPConfigManager:3440 - IP not found : TIM
2023-11-29 17:05:25,028 [WARN] CodeGenerator:3939 - IP not found : null
2023-11-29 17:05:25,049 [INFO] CodeEngine:255 - oldGeneratedFile, C:\Users\metti\Desktop\DONTMODIFY_MARTA_Demo\MARTA_Demo\Core\Inc\main.h_save
2023-11-29 17:05:25,170 [INFO] CodeEngine:279 - Generated code: C:\Users\metti\Desktop\DONTMODIFY_MARTA_Demo\MARTA_Demo\Core\Inc\main.h
2023-11-29 17:05:25,190 [INFO] CodeEngine:255 - oldGeneratedFile, C:\Users\metti\Desktop\DONTMODIFY_MARTA_Demo\MARTA_Demo\Core\Src\main.c_save
2023-11-29 17:05:25,386 [INFO] CodeEngine:279 - Generated code: C:\Users\metti\Desktop\DONTMODIFY_MARTA_Demo\MARTA_Demo\Core\Src\main.c
2023-11-29 17:05:26,288 [INFO] ProjectBuilder:3076 - Time for Copy HAL[1] : 254mS.
2023-11-29 17:05:26,292 [INFO] ProjectBuilder:4485 - Project Generator version: 4.2.0-B44
2023-11-29 17:05:26,527 [INFO] ConfigFileManager:1495 - The Die is : DIE413
2023-11-29 17:05:29,105 [INFO] ProjectBuilder:4747 - Time for Generating toolchain IDE Files: 2813mS.
2023-11-29 17:05:29,106 [INFO] ProjectBuilder:2947 - Time for Copy CMSIS : 1mS.
2023-11-29 17:05:29,114 [INFO] ProjectBuilder:2947 - Time for Copy CMSIS : 1mS.
2023-11-29 17:23:46,263 [WARN] IP:2119 - I2C_Coeff_DF not found: check if there is a RefParameter without a condition.
2023-11-29 17:23:46,263 [WARN] IP:2119 - Analog_Filter not found: check if there is a RefParameter without a condition.
2023-11-29 17:23:46,264 [WARN] IP:2119 - I2C_Coeff_DF not found: check if there is a RefParameter without a condition.
2023-11-29 17:23:46,264 [WARN] IP:2119 - Analog_Filter not found: check if there is a RefParameter without a condition.
2023-11-29 17:23:46,322 [WARN] IP:2119 - I2C_Coeff_DF not found: check if there is a RefParameter without a condition.
2023-11-29 17:23:46,322 [WARN] IP:2119 - Analog_Filter not found: check if there is a RefParameter without a condition.
2023-11-29 17:23:46,377 [WARN] IP:2119 - I2C_Coeff_DF not found: check if there is a RefParameter without a condition.
2023-11-29 17:23:46,377 [WARN] IP:2119 - Analog_Filter not found: check if there is a RefParameter without a condition.
2023-11-29 17:23:49,104 [INFO] UtilMem:75 - End SaveConfig() Used Memory: 633842904 Bytes (982515712)
2023-11-29 17:23:51,156 [INFO] UtilMem:75 - End SaveConfig() Used Memory: 675259608 Bytes (982515712)
2023-11-29 17:23:51,396 [INFO] BlockDiagram:2759 - set Specific Code input for plugin: TIM1_8
2023-11-29 17:23:51,396 [INFO] BlockDiagram:2759 - set Specific Code input for plugin: SYS
2023-11-29 17:23:51,396 [INFO] BlockDiagram:2759 - set Specific Code input for plugin: ADC
2023-11-29 17:23:51,396 [INFO] BlockDiagram:2759 - set Specific Code input for plugin: RCC
2023-11-29 17:23:51,396 [INFO] BlockDiagram:2759 - set Specific Code input for plugin: I2C
2023-11-29 17:23:51,396 [INFO] BlockDiagram:2759 - set Specific Code input for plugin: NVIC
2023-11-29 17:23:51,396 [INFO] BlockDiagram:2759 - set Specific Code input for plugin: TIM1_8
2023-11-29 17:23:51,396 [INFO] BlockDiagram:2759 - set Specific Code input for plugin: GPIO
2023-11-29 17:23:51,397 [INFO] CodeGenerator:807 - code generatio: config db path: C:\ST\STM32CubeIDE\plugins\com.st.stm32cube.common.mx_6.10.0.202311202037\\db\
2023-11-29 17:23:51,405 [WARN] IP:2119 - I2C_Coeff_DF not found: check if there is a RefParameter without a condition.
2023-11-29 17:23:51,405 [WARN] IP:2119 - Analog_Filter not found: check if there is a RefParameter without a condition.
2023-11-29 17:23:51,545 [INFO] CodeEngine:255 - oldGeneratedFile, C:\Users\metti\Desktop\DONTMODIFY_MARTA_Demo\MARTA_Demo\MXTmpFiles\license.tmp_save
2023-11-29 17:23:51,742 [INFO] CodeEngine:279 - Generated code: C:\Users\metti\Desktop\DONTMODIFY_MARTA_Demo\MARTA_Demo\MXTmpFiles\license.tmp
2023-11-29 17:23:51,773 [INFO] CodeEngine:255 - oldGeneratedFile, C:\Users\metti\Desktop\DONTMODIFY_MARTA_Demo\MARTA_Demo\MXTmpFiles\gpio.tmp_save
2023-11-29 17:23:51,911 [INFO] CodeEngine:279 - Generated code: C:\Users\metti\Desktop\DONTMODIFY_MARTA_Demo\MARTA_Demo\MXTmpFiles\gpio.tmp
2023-11-29 17:23:52,113 [INFO] CodeEngine:255 - oldGeneratedFile, C:\Users\metti\Desktop\DONTMODIFY_MARTA_Demo\MARTA_Demo\Core\Src\stm32f4xx_it.c_save
2023-11-29 17:23:52,356 [INFO] CodeEngine:279 - Generated code: C:\Users\metti\Desktop\DONTMODIFY_MARTA_Demo\MARTA_Demo\Core\Src\stm32f4xx_it.c
2023-11-29 17:23:52,374 [INFO] CodeEngine:255 - oldGeneratedFile, C:\Users\metti\Desktop\DONTMODIFY_MARTA_Demo\MARTA_Demo\Core\Inc\stm32f4xx_it.h_save
2023-11-29 17:23:52,456 [INFO] CodeEngine:279 - Generated code: C:\Users\metti\Desktop\DONTMODIFY_MARTA_Demo\MARTA_Demo\Core\Inc\stm32f4xx_it.h
2023-11-29 17:23:52,490 [INFO] CodeEngine:255 - oldGeneratedFile, C:\Users\metti\Desktop\DONTMODIFY_MARTA_Demo\MARTA_Demo\Core\Src\stm32f4xx_hal_msp.c_save
2023-11-29 17:23:52,659 [INFO] CodeEngine:279 - Generated code: C:\Users\metti\Desktop\DONTMODIFY_MARTA_Demo\MARTA_Demo\Core\Src\stm32f4xx_hal_msp.c
2023-11-29 17:23:52,672 [INFO] CodeEngine:255 - oldGeneratedFile, C:\Users\metti\Desktop\DONTMODIFY_MARTA_Demo\MARTA_Demo\MXTmpFiles\system.tmp_save
2023-11-29 17:23:52,750 [INFO] CodeEngine:279 - Generated code: C:\Users\metti\Desktop\DONTMODIFY_MARTA_Demo\MARTA_Demo\MXTmpFiles\system.tmp
2023-11-29 17:23:52,775 [INFO] CodeEngine:311 - oldGeneratedFile, C:\Users\metti\Desktop\DONTMODIFY_MARTA_Demo\MARTA_Demo\Core\Inc\stm32f4xx_hal_conf.h_save
2023-11-29 17:23:52,905 [INFO] CodeEngine:335 - Generated code: C:\Users\metti\Desktop\DONTMODIFY_MARTA_Demo\MARTA_Demo\Core\Inc\stm32f4xx_hal_conf.h
2023-11-29 17:23:52,949 [WARN] IPConfigManager:3440 - IP not found : TIM
2023-11-29 17:23:52,950 [WARN] CodeGenerator:3939 - IP not found : null
2023-11-29 17:23:52,971 [INFO] CodeEngine:255 - oldGeneratedFile, C:\Users\metti\Desktop\DONTMODIFY_MARTA_Demo\MARTA_Demo\Core\Inc\main.h_save
2023-11-29 17:23:53,127 [INFO] CodeEngine:279 - Generated code: C:\Users\metti\Desktop\DONTMODIFY_MARTA_Demo\MARTA_Demo\Core\Inc\main.h
2023-11-29 17:23:53,145 [INFO] CodeEngine:255 - oldGeneratedFile, C:\Users\metti\Desktop\DONTMODIFY_MARTA_Demo\MARTA_Demo\Core\Src\main.c_save
2023-11-29 17:23:53,321 [INFO] CodeEngine:279 - Generated code: C:\Users\metti\Desktop\DONTMODIFY_MARTA_Demo\MARTA_Demo\Core\Src\main.c
2023-11-29 17:23:54,155 [INFO] ProjectBuilder:3076 - Time for Copy HAL[1] : 259mS.
2023-11-29 17:23:54,162 [INFO] ProjectBuilder:4485 - Project Generator version: 4.2.0-B44
2023-11-29 17:23:54,427 [INFO] ConfigFileManager:1495 - The Die is : DIE413
2023-11-29 17:23:56,510 [INFO] ProjectBuilder:4747 - Time for Generating toolchain IDE Files: 2347mS.
2023-11-29 17:23:56,511 [INFO] ProjectBuilder:2947 - Time for Copy CMSIS : 1mS.
2023-11-29 17:23:56,554 [INFO] ProjectBuilder:2947 - Time for Copy CMSIS : 0mS.
2023-11-29 18:40:50,916 [ERROR] LogOutputStream:75 - [STDERR_REDIRECT] 
