2023-10-31 09:33:27,052 [INFO] Activator:176 - 


2023-10-31 09:33:27,068 [INFO] Activator:177 - !SESSION log4j initialized
2023-10-31 09:33:33,014 [INFO] LogOutputStream:77 - [STDOUT_REDIRECT] 
2023-10-31 09:33:34,907 [INFO] ApplicationProperties:184 - Using Application install path: D:\ST\STM32CubeIDE_1.13.2\STM32CubeIDE\plugins\com.st.stm32cube.common.mx_6.9.2.202309101412
2023-10-31 09:33:34,926 [INFO] DbMcusXml:78 - Set database path to: D:\ST\STM32CubeIDE_1.13.2\STM32CubeIDE\plugins\com.st.stm32cube.common.mx_6.9.2.202309101412\\db\/mcu/
2023-10-31 09:33:34,926 [INFO] ApiDb:274 - Set plugin database path to: D:\ST\STM32CubeIDE_1.13.2\STM32CubeIDE\plugins\com.st.stm32cube.common.mx_6.9.2.202309101412\\db\/plugins/boardmanager/
2023-10-31 09:33:34,934 [WARN] ApiDb:259 - Overriding images path with different value:  => D:\ST\STM32CubeIDE_1.13.2\STM32CubeIDE\plugins\com.st.stm32cube.common.mx_6.9.2.202309101412\\db\/plugins/mcufinder/images/
2023-10-31 09:33:34,977 [INFO] ApiDb:250 - Set database path to: C:\Users\metti\.stmcufinder\plugins\mcufinder//mcu/
2023-10-31 09:33:34,978 [INFO] DbMcusAds:125 - Set database path to: C:\Users\metti\.stmcufinder\plugins\mcufinder//mcu/
2023-10-31 09:33:34,980 [INFO] CrossReferenceDbSqlite:203 - Set database path to: C:\Users\metti\.stmcufinder\plugins\mcufinder//mcu/cs/
2023-10-31 09:33:35,092 [INFO] RulesReader:64 - Compatibility file has been processed (293 Rules)
2023-10-31 09:33:35,206 [INFO] DbMcusXml:78 - Set database path to: D:\ST\STM32CubeIDE_1.13.2\STM32CubeIDE\plugins\com.st.stm32cube.common.mx_6.9.2.202309101412\\db\/mcu/
2023-10-31 09:33:35,207 [INFO] ApiDb:274 - Set plugin database path to: D:\ST\STM32CubeIDE_1.13.2\STM32CubeIDE\plugins\com.st.stm32cube.common.mx_6.9.2.202309101412\\db\/plugins/boardmanager/
2023-10-31 09:33:35,207 [INFO] ApiDb:261 - Set plugin images path to: D:\ST\STM32CubeIDE_1.13.2\STM32CubeIDE\plugins\com.st.stm32cube.common.mx_6.9.2.202309101412\\db\/plugins/mcufinder/images/
2023-10-31 09:33:35,207 [WARN] DbFile:41 - Overriding database path with different value: C:\Users\metti\.stmcufinder\plugins\mcufinder/ => C:\Users\metti\.stmcufinder\plugins\mcufinder
2023-10-31 09:33:35,207 [INFO] ApiDb:250 - Set database path to: C:\Users\metti\.stmcufinder\plugins\mcufinder//mcu/
2023-10-31 09:33:35,207 [WARN] DbFile:41 - Overriding database path with different value: C:\Users\metti\.stmcufinder\plugins\mcufinder/ => C:\Users\metti\.stmcufinder\plugins\mcufinder
2023-10-31 09:33:35,207 [INFO] DbMcusAds:125 - Set database path to: C:\Users\metti\.stmcufinder\plugins\mcufinder//mcu/
2023-10-31 09:33:35,207 [WARN] DbFile:41 - Overriding database path with different value: C:\Users\metti\.stmcufinder\plugins\mcufinder/ => C:\Users\metti\.stmcufinder\plugins\mcufinder
2023-10-31 09:33:35,207 [WARN] DbFile:41 - Overriding database path with different value: C:\Users\metti\.stmcufinder\plugins\mcufinder/ => C:\Users\metti\.stmcufinder\plugins\mcufinder
2023-10-31 09:33:35,207 [INFO] CrossReferenceDbSqlite:203 - Set database path to: C:\Users\metti\.stmcufinder\plugins\mcufinder//mcu/cs/
2023-10-31 09:33:35,284 [INFO] MainPanel:262 - HeapMemory: 268435456
2023-10-31 09:33:35,436 [INFO] DbMcusXml:78 - Set database path to: D:\ST\STM32CubeIDE_1.13.2\STM32CubeIDE\plugins\com.st.stm32cube.common.mx_6.9.2.202309101412\\db\/mcu/
2023-10-31 09:33:35,436 [INFO] ApiDb:274 - Set plugin database path to: D:\ST\STM32CubeIDE_1.13.2\STM32CubeIDE\plugins\com.st.stm32cube.common.mx_6.9.2.202309101412\\db\/plugins/boardmanager/
2023-10-31 09:33:35,436 [INFO] ApiDb:261 - Set plugin images path to: D:\ST\STM32CubeIDE_1.13.2\STM32CubeIDE\plugins\com.st.stm32cube.common.mx_6.9.2.202309101412\\db\/plugins/mcufinder/images/
2023-10-31 09:33:35,437 [WARN] DbFile:41 - Overriding database path with different value: C:\Users\metti\.stmcufinder\plugins\mcufinder/ => C:\Users\metti\.stmcufinder\plugins\mcufinder
2023-10-31 09:33:35,437 [INFO] ApiDb:250 - Set database path to: C:\Users\metti\.stmcufinder\plugins\mcufinder//mcu/
2023-10-31 09:33:35,437 [WARN] DbFile:41 - Overriding database path with different value: C:\Users\metti\.stmcufinder\plugins\mcufinder/ => C:\Users\metti\.stmcufinder\plugins\mcufinder
2023-10-31 09:33:35,437 [INFO] DbMcusAds:125 - Set database path to: C:\Users\metti\.stmcufinder\plugins\mcufinder//mcu/
2023-10-31 09:33:35,437 [WARN] DbFile:41 - Overriding database path with different value: C:\Users\metti\.stmcufinder\plugins\mcufinder/ => C:\Users\metti\.stmcufinder\plugins\mcufinder
2023-10-31 09:33:35,437 [WARN] DbFile:41 - Overriding database path with different value: C:\Users\metti\.stmcufinder\plugins\mcufinder/ => C:\Users\metti\.stmcufinder\plugins\mcufinder
2023-10-31 09:33:35,437 [INFO] CrossReferenceDbSqlite:203 - Set database path to: C:\Users\metti\.stmcufinder\plugins\mcufinder//mcu/cs/
2023-10-31 09:33:35,464 [INFO] ApplicationProperties:184 - Using Application install path: D:\ST\STM32CubeIDE_1.13.2\STM32CubeIDE\plugins\com.st.stm32cube.common.mx_6.9.2.202309101412
2023-10-31 09:33:35,466 [INFO] PluginManage:196 - Search for loadable plugins [exclusion list=, ]
2023-10-31 09:33:35,483 [INFO] PluginManage:310 - Check plugin analytics
2023-10-31 09:33:35,709 [INFO] AnalyticsPlugin:253 - Accepted Software Licenses: 
2023-10-31 09:33:35,709 [INFO] AnalyticsPlugin:255 - Accepted CMSIS Pack Licenses: 
2023-10-31 09:33:35,709 [INFO] AnalyticsPlugin:257 - Accepted Firmware Licenses: FW.F4.1.27.0
2023-10-31 09:33:35,713 [INFO] PluginManage:359 - Loaded plugin analytics (category:tool,tabindex:-1)
2023-10-31 09:33:35,714 [INFO] PluginManage:310 - Check plugin cadmodel
2023-10-31 09:33:35,726 [INFO] CADModel:105 - Init CAD model plugin
2023-10-31 09:33:35,726 [INFO] PluginManage:359 - Loaded plugin cadmodel (category:power,tabindex:5)
2023-10-31 09:33:35,726 [INFO] PluginManage:310 - Check plugin clock
2023-10-31 09:33:35,744 [INFO] PluginManage:359 - Loaded plugin clock (category:base,tabindex:2)
2023-10-31 09:33:35,744 [INFO] PluginManage:310 - Check plugin ddr
2023-10-31 09:33:35,746 [INFO] PluginManage:359 - Loaded plugin ddr (category:tool,tabindex:6)
2023-10-31 09:33:35,746 [INFO] PluginManage:310 - Check plugin filemanager
2023-10-31 09:33:35,896 [INFO] PluginManage:359 - Loaded plugin filemanager (category:base,tabindex:10)
2023-10-31 09:33:35,897 [INFO] PluginManage:310 - Check plugin ipmanager
2023-10-31 09:33:35,903 [INFO] PluginManage:359 - Loaded plugin ipmanager (category:base,tabindex:5)
2023-10-31 09:33:35,903 [INFO] PluginManage:310 - Check plugin lpbam
2023-10-31 09:33:35,918 [INFO] PluginManage:359 - Loaded plugin lpbam (category:base,tabindex:0)
2023-10-31 09:33:35,918 [INFO] PluginManage:310 - Check plugin memorymap
2023-10-31 09:33:35,939 [INFO] PluginManage:359 - Loaded plugin memorymap (category:base,tabindex:4)
2023-10-31 09:33:35,939 [INFO] PluginManage:310 - Check plugin pinoutandconfiguration
2023-10-31 09:33:35,953 [INFO] PluginManage:359 - Loaded plugin pinoutandconfiguration (category:base,tabindex:1)
2023-10-31 09:33:35,953 [INFO] PluginManage:310 - Check plugin pinoutconfig
2023-10-31 09:33:36,057 [WARN] SupportedApi:132 - Cannot load RTOS API schema: s4s-elt-must-match.1: The content of 'definitions' must match (annotation?, (simpleType | complexType)?, (unique | key | keyref)*)). A problem was found starting at: attribute.
2023-10-31 09:33:36,203 [INFO] PluginManage:359 - Loaded plugin pinoutconfig (category:base,tabindex:0)
2023-10-31 09:33:36,203 [INFO] PluginManage:310 - Check plugin power
2023-10-31 09:33:36,221 [INFO] PluginManage:359 - Loaded plugin power (category:power,tabindex:4)
2023-10-31 09:33:36,221 [INFO] PluginManage:310 - Check plugin projectmanager
2023-10-31 09:33:36,238 [INFO] PluginManage:359 - Loaded plugin projectmanager (category:projectmanager,tabindex:3)
2023-10-31 09:33:36,239 [INFO] PluginManage:310 - Check plugin thirdparty
2023-10-31 09:33:36,499 [WARN] IntegrityCheckThread:84 - waiting for thirdparty lock release [integrity check]
2023-10-31 09:33:36,499 [INFO] PluginManage:359 - Loaded plugin thirdparty (category:base,tabindex:-1)
2023-10-31 09:33:36,499 [INFO] IntegrityCheckThread:86 - entering critical section [integrity check]
2023-10-31 09:33:36,500 [INFO] PluginManage:310 - Check plugin tools
2023-10-31 09:33:36,501 [INFO] ThirdPartyUpdaterWithRetryManager:70 - Updater plugin not ready yet. [1/15]
2023-10-31 09:33:36,527 [INFO] PluginManage:359 - Loaded plugin tools (category:base,tabindex:7)
2023-10-31 09:33:36,528 [INFO] PluginManage:310 - Check plugin tutovideos
2023-10-31 09:33:36,721 [INFO] PluginManage:359 - Loaded plugin tutovideos (category:base,tabindex:-1)
2023-10-31 09:33:36,721 [INFO] PluginManage:310 - Check plugin updater
2023-10-31 09:33:36,734 [INFO] PluginManage:359 - Loaded plugin updater (category:base,tabindex:12)
2023-10-31 09:33:36,734 [INFO] PluginManage:310 - Check plugin userauth
2023-10-31 09:33:36,740 [INFO] UserAuth:113 - Init User Auth plugin
2023-10-31 09:33:36,740 [INFO] PluginManage:359 - Loaded plugin userauth (category:base,tabindex:14)
2023-10-31 09:33:36,740 [INFO] PluginManage:283 - PluginManage : Loaded plugins [17]
2023-10-31 09:33:36,980 [INFO] PinOutPanel:1499 - setPackage(No Configuration,No Configuration)
2023-10-31 09:33:37,084 [INFO] CADModel:165 - CPN selected for project level
2023-10-31 09:33:37,085 [INFO] CADModel:114 - Register for checkConnection events
2023-10-31 09:33:37,107 [INFO] IPUIPlugin:80 - create IPUIPlugin
2023-10-31 09:33:37,107 [INFO] PluginManager:220 - loadIPPluginJar : add adc
2023-10-31 09:33:37,134 [INFO] IPUIPlugin:80 - create IPUIPlugin
2023-10-31 09:33:37,134 [INFO] PluginManager:220 - loadIPPluginJar : add aes
2023-10-31 09:33:37,165 [INFO] IPUIPlugin:80 - create IPUIPlugin
2023-10-31 09:33:37,165 [INFO] PluginManager:220 - loadIPPluginJar : add can
2023-10-31 09:33:37,181 [INFO] IPUIPlugin:80 - create IPUIPlugin
2023-10-31 09:33:37,182 [INFO] PluginManager:220 - loadIPPluginJar : add comp
2023-10-31 09:33:37,205 [INFO] IPUIPlugin:80 - create IPUIPlugin
2023-10-31 09:33:37,205 [INFO] PluginManager:220 - loadIPPluginJar : add cryp
2023-10-31 09:33:37,227 [INFO] IPUIPlugin:80 - create IPUIPlugin
2023-10-31 09:33:37,227 [INFO] PluginManager:220 - loadIPPluginJar : add dfsdm
2023-10-31 09:33:37,237 [INFO] IPUIPlugin:80 - create IPUIPlugin
2023-10-31 09:33:37,237 [INFO] PluginManager:220 - loadIPPluginJar : add dma
2023-10-31 09:33:37,268 [INFO] IPUIPlugin:80 - create IPUIPlugin
2023-10-31 09:33:37,268 [INFO] PluginManager:220 - loadIPPluginJar : add dma3
2023-10-31 09:33:37,282 [INFO] IPUIPlugin:80 - create IPUIPlugin
2023-10-31 09:33:37,282 [INFO] PluginManager:220 - loadIPPluginJar : add fatfs
2023-10-31 09:33:37,317 [INFO] IPUIPlugin:80 - create IPUIPlugin
2023-10-31 09:33:37,317 [INFO] PluginManager:220 - loadIPPluginJar : add fmc
2023-10-31 09:33:37,329 [INFO] IPUIPlugin:80 - create IPUIPlugin
2023-10-31 09:33:37,330 [INFO] PluginManager:220 - loadIPPluginJar : add freertos
2023-10-31 09:33:37,345 [INFO] IPUIPlugin:80 - create IPUIPlugin
2023-10-31 09:33:37,345 [INFO] PluginManager:220 - loadIPPluginJar : add genericplugin
2023-10-31 09:33:37,410 [INFO] IPUIPlugin:80 - create IPUIPlugin
2023-10-31 09:33:37,410 [INFO] PluginManager:220 - loadIPPluginJar : add gfxmmu
2023-10-31 09:33:37,505 [INFO] IPUIPlugin:80 - create IPUIPlugin
2023-10-31 09:33:37,505 [INFO] PluginManager:220 - loadIPPluginJar : add gic
2023-10-31 09:33:37,515 [INFO] IPUIPlugin:80 - create IPUIPlugin
2023-10-31 09:33:37,515 [INFO] PluginManager:220 - loadIPPluginJar : add gpio
2023-10-31 09:33:37,586 [INFO] IPUIPlugin:80 - create IPUIPlugin
2023-10-31 09:33:37,586 [INFO] PluginManager:220 - loadIPPluginJar : add gtzc
2023-10-31 09:33:37,609 [INFO] IPUIPlugin:80 - create IPUIPlugin
2023-10-31 09:33:37,609 [INFO] PluginManager:220 - loadIPPluginJar : add hash
2023-10-31 09:33:37,648 [INFO] IPUIPlugin:80 - create IPUIPlugin
2023-10-31 09:33:37,648 [INFO] PluginManager:220 - loadIPPluginJar : add i2c
2023-10-31 09:33:37,677 [INFO] IPUIPlugin:80 - create IPUIPlugin
2023-10-31 09:33:37,677 [INFO] PluginManager:220 - loadIPPluginJar : add i2s
2023-10-31 09:33:37,706 [INFO] IPUIPlugin:80 - create IPUIPlugin
2023-10-31 09:33:37,706 [INFO] PluginManager:220 - loadIPPluginJar : add i3c
2023-10-31 09:33:37,789 [INFO] IPUIPlugin:80 - create IPUIPlugin
2023-10-31 09:33:37,789 [INFO] PluginManager:220 - loadIPPluginJar : add ipddr
2023-10-31 09:33:37,856 [INFO] IPUIPlugin:80 - create IPUIPlugin
2023-10-31 09:33:37,856 [INFO] PluginManager:220 - loadIPPluginJar : add linkedlist
2023-10-31 09:33:37,880 [INFO] IPUIPlugin:80 - create IPUIPlugin
2023-10-31 09:33:37,880 [INFO] PluginManager:220 - loadIPPluginJar : add lorawan
2023-10-31 09:33:37,906 [INFO] IPUIPlugin:80 - create IPUIPlugin
2023-10-31 09:33:37,906 [INFO] PluginManager:220 - loadIPPluginJar : add ltdc
2023-10-31 09:33:37,917 [INFO] IPUIPlugin:80 - create IPUIPlugin
2023-10-31 09:33:37,918 [INFO] PluginManager:220 - loadIPPluginJar : add mdma
2023-10-31 09:33:37,927 [INFO] IPUIPlugin:80 - create IPUIPlugin
2023-10-31 09:33:37,927 [INFO] PluginManager:220 - loadIPPluginJar : add nvic
2023-10-31 09:33:37,952 [INFO] IPUIPlugin:80 - create IPUIPlugin
2023-10-31 09:33:37,952 [INFO] PluginManager:220 - loadIPPluginJar : add opamp
2023-10-31 09:33:37,994 [INFO] IPUIPlugin:80 - create IPUIPlugin
2023-10-31 09:33:37,995 [INFO] PluginManager:220 - loadIPPluginJar : add openamp
2023-10-31 09:33:38,026 [INFO] IPUIPlugin:80 - create IPUIPlugin
2023-10-31 09:33:38,026 [INFO] PluginManager:220 - loadIPPluginJar : add pdm2pcm
2023-10-31 09:33:38,036 [INFO] IPUIPlugin:80 - create IPUIPlugin
2023-10-31 09:33:38,039 [INFO] PluginManager:220 - loadIPPluginJar : add plateformsettings
2023-10-31 09:33:38,054 [INFO] IPUIPlugin:80 - create IPUIPlugin
2023-10-31 09:33:38,055 [INFO] PluginManager:220 - loadIPPluginJar : add quadspi
2023-10-31 09:33:38,072 [INFO] IPUIPlugin:80 - create IPUIPlugin
2023-10-31 09:33:38,072 [INFO] PluginManager:220 - loadIPPluginJar : add resmgrutility
2023-10-31 09:33:38,111 [INFO] IPUIPlugin:80 - create IPUIPlugin
2023-10-31 09:33:38,111 [INFO] PluginManager:220 - loadIPPluginJar : add sai
2023-10-31 09:33:38,138 [INFO] IPUIPlugin:80 - create IPUIPlugin
2023-10-31 09:33:38,138 [INFO] PluginManager:220 - loadIPPluginJar : add spi
2023-10-31 09:33:38,181 [INFO] IPUIPlugin:80 - create IPUIPlugin
2023-10-31 09:33:38,181 [INFO] PluginManager:220 - loadIPPluginJar : add stm32_wpan
2023-10-31 09:33:38,198 [INFO] IPUIPlugin:80 - create IPUIPlugin
2023-10-31 09:33:38,198 [INFO] PluginManager:220 - loadIPPluginJar : add tim
2023-10-31 09:33:38,239 [INFO] IPUIPlugin:80 - create IPUIPlugin
2023-10-31 09:33:38,240 [INFO] PluginManager:220 - loadIPPluginJar : add touchsensing
2023-10-31 09:33:38,255 [INFO] IPUIPlugin:80 - create IPUIPlugin
2023-10-31 09:33:38,255 [INFO] PluginManager:220 - loadIPPluginJar : add tracer_emb
2023-10-31 09:33:38,272 [INFO] IPUIPlugin:80 - create IPUIPlugin
2023-10-31 09:33:38,272 [INFO] PluginManager:220 - loadIPPluginJar : add ts
2023-10-31 09:33:38,286 [INFO] IPUIPlugin:80 - create IPUIPlugin
2023-10-31 09:33:38,287 [INFO] PluginManager:220 - loadIPPluginJar : add tsc
2023-10-31 09:33:38,302 [INFO] IPUIPlugin:80 - create IPUIPlugin
2023-10-31 09:33:38,303 [INFO] PluginManager:220 - loadIPPluginJar : add ucpd
2023-10-31 09:33:38,334 [INFO] IPUIPlugin:80 - create IPUIPlugin
2023-10-31 09:33:38,335 [INFO] PluginManager:220 - loadIPPluginJar : add usart
2023-10-31 09:33:38,366 [INFO] IPUIPlugin:80 - create IPUIPlugin
2023-10-31 09:33:38,366 [INFO] PluginManager:220 - loadIPPluginJar : add usbx
2023-10-31 09:33:38,490 [INFO] CADModel:165 - CPN selected for project level
2023-10-31 09:33:38,491 [INFO] CADModel:114 - Register for checkConnection events
2023-10-31 09:33:38,491 [FATAL] Updater:308 - Updater called before beeing initialized
2023-10-31 09:33:38,492 [ERROR] CADModel:125 - Updater not yet initialized, retry later 
2023-10-31 09:33:38,678 [INFO] CADModel:165 - CPN selected for project level
2023-10-31 09:33:38,678 [INFO] CADModel:114 - Register for checkConnection events
2023-10-31 09:33:38,678 [FATAL] Updater:308 - Updater called before beeing initialized
2023-10-31 09:33:38,678 [ERROR] CADModel:125 - Updater not yet initialized, retry later 
2023-10-31 09:33:38,682 [FATAL] Updater:308 - Updater called before beeing initialized
2023-10-31 09:33:38,769 [FATAL] Updater:308 - Updater called before beeing initialized
2023-10-31 09:33:38,778 [INFO] DbMcusAds:53 - JSON generation date=Tue Mar 07 09:50:55 CET 2023 (1678179055114)
2023-10-31 09:33:38,778 [FATAL] Updater:308 - Updater called before beeing initialized
2023-10-31 09:33:38,850 [WARN] DetailPanel:346 - Failed to get advertising image, set to default
2023-10-31 09:33:38,932 [FATAL] Updater:308 - Updater called before beeing initialized
2023-10-31 09:33:38,935 [FATAL] Updater:308 - Updater called before beeing initialized
2023-10-31 09:33:38,935 [FATAL] Updater:308 - Updater called before beeing initialized
2023-10-31 09:33:38,935 [WARN] DetailPanel:346 - Failed to get advertising image, set to default
2023-10-31 09:33:38,936 [FATAL] Updater:308 - Updater called before beeing initialized
2023-10-31 09:33:38,991 [ERROR] Updater:1120 - MainUpdater not yet initialized. External WinMGr cannot be set.
2023-10-31 09:33:38,999 [INFO] Updater:1056 - Updater Version found : 6.9.2
2023-10-31 09:33:39,015 [INFO] ApplicationProperties:184 - Using Application install path: D:\ST\STM32CubeIDE_1.13.2\STM32CubeIDE\plugins\com.st.stm32cube.common.mx_6.9.2.202309101412
2023-10-31 09:33:39,153 [INFO] MainUpdater:2868 - connection check result : 10
2023-10-31 09:33:39,154 [INFO] MainUpdater:3562 - Updater definition file requires update
2023-10-31 09:33:39,155 [INFO] MainUpdater:285 - Updater Check For Update Now.
2023-10-31 09:33:39,155 [INFO] MicroXplorer:498 - Change Database Version : DB.6.0.92
2023-10-31 09:33:39,168 [INFO] McuFinderGlobals:63 - Set McuFinder mode to 2 (CubeIDE integrated)
2023-10-31 09:33:39,176 [INFO] ServerAccessManage:473 - Download File updaters.zip
2023-10-31 09:33:39,242 [INFO] FileExtend:240 - Unzip File : updaters.zip
2023-10-31 09:33:39,243 [INFO] FileExtend:255 - Standard Zip Deflate
2023-10-31 09:33:39,503 [WARN] MainUpdater:1189 - Updater busy. Cannot search thirdparties
2023-10-31 09:33:39,503 [INFO] ThirdPartyUpdaterWithRetryManager:96 - Updater plugin is busy. [1/15]
2023-10-31 09:33:39,588 [INFO] ServerAccessManage:473 - Download File PacksControlFlags.xml
2023-10-31 09:33:39,681 [INFO] ServerAccessManage:473 - Download File cubemx.pidx
2023-10-31 09:33:40,210 [INFO] ServerAccessManage:473 - Download File STMicroelectronics.X-CUBE-BLEMGR.pdsc
2023-10-31 09:33:40,462 [INFO] ServerAccessManage:473 - Download File STMicroelectronics.X-CUBE-EEPRMA1.pdsc
2023-10-31 09:33:40,712 [ERROR] ServerAccessManage:1089 - Problem, file not found on Server
2023-10-31 09:33:41,006 [INFO] ServerAccessManage:473 - Download File STMicroelectronics.X-CUBE-MEMS1.pdsc
2023-10-31 09:33:42,504 [WARN] MainUpdater:1189 - Updater busy. Cannot search thirdparties
2023-10-31 09:33:42,504 [INFO] ThirdPartyUpdaterWithRetryManager:96 - Updater plugin is busy. [2/15]
2023-10-31 09:33:42,632 [ERROR] ServerAccessManage:1096 - Problem, Http access forbiden
2023-10-31 09:33:42,633 [ERROR] ServerAccessManage:651 - Problem, Http access forbiden : RoweBots.I-CUBE-UNISONRTOS.pdsc.
2023-10-31 09:33:42,852 [WARN] PackLoader:240 - Cannot read IP mode file for STMicroelectronics.X-CUBE-BLEMGR.3.0.0
2023-10-31 09:33:42,869 [WARN] PackLoader:240 - Cannot read IP mode file for STMicroelectronics.X-CUBE-EEPRMA1.4.2.0
2023-10-31 09:33:42,924 [WARN] PackLoader:240 - Cannot read IP mode file for STMicroelectronics.X-CUBE-MEMS1.10.0.0
2023-10-31 09:33:42,929 [INFO] CheckServerUpdateThread:120 - End of CheckServer Thread
2023-10-31 09:33:43,058 [INFO] PopulateThirdPartyThread:66 - Ending populate Thread
2023-10-31 09:33:43,059 [INFO] ThirdParty:1030 - CMSIS Pack Vendor :STMicroelectronics X-CUBE-MEMS1 10.0.0
2023-10-31 09:33:43,060 [INFO] ThirdParty:1030 - CMSIS Pack Vendor :STMicroelectronics X-CUBE-BLEMGR 3.0.0
2023-10-31 09:33:43,060 [INFO] ThirdParty:1030 - CMSIS Pack Vendor :STMicroelectronics X-CUBE-EEPRMA1 4.2.0
2023-10-31 09:33:43,060 [INFO] LoadServerUpdatesThread:373 - End of LoadServerUpdate Thread
2023-10-31 09:33:45,663 [WARN] PackLoader:240 - Cannot read IP mode file for STMicroelectronics.X-CUBE-SMBUS.2.1.0
2023-10-31 09:33:45,690 [WARN] PackLoader:240 - Cannot read IP mode file for STMicroelectronics.X-CUBE-AZRTOS-F7.1.1.0
2023-10-31 09:33:45,707 [WARN] PackLoader:240 - Cannot read IP mode file for STMicroelectronics.FP-SNS-MOTENV1.4.3.2
2023-10-31 09:33:45,713 [WARN] PackLoader:240 - Cannot read IP mode file for STMicroelectronics.FP-SNS-FLIGHT1.5.0.2
2023-10-31 09:33:45,727 [WARN] PackLoader:240 - Cannot read IP mode file for STMicroelectronics.X-CUBE-DISPLAY.3.0.0
2023-10-31 09:33:45,742 [WARN] PackLoader:240 - Cannot read IP mode file for STMicroelectronics.X-CUBE-BLE1.7.0.0
2023-10-31 09:33:45,752 [WARN] PackLoader:240 - Cannot read IP mode file for emotas.I-CUBE-CANOPEN.1.3.0
2023-10-31 09:33:45,763 [WARN] PackLoader:240 - Cannot read IP mode file for STMicroelectronics.X-CUBE-TOUCHGFX.4.22.1
2023-10-31 09:33:45,772 [WARN] PackLoader:240 - Cannot read IP mode file for STMicroelectronics.FP-SNS-SMARTAG2.1.2.0
2023-10-31 09:33:45,788 [INFO] LogOutputStream:77 - [STDOUT_REDIRECT] 1 : Invalid condition id : UX_CORESTACK_Condition cause : null
2023-10-31 09:33:45,788 [INFO] LogOutputStream:77 - [STDOUT_REDIRECT] 1 : Invalid condition id : UX_CORESTACK_Condition cause : null
2023-10-31 09:33:45,789 [INFO] LogOutputStream:77 - [STDOUT_REDIRECT] 1 : Invalid condition id : UX_CORESTACK_Condition cause : null
2023-10-31 09:33:45,792 [INFO] LogOutputStream:77 - [STDOUT_REDIRECT] 1 : Invalid condition id : UX_CORESTACK_Condition cause : null
2023-10-31 09:33:45,793 [INFO] LogOutputStream:77 - [STDOUT_REDIRECT] 1 : Invalid condition id : UX_CORESTACK_Condition cause : null
2023-10-31 09:33:45,797 [WARN] PackLoader:240 - Cannot read IP mode file for STMicroelectronics.X-CUBE-AZRTOS-WL.2.0.0
2023-10-31 09:33:45,809 [WARN] PackLoader:240 - Cannot read IP mode file for WES.I-CUBE-Cesium.1.3.0
2023-10-31 09:33:45,819 [WARN] PackLoader:240 - Cannot read IP mode file for STMicroelectronics.X-CUBE-BLE2.3.3.0
2023-10-31 09:33:45,831 [WARN] PackLoader:240 - Cannot read IP mode file for STMicroelectronics.X-CUBE-ALGOBUILD.1.3.0
2023-10-31 09:33:45,854 [WARN] PackLoader:240 - Cannot read IP mode file for STMicroelectronics.X-CUBE-AZRTOS-G0.1.1.0
2023-10-31 09:33:45,866 [WARN] PackLoader:240 - Cannot read IP mode file for STMicroelectronics.X-CUBE-NFC4.3.0.0
2023-10-31 09:33:45,874 [WARN] PackLoader:240 - Cannot read IP mode file for STMicroelectronics.X-CUBE-BLEMGR.3.0.0
2023-10-31 09:33:45,879 [WARN] PackLoader:240 - Cannot read IP mode file for STMicroelectronics.FP-ATR-SIGFOX1.3.2.0
2023-10-31 09:33:45,913 [WARN] PackLoader:240 - Cannot read IP mode file for SEGGER.I-CUBE-embOS.1.3.1
2023-10-31 09:33:45,954 [WARN] PackLoader:240 - Cannot read IP mode file for STMicroelectronics.X-CUBE-GNSS1.6.0.0
2023-10-31 09:33:45,976 [WARN] PackLoader:240 - Cannot read IP mode file for STMicroelectronics.X-CUBE-AZRTOS-F4.1.1.0
2023-10-31 09:33:45,988 [WARN] PackLoader:240 - Cannot read IP mode file for wolfSSL.I-CUBE-wolfSSL.5.6.3
2023-10-31 09:33:46,017 [WARN] PackLoader:240 - Cannot read IP mode file for STMicroelectronics.X-CUBE-AZRTOS-L5.2.0.0
2023-10-31 09:33:46,069 [WARN] PackLoader:240 - Cannot read IP mode file for STMicroelectronics.X-CUBE-MEMS1.9.6.0
2023-10-31 09:33:46,182 [WARN] PackLoader:240 - Cannot read IP mode file for STMicroelectronics.X-CUBE-EEPRMA1.4.2.0
2023-10-31 09:33:46,193 [WARN] PackLoader:240 - Cannot read IP mode file for ITTIA_DB.I-CUBE-ITTIADB.8.8.0
2023-10-31 09:33:46,204 [WARN] PackLoader:240 - Cannot read IP mode file for STMicroelectronics.X-CUBE-BLEMGR.2.0.0
2023-10-31 09:33:46,227 [WARN] ConditionMgr:438 - getConditionDescription Invalid condition id : UX DEVICE CLASS RTOS Condition cause : null
2023-10-31 09:33:46,227 [WARN] ConditionMgr:438 - getConditionDescription Invalid condition id : UX DEVICE CLASS RTOS Condition cause : null
2023-10-31 09:33:46,229 [WARN] PackLoader:240 - Cannot read IP mode file for STMicroelectronics.X-CUBE-AZRTOS-H7.3.1.0
2023-10-31 09:33:46,230 [WARN] ConditionMgr:1039 - genDependencies : Invalid condition id : UX DEVICE CLASS RTOS Condition cause : null
2023-10-31 09:33:46,230 [WARN] ConditionMgr:1039 - genDependencies : Invalid condition id : UX DEVICE CLASS RTOS Condition cause : null
2023-10-31 09:33:46,230 [WARN] ConditionMgr:1039 - genDependencies : Invalid condition id : UX DEVICE CLASS RTOS Condition cause : null
2023-10-31 09:33:46,231 [WARN] ConditionMgr:1039 - genDependencies : Invalid condition id : UX DEVICE CLASS RTOS Condition cause : null
2023-10-31 09:33:46,231 [WARN] ConditionMgr:1039 - genDependencies : Invalid condition id : UX DEVICE CLASS RTOS Condition cause : null
2023-10-31 09:33:46,241 [WARN] PackLoader:240 - Cannot read IP mode file for STMicroelectronics.X-CUBE-NFC7.1.0.1
2023-10-31 09:33:46,252 [WARN] PackLoader:240 - Cannot read IP mode file for STMicroelectronics.X-CUBE-NFC6.3.0.0
2023-10-31 09:33:46,263 [WARN] PackLoader:240 - Cannot read IP mode file for STMicroelectronics.X-CUBE-EEPRMA1.4.1.0
2023-10-31 09:33:46,274 [WARN] PackLoader:240 - Cannot read IP mode file for STMicroelectronics.X-CUBE-AI.8.1.0
2023-10-31 09:33:46,297 [WARN] ConditionMgr:438 - getConditionDescription Invalid condition id : LAN8742 Phy interface Condition cause : null
2023-10-31 09:33:46,297 [WARN] PackLoader:240 - Cannot read IP mode file for STMicroelectronics.X-CUBE-AZRTOS-L4.2.0.0
2023-10-31 09:33:46,299 [WARN] ConditionMgr:1039 - genDependencies : Invalid condition id : LAN8742 Phy interface Condition cause : null
2023-10-31 09:33:46,299 [WARN] ConditionMgr:1039 - genDependencies : Invalid condition id : LAN8742 Phy interface Condition cause : null
2023-10-31 09:33:46,299 [WARN] ConditionMgr:1039 - genDependencies : Invalid condition id : LAN8742 Phy interface Condition cause : null
2023-10-31 09:33:46,311 [WARN] PackLoader:240 - Cannot read IP mode file for STMicroelectronics.X-CUBE-SFXS2LP1.4.0.0
2023-10-31 09:33:46,320 [WARN] PackLoader:240 - Cannot read IP mode file for STMicroelectronics.X-CUBE-ISPU.1.1.0
2023-10-31 09:33:46,339 [WARN] ConditionMgr:438 - getConditionDescription Invalid condition id : UX DEVICE CLASS RTOS Condition cause : null
2023-10-31 09:33:46,339 [WARN] ConditionMgr:438 - getConditionDescription Invalid condition id : UX DEVICE CLASS RTOS Condition cause : null
2023-10-31 09:33:46,340 [WARN] PackLoader:240 - Cannot read IP mode file for STMicroelectronics.X-CUBE-AZRTOS-WB.2.0.0
2023-10-31 09:33:46,341 [WARN] ConditionMgr:1039 - genDependencies : Invalid condition id : UX DEVICE CLASS RTOS Condition cause : null
2023-10-31 09:33:46,341 [WARN] ConditionMgr:1039 - genDependencies : Invalid condition id : UX DEVICE CLASS RTOS Condition cause : null
2023-10-31 09:33:46,341 [WARN] ConditionMgr:1039 - genDependencies : Invalid condition id : UX DEVICE CLASS RTOS Condition cause : null
2023-10-31 09:33:46,341 [WARN] ConditionMgr:1039 - genDependencies : Invalid condition id : UX DEVICE CLASS RTOS Condition cause : null
2023-10-31 09:33:46,341 [WARN] ConditionMgr:1039 - genDependencies : Invalid condition id : UX DEVICE CLASS RTOS Condition cause : null
2023-10-31 09:33:46,357 [WARN] PackLoader:240 - Cannot read IP mode file for STMicroelectronics.X-CUBE-SUBG2.5.0.0
2023-10-31 09:33:46,374 [WARN] PackLoader:240 - Cannot read IP mode file for STMicroelectronics.X-CUBE-TOF1.3.3.1
2023-10-31 09:33:46,397 [WARN] PackLoader:240 - Cannot read IP mode file for STMicroelectronics.X-CUBE-AZRTOS-G4.2.0.0
2023-10-31 09:33:46,414 [WARN] PackLoader:240 - Cannot read IP mode file for Infineon.AIROC-Wi-Fi-Bluetooth-STM32.1.5.1
2023-10-31 09:33:46,438 [WARN] PackLoader:240 - Cannot read IP mode file for STMicroelectronics.X-CUBE-MEMS1.10.0.0
2023-10-31 09:33:46,511 [WARN] PackLoader:240 - Cannot read IP mode file for STMicroelectronics.X-CUBE-FREERTOS.1.1.0
2023-10-31 09:33:46,520 [WARN] PackLoader:240 - Cannot read IP mode file for portGmbH.I-Cube-SoM-uGOAL.1.1.0
2023-10-31 09:33:46,529 [WARN] PackLoader:240 - Cannot read IP mode file for STMicroelectronics.X-CUBE-ALS.1.0.1
2023-10-31 09:33:46,533 [WARN] PackLoader:240 - Cannot read IP mode file for STMicroelectronics.FP-ATR-ASTRA1.2.0.0
2023-10-31 09:33:46,534 [INFO] ThirdParty:978 - Integrity check success = true
2023-10-31 09:33:46,534 [INFO] IntegrityCheckThread:100 - exiting critical section [integrity check]
2023-10-31 09:33:46,534 [INFO] IntegrityCheckThread:103 - End integrity checks thread
2023-10-31 09:34:00,338 [ERROR] LogOutputStream:75 - [STDERR_REDIRECT] SLF4J: Failed to load class "org.slf4j.impl.StaticLoggerBinder".
2023-10-31 09:34:00,339 [ERROR] LogOutputStream:75 - [STDERR_REDIRECT] SLF4J: Defaulting to no-operation (NOP) logger implementation
2023-10-31 09:34:00,340 [ERROR] LogOutputStream:75 - [STDERR_REDIRECT] SLF4J: See http://www.slf4j.org/codes.html#StaticLoggerBinder for further details.
2023-10-31 09:34:01,638 [INFO] McuFinderGlobals:63 - Set McuFinder mode to 2 (CubeIDE integrated)
2023-10-31 09:34:01,660 [INFO] MainUpdater:2868 - connection check result : 10
2023-10-31 09:34:01,680 [INFO] McuFinderGlobals:76 - Set McuFinderConnectedMode to true
2023-10-31 09:34:01,879 [INFO] ServerAccessManage:473 - Download File mcusAds.json._tmp_
2023-10-31 09:34:01,989 [INFO] LoadUrlFilesThread:156 - End of LoadUrlFiles Thread
2023-10-31 09:34:02,138 [INFO] ServerAccessManage:473 - Download File cube-finder-db.zip
2023-10-31 09:34:33,972 [INFO] FileExtend:240 - Unzip File : cube-finder-db.zip
2023-10-31 09:34:33,972 [INFO] FileExtend:255 - Standard Zip Deflate
2023-10-31 09:34:34,575 [INFO] LoadUrlFilesThread:156 - End of LoadUrlFiles Thread
2023-10-31 09:34:34,883 [INFO] ServerAccessManage:473 - Download File crdb.zip
2023-10-31 09:34:35,423 [INFO] FileExtend:240 - Unzip File : crdb.zip
2023-10-31 09:34:35,423 [INFO] FileExtend:255 - Standard Zip Deflate
2023-10-31 09:34:35,550 [INFO] LoadUrlFilesThread:156 - End of LoadUrlFiles Thread
2023-10-31 09:34:35,681 [INFO] ServerAccessManage:473 - Download File tutoVideoDB.zip
2023-10-31 09:34:35,795 [INFO] FileExtend:240 - Unzip File : tutoVideoDB.zip
2023-10-31 09:34:35,795 [INFO] FileExtend:255 - Standard Zip Deflate
2023-10-31 09:34:35,912 [INFO] LoadUrlFilesThread:156 - End of LoadUrlFiles Thread
2023-10-31 09:34:35,915 [WARN] DbFile:41 - Overriding database path with different value: C:\Users\metti\.stmcufinder\plugins\mcufinder/ => C:\Users\metti\.stmcufinder\plugins\mcufinder
2023-10-31 09:34:36,033 [INFO] ServerAccessManage:473 - Download File api_config.json
2023-10-31 09:34:36,145 [INFO] LoadUrlFilesThread:156 - End of LoadUrlFiles Thread
2023-10-31 09:34:36,147 [INFO] DbMcusAds:53 - JSON generation date=Tue Mar 07 09:50:55 CET 2023 (1678179055114)
2023-10-31 09:34:36,170 [INFO] LoadUrlFilesThread:185 - End of LoadServerUrlFiles without Thread
2023-10-31 09:34:36,170 [INFO] TargetSelectorAdapter:259 - Refresh data is successful
2023-10-31 09:34:36,275 [INFO] ApiDb:581 - Connected to CubeFinder SQLite database (C:\Users\metti\.stmcufinder\plugins\mcufinder\mcu\cube-finder-db.db)
2023-10-31 09:34:36,334 [INFO] ApiDb:668 - CubeFinder database Data Model version=2.1
2023-10-31 09:34:36,334 [INFO] ApiDb:669 - CubeFinder database Configuration version=3.0.37
2023-10-31 09:34:36,334 [INFO] ApiDb:670 - CubeFinder database generation date=2023-10-13 (1697197505)
2023-10-31 09:34:36,334 [INFO] ApiDb:671 - CubeFinder database FW Pack versions=[FP-ATR-ASTRA1_V2.0.0, FP-SNS-FLIGHT1_V5.0.1, FP-SNS-FLIGHT1_V5.0.2, FP-SNS-MOTENV1_V4.3.1, FP-SNS-MOTENV1_V4.3.2, FP-SNS-SMARTAG2_V1.2.0, I-CUBE-ITTIADB_V8.6.3-1, STM32Cube_FW_C0_V1.1.0, STM32Cube_FW_F4_V1.27.1, STM32Cube_FW_F7_V1.17.0, STM32Cube_FW_G0_V1.6.1, STM32Cube_FW_G4_V1.5.1, STM32Cube_FW_H5_V0.5.1, STM32Cube_FW_H5_V1.1.1, STM32Cube_FW_H7_V1.11.0, STM32Cube_FW_L0_V1.12.2, STM32Cube_FW_L5_V1.5.0, STM32Cube_FW_U5_V1.3.0, STM32Cube_FW_U5_V1.3.0RC4, STM32Cube_FW_WBA_V1.0.0RC1, STM32Cube_FW_WBA_V1.1.0RC1, STM32Cube_FW_WBA_V1.1.1, STM32Cube_FW_WB_V1.15.0RC1, STM32Cube_FW_WB_V1.16.0, STM32Cube_FW_WB_V1.16.0RC2, STM32Cube_FW_WB_V1.17.3, STM32Cube_FW_WL_V1.3.0, X-CUBE-ALGOBUILD_V1.3.0, X-CUBE-ALS_V1.0.1, X-CUBE-AZRTOS-F4_V1.1.0, X-CUBE-AZRTOS-F7_V1.1.0, X-CUBE-AZRTOS-G0_V1.1.0, X-CUBE-AZRTOS-G4_V2.0.0, X-CUBE-AZRTOS-H7_V3.1.0, X-CUBE-AZRTOS-L4_V1.0.0, X-CUBE-AZRTOS-L4_V2.0.0, X-CUBE-AZRTOS-L5_V1.1.0, X-CUBE-AZRTOS-WB_V2.0.0, X-CUBE-AZRTOS-WL_V2.0.0, X-CUBE-BLE1_V7.0.0, X-CUBE-BLE2_V3.3.0, X-CUBE-BLEMGR_V2.0.0, X-CUBE-EEPRMA1_V4.1.0, X-CUBE-FREERTOS_V1.1.0, X-CUBE-GNSS1_V6.0.0, X-CUBE-MEMS1_V10.0.0, X-CUBE-MEMS1_V9.1.0, X-CUBE-MEMS1_V9.4.0, X-CUBE-MEMS1_V9.6.0, X-CUBE-NFC4_V3.0.0, X-CUBE-NFC7_V1.0.1, X-CUBE-SFXS2LP1_V4.0.0, X-CUBE-SUBG2_V5.0.0, X-CUBE-TOF1_V3.3.1]
2023-10-31 09:34:37,948 [INFO] ApiDb:240 - Found 323 in-development CPN: [B-G473E-ZEST1S, B-WB1M-WPAN1, B-WL5M-SUBG1, NUCLEO-C031C6, NUCLEO-H503RB, NUCLEO-H563ZI, NUCLEO-U545RE-Q, NUCLEO-U5A5ZJ-Q, NUCLEO-WBA52CG, STEVAL-PROTEUS1, STEVAL-SMARTAG2, STEVAL-STWINBX1, STM320518-EVAL, STM32C0116-DK, STM32C011D6Y3TR, STM32C011D6Y6TR, STM32C011F4P3, STM32C011F4P6, STM32C011F4U3, STM32C011F4U6TR, STM32C011F6P3, STM32C011F6P6, STM32C011F6U3, STM32C011F6U6TR, STM32C011J4M3, STM32C011J4M6, STM32C011J6M3, STM32C011J6M6, STM32C0316-DK, STM32C031C4T3, STM32C031C4T6, STM32C031C4U3, STM32C031C4U6, STM32C031C6T3, STM32C031C6T6, STM32C031C6U3, STM32C031C6U6, STM32C031F4P3, STM32C031F4P6, STM32C031F6P3, STM32C031F6P6, STM32C031G4U3, STM32C031G4U6, STM32C031G6U3, STM32C031G6U6, STM32C031K4T3, STM32C031K4T6, STM32C031K4U3, STM32C031K4U6, STM32C031K6T3, STM32C031K6T6, STM32C031K6U3, STM32C031K6U6, STM32G071K8TXN, STM32G071K8UXN, STM32G081GBU6N, STM32G081KBT6N, STM32G081KBUXN, STM32G0B1CCT6N, STM32G0B1KCT6, STM32G0B1NEY6TR, STM32G0B1RCT6N, STM32G0C1CCT6, STM32G0C1CCT6N, STM32G0C1CCU6N, STM32G0C1CET6N, STM32G0C1CEU6N, STM32G0C1KCT6, STM32G0C1NEY6TR, STM32G0C1RCI6N, STM32G0C1RCT6N, STM32G0C1REI6N, STM32G0C1RET6N, STM32G0C1VCI6, STM32G0C1VEI6, STM32G471CCT6, STM32G471CCU6, STM32G471CET3, STM32G471CET6, STM32G471CEU3, STM32G471CEU6, STM32G471MCT6, STM32G471MET3, STM32G471MET6, STM32G471MEY6TR, STM32G471QCT6, STM32G471QET3, STM32G471RCT6, STM32G471RET3, STM32G471RET6, STM32G471VCH6, STM32G471VCI6, STM32G471VCT6, STM32G471VEH3, STM32G471VEH6, STM32G471VEI3, STM32G471VEI6, STM32G471VET3, STM32G471VET6, STM32G474CCT6, STM32H503CBT6, STM32H503CBU6, STM32H503EBY6TR, STM32H503KBU6, STM32H503RBT6, STM32H562AGI6, STM32H562AII6, STM32H562IGK6, STM32H562IGT6, STM32H562IIK6, STM32H562IIT6, STM32H562RGT6, STM32H562RGV6, STM32H562RIT6, STM32H562RIV6, STM32H562VGT6, STM32H562VIT6, STM32H562ZGT6, STM32H562ZIT6, STM32H563AGI6, STM32H563AII3Q, STM32H563AII6, STM32H563IGK6, STM32H563IGT6, STM32H563IIK3Q, STM32H563IIK6, STM32H563IIT3Q, STM32H563IIT6, STM32H563MIY3QTR, STM32H563RGT6, STM32H563RGV6, STM32H563RIT6, STM32H563RIV6, STM32H563VGT6, STM32H563VIT3Q, STM32H563VIT6, STM32H563ZGT6, STM32H563ZIT3Q, STM32H563ZIT6, STM32H573AII3Q, STM32H573AII6, STM32H573I-DK, STM32H573IIK3Q, STM32H573IIK6, STM32H573IIT3Q, STM32H573IIT6, STM32H573MIY3QTR, STM32H573RIT6, STM32H573RIV6, STM32H573VIT3Q, STM32H573VIT6, STM32H573ZIT3Q, STM32H573ZIT6, STM32L4R5QGI6STR, STM32MP131AAE3, STM32MP131AAF3, STM32MP131AAG3, STM32MP131CAE3, STM32MP131CAF3, STM32MP131CAG3, STM32MP131DAE7, STM32MP131DAF7, STM32MP131DAG7, STM32MP131FAE7, STM32MP131FAF7, STM32MP131FAG7, STM32MP133AAE3, STM32MP133AAF3, STM32MP133AAG3, STM32MP133CAE3, STM32MP133CAF3, STM32MP133CAG3, STM32MP133DAE7, STM32MP133DAF7, STM32MP133DAG7, STM32MP133FAE7, STM32MP133FAF7, STM32MP133FAG7, STM32MP135AAE3, STM32MP135AAF3, STM32MP135AAG3, STM32MP135CAE3, STM32MP135CAF3, STM32MP135CAG3, STM32MP135DAE7, STM32MP135DAF7, STM32MP135DAG7, STM32MP135F-DK, STM32MP135FAE7, STM32MP135FAF7, STM32MP135FAF7T, STM32MP135FAF7U, STM32MP135FAG7, STM32U535CBT6, STM32U535CBT6Q, STM32U535CBU6, STM32U535CBU6Q, STM32U535CCT6, STM32U535CCT6Q, STM32U535CCU6, STM32U535CCU6Q, STM32U535CET6, STM32U535CET6Q, STM32U535CEU6, STM32U535CEU6Q, STM32U535JEY6QTR, STM32U535NCY6QTR, STM32U535NEY6QTR, STM32U535RBI6, STM32U535RBI6Q, STM32U535RBT6, STM32U535RBT6Q, STM32U535RCI6, STM32U535RCI6Q, STM32U535RCT6, STM32U535RCT6Q, STM32U535REI6, STM32U535REI6Q, STM32U535RET6, STM32U535RET6Q, STM32U535VCI6, STM32U535VCI6Q, STM32U535VCT6, STM32U535VCT6Q, STM32U535VEI6, STM32U535VEI6Q, STM32U535VET6, STM32U535VET6Q, STM32U545CET6, STM32U545CET6Q, STM32U545CEU6, STM32U545CEU6Q, STM32U545JEY6QTR, STM32U545NEY6QTR, STM32U545REI6, STM32U545REI6Q, STM32U545RET6, STM32U545RET6Q, STM32U545VEI6, STM32U545VEI6Q, STM32U545VET6, STM32U545VET6Q, STM32U595AIH6, STM32U595AIH6Q, STM32U595AJH6, STM32U595AJH6Q, STM32U595QII6, STM32U595QII6Q, STM32U595QJI6, STM32U595QJI6Q, STM32U595RIT6, STM32U595RIT6Q, STM32U595RJT6, STM32U595RJT6Q, STM32U595VIT6, STM32U595VIT6Q, STM32U595VJT6, STM32U595VJT6Q, STM32U595ZIT6, STM32U595ZIT6Q, STM32U595ZIY6QTR, STM32U595ZJT6, STM32U595ZJT6Q, STM32U595ZJY6QTR, STM32U599BJY6QTR, STM32U599NIH6Q, STM32U599NJH6Q, STM32U599VIT6Q, STM32U599VJT6, STM32U599VJT6Q, STM32U599ZIT6Q, STM32U599ZIY6QTR, STM32U599ZJT6Q, STM32U599ZJY6QTR, STM32U5A5AJH6, STM32U5A5AJH6Q, STM32U5A5QJI6, STM32U5A5QJI6Q, STM32U5A5RJT6, STM32U5A5RJT6Q, STM32U5A5VJT6, STM32U5A5VJT6Q, STM32U5A5ZJT6, STM32U5A5ZJT6Q, STM32U5A5ZJY6QTR, STM32U5A9BJY6QTR, STM32U5A9J-DK, STM32U5A9NJH6Q, STM32U5A9VJT6Q, STM32U5A9ZJT6Q, STM32U5A9ZJY6QTR, STM32U5F7VIT6, STM32U5F7VIT6Q, STM32U5F7VJT6, STM32U5F7VJT6Q, STM32U5F9BJY6QTR, STM32U5F9NJH6Q, STM32U5F9VIT6Q, STM32U5F9VJT6Q, STM32U5F9ZIJ6QTR, STM32U5F9ZIT6Q, STM32U5F9ZJJ6QTR, STM32U5F9ZJT6Q, STM32U5G7VJT6, STM32U5G7VJT6Q, STM32U5G9BJY6QTR, STM32U5G9J-DK1, STM32U5G9J-DK2, STM32U5G9NJH6Q, STM32U5G9VJT6Q, STM32U5G9ZJJ6QTR, STM32U5G9ZJT6Q, STM32WB1MMCH6, STM32WBA52CEU6, STM32WBA52CEU6T, STM32WBA52CGU6, STM32WBA52CGU6T, STM32WBA52KEU6, STM32WBA52KEU6T, STM32WBA52KGU6, STM32WBA52KGU6T, STM32WL5MOCH6, STM32WL5MOCH6TR]
2023-10-31 09:34:37,952 [INFO] DbMcus:217 - Found 3848 MCUs, 3848 are supported
2023-10-31 09:34:37,952 [INFO] ApiDb:423 - Load user favorites file C:\Users\metti/.stm32cubeide/favorites.mcus.txt: 0 item(s)
2023-10-31 09:34:37,953 [INFO] ApiDb:427 - User favorites MCUs=[]
2023-10-31 09:34:37,953 [INFO] DbMcus:223 - Set 0 / 0 favorites MCUs
2023-10-31 09:34:38,144 [INFO] ApiDb:668 - CubeFinder database Data Model version=2.1
2023-10-31 09:34:38,144 [INFO] ApiDb:669 - CubeFinder database Configuration version=3.0.37
2023-10-31 09:34:38,144 [INFO] ApiDb:670 - CubeFinder database generation date=2023-10-13 (1697197505)
2023-10-31 09:34:38,144 [INFO] ApiDb:671 - CubeFinder database FW Pack versions=[FP-ATR-ASTRA1_V2.0.0, FP-SNS-FLIGHT1_V5.0.1, FP-SNS-FLIGHT1_V5.0.2, FP-SNS-MOTENV1_V4.3.1, FP-SNS-MOTENV1_V4.3.2, FP-SNS-SMARTAG2_V1.2.0, I-CUBE-ITTIADB_V8.6.3-1, STM32Cube_FW_C0_V1.1.0, STM32Cube_FW_F4_V1.27.1, STM32Cube_FW_F7_V1.17.0, STM32Cube_FW_G0_V1.6.1, STM32Cube_FW_G4_V1.5.1, STM32Cube_FW_H5_V0.5.1, STM32Cube_FW_H5_V1.1.1, STM32Cube_FW_H7_V1.11.0, STM32Cube_FW_L0_V1.12.2, STM32Cube_FW_L5_V1.5.0, STM32Cube_FW_U5_V1.3.0, STM32Cube_FW_U5_V1.3.0RC4, STM32Cube_FW_WBA_V1.0.0RC1, STM32Cube_FW_WBA_V1.1.0RC1, STM32Cube_FW_WBA_V1.1.1, STM32Cube_FW_WB_V1.15.0RC1, STM32Cube_FW_WB_V1.16.0, STM32Cube_FW_WB_V1.16.0RC2, STM32Cube_FW_WB_V1.17.3, STM32Cube_FW_WL_V1.3.0, X-CUBE-ALGOBUILD_V1.3.0, X-CUBE-ALS_V1.0.1, X-CUBE-AZRTOS-F4_V1.1.0, X-CUBE-AZRTOS-F7_V1.1.0, X-CUBE-AZRTOS-G0_V1.1.0, X-CUBE-AZRTOS-G4_V2.0.0, X-CUBE-AZRTOS-H7_V3.1.0, X-CUBE-AZRTOS-L4_V1.0.0, X-CUBE-AZRTOS-L4_V2.0.0, X-CUBE-AZRTOS-L5_V1.1.0, X-CUBE-AZRTOS-WB_V2.0.0, X-CUBE-AZRTOS-WL_V2.0.0, X-CUBE-BLE1_V7.0.0, X-CUBE-BLE2_V3.3.0, X-CUBE-BLEMGR_V2.0.0, X-CUBE-EEPRMA1_V4.1.0, X-CUBE-FREERTOS_V1.1.0, X-CUBE-GNSS1_V6.0.0, X-CUBE-MEMS1_V10.0.0, X-CUBE-MEMS1_V9.1.0, X-CUBE-MEMS1_V9.4.0, X-CUBE-MEMS1_V9.6.0, X-CUBE-NFC4_V3.0.0, X-CUBE-NFC7_V1.0.1, X-CUBE-SFXS2LP1_V4.0.0, X-CUBE-SUBG2_V5.0.0, X-CUBE-TOF1_V3.3.1]
2023-10-31 09:34:38,192 [INFO] DbBoardsSqlite:226 - include board P-NUCLEO-WB55-NUCLEO as a kit item of type 'Nucleo-64'
2023-10-31 09:34:38,192 [INFO] DbBoardsSqlite:226 - include board P-NUCLEO-WB55-USBDONGLE as a kit item of type 'Nucleo USB Dongle'
2023-10-31 09:34:38,192 [INFO] DbBoardsSqlite:226 - include board STEVAL-IDP005V1 as a kit item of type 'Evaluation Board'
2023-10-31 09:34:38,192 [INFO] DbBoardsSqlite:226 - include board STEVAL-IDP005V2 as a kit item of type 'Evaluation Board'
2023-10-31 09:34:38,233 [INFO] ApiDb:240 - Found 323 in-development CPN: [B-G473E-ZEST1S, B-WB1M-WPAN1, B-WL5M-SUBG1, NUCLEO-C031C6, NUCLEO-H503RB, NUCLEO-H563ZI, NUCLEO-U545RE-Q, NUCLEO-U5A5ZJ-Q, NUCLEO-WBA52CG, STEVAL-PROTEUS1, STEVAL-SMARTAG2, STEVAL-STWINBX1, STM320518-EVAL, STM32C0116-DK, STM32C011D6Y3TR, STM32C011D6Y6TR, STM32C011F4P3, STM32C011F4P6, STM32C011F4U3, STM32C011F4U6TR, STM32C011F6P3, STM32C011F6P6, STM32C011F6U3, STM32C011F6U6TR, STM32C011J4M3, STM32C011J4M6, STM32C011J6M3, STM32C011J6M6, STM32C0316-DK, STM32C031C4T3, STM32C031C4T6, STM32C031C4U3, STM32C031C4U6, STM32C031C6T3, STM32C031C6T6, STM32C031C6U3, STM32C031C6U6, STM32C031F4P3, STM32C031F4P6, STM32C031F6P3, STM32C031F6P6, STM32C031G4U3, STM32C031G4U6, STM32C031G6U3, STM32C031G6U6, STM32C031K4T3, STM32C031K4T6, STM32C031K4U3, STM32C031K4U6, STM32C031K6T3, STM32C031K6T6, STM32C031K6U3, STM32C031K6U6, STM32G071K8TXN, STM32G071K8UXN, STM32G081GBU6N, STM32G081KBT6N, STM32G081KBUXN, STM32G0B1CCT6N, STM32G0B1KCT6, STM32G0B1NEY6TR, STM32G0B1RCT6N, STM32G0C1CCT6, STM32G0C1CCT6N, STM32G0C1CCU6N, STM32G0C1CET6N, STM32G0C1CEU6N, STM32G0C1KCT6, STM32G0C1NEY6TR, STM32G0C1RCI6N, STM32G0C1RCT6N, STM32G0C1REI6N, STM32G0C1RET6N, STM32G0C1VCI6, STM32G0C1VEI6, STM32G471CCT6, STM32G471CCU6, STM32G471CET3, STM32G471CET6, STM32G471CEU3, STM32G471CEU6, STM32G471MCT6, STM32G471MET3, STM32G471MET6, STM32G471MEY6TR, STM32G471QCT6, STM32G471QET3, STM32G471RCT6, STM32G471RET3, STM32G471RET6, STM32G471VCH6, STM32G471VCI6, STM32G471VCT6, STM32G471VEH3, STM32G471VEH6, STM32G471VEI3, STM32G471VEI6, STM32G471VET3, STM32G471VET6, STM32G474CCT6, STM32H503CBT6, STM32H503CBU6, STM32H503EBY6TR, STM32H503KBU6, STM32H503RBT6, STM32H562AGI6, STM32H562AII6, STM32H562IGK6, STM32H562IGT6, STM32H562IIK6, STM32H562IIT6, STM32H562RGT6, STM32H562RGV6, STM32H562RIT6, STM32H562RIV6, STM32H562VGT6, STM32H562VIT6, STM32H562ZGT6, STM32H562ZIT6, STM32H563AGI6, STM32H563AII3Q, STM32H563AII6, STM32H563IGK6, STM32H563IGT6, STM32H563IIK3Q, STM32H563IIK6, STM32H563IIT3Q, STM32H563IIT6, STM32H563MIY3QTR, STM32H563RGT6, STM32H563RGV6, STM32H563RIT6, STM32H563RIV6, STM32H563VGT6, STM32H563VIT3Q, STM32H563VIT6, STM32H563ZGT6, STM32H563ZIT3Q, STM32H563ZIT6, STM32H573AII3Q, STM32H573AII6, STM32H573I-DK, STM32H573IIK3Q, STM32H573IIK6, STM32H573IIT3Q, STM32H573IIT6, STM32H573MIY3QTR, STM32H573RIT6, STM32H573RIV6, STM32H573VIT3Q, STM32H573VIT6, STM32H573ZIT3Q, STM32H573ZIT6, STM32L4R5QGI6STR, STM32MP131AAE3, STM32MP131AAF3, STM32MP131AAG3, STM32MP131CAE3, STM32MP131CAF3, STM32MP131CAG3, STM32MP131DAE7, STM32MP131DAF7, STM32MP131DAG7, STM32MP131FAE7, STM32MP131FAF7, STM32MP131FAG7, STM32MP133AAE3, STM32MP133AAF3, STM32MP133AAG3, STM32MP133CAE3, STM32MP133CAF3, STM32MP133CAG3, STM32MP133DAE7, STM32MP133DAF7, STM32MP133DAG7, STM32MP133FAE7, STM32MP133FAF7, STM32MP133FAG7, STM32MP135AAE3, STM32MP135AAF3, STM32MP135AAG3, STM32MP135CAE3, STM32MP135CAF3, STM32MP135CAG3, STM32MP135DAE7, STM32MP135DAF7, STM32MP135DAG7, STM32MP135F-DK, STM32MP135FAE7, STM32MP135FAF7, STM32MP135FAF7T, STM32MP135FAF7U, STM32MP135FAG7, STM32U535CBT6, STM32U535CBT6Q, STM32U535CBU6, STM32U535CBU6Q, STM32U535CCT6, STM32U535CCT6Q, STM32U535CCU6, STM32U535CCU6Q, STM32U535CET6, STM32U535CET6Q, STM32U535CEU6, STM32U535CEU6Q, STM32U535JEY6QTR, STM32U535NCY6QTR, STM32U535NEY6QTR, STM32U535RBI6, STM32U535RBI6Q, STM32U535RBT6, STM32U535RBT6Q, STM32U535RCI6, STM32U535RCI6Q, STM32U535RCT6, STM32U535RCT6Q, STM32U535REI6, STM32U535REI6Q, STM32U535RET6, STM32U535RET6Q, STM32U535VCI6, STM32U535VCI6Q, STM32U535VCT6, STM32U535VCT6Q, STM32U535VEI6, STM32U535VEI6Q, STM32U535VET6, STM32U535VET6Q, STM32U545CET6, STM32U545CET6Q, STM32U545CEU6, STM32U545CEU6Q, STM32U545JEY6QTR, STM32U545NEY6QTR, STM32U545REI6, STM32U545REI6Q, STM32U545RET6, STM32U545RET6Q, STM32U545VEI6, STM32U545VEI6Q, STM32U545VET6, STM32U545VET6Q, STM32U595AIH6, STM32U595AIH6Q, STM32U595AJH6, STM32U595AJH6Q, STM32U595QII6, STM32U595QII6Q, STM32U595QJI6, STM32U595QJI6Q, STM32U595RIT6, STM32U595RIT6Q, STM32U595RJT6, STM32U595RJT6Q, STM32U595VIT6, STM32U595VIT6Q, STM32U595VJT6, STM32U595VJT6Q, STM32U595ZIT6, STM32U595ZIT6Q, STM32U595ZIY6QTR, STM32U595ZJT6, STM32U595ZJT6Q, STM32U595ZJY6QTR, STM32U599BJY6QTR, STM32U599NIH6Q, STM32U599NJH6Q, STM32U599VIT6Q, STM32U599VJT6, STM32U599VJT6Q, STM32U599ZIT6Q, STM32U599ZIY6QTR, STM32U599ZJT6Q, STM32U599ZJY6QTR, STM32U5A5AJH6, STM32U5A5AJH6Q, STM32U5A5QJI6, STM32U5A5QJI6Q, STM32U5A5RJT6, STM32U5A5RJT6Q, STM32U5A5VJT6, STM32U5A5VJT6Q, STM32U5A5ZJT6, STM32U5A5ZJT6Q, STM32U5A5ZJY6QTR, STM32U5A9BJY6QTR, STM32U5A9J-DK, STM32U5A9NJH6Q, STM32U5A9VJT6Q, STM32U5A9ZJT6Q, STM32U5A9ZJY6QTR, STM32U5F7VIT6, STM32U5F7VIT6Q, STM32U5F7VJT6, STM32U5F7VJT6Q, STM32U5F9BJY6QTR, STM32U5F9NJH6Q, STM32U5F9VIT6Q, STM32U5F9VJT6Q, STM32U5F9ZIJ6QTR, STM32U5F9ZIT6Q, STM32U5F9ZJJ6QTR, STM32U5F9ZJT6Q, STM32U5G7VJT6, STM32U5G7VJT6Q, STM32U5G9BJY6QTR, STM32U5G9J-DK1, STM32U5G9J-DK2, STM32U5G9NJH6Q, STM32U5G9VJT6Q, STM32U5G9ZJJ6QTR, STM32U5G9ZJT6Q, STM32WB1MMCH6, STM32WBA52CEU6, STM32WBA52CEU6T, STM32WBA52CGU6, STM32WBA52CGU6T, STM32WBA52KEU6, STM32WBA52KEU6T, STM32WBA52KGU6, STM32WBA52KGU6T, STM32WL5MOCH6, STM32WL5MOCH6TR]
2023-10-31 09:34:38,310 [INFO] BoardInfo:880 - No configuration file found for board P-NUCLEO-WB55
2023-10-31 09:34:38,310 [INFO] DbBoards:157 - Kit is not supported: P-NUCLEO-WB55
2023-10-31 09:34:38,326 [INFO] BoardInfo:880 - No configuration file found for board STEVAL-BFA001V1B
2023-10-31 09:34:38,326 [INFO] DbBoards:157 - Kit is not supported: STEVAL-BFA001V1B
2023-10-31 09:34:38,327 [INFO] BoardInfo:880 - No configuration file found for board STEVAL-BFA001V2B
2023-10-31 09:34:38,327 [INFO] DbBoards:157 - Kit is not supported: STEVAL-BFA001V2B
2023-10-31 09:34:38,400 [INFO] DbBoards:161 - Found 190 boards, 187 are supported
2023-10-31 09:34:38,402 [INFO] ApiDb:414 - User favorites file not found: C:\Users\metti/.stm32cubeide/favorites.boards.txt
2023-10-31 09:34:38,402 [INFO] DbBoards:190 - Set 0 / 0 favorites Boards
2023-10-31 09:34:38,404 [INFO] ApiDb:668 - CubeFinder database Data Model version=2.1
2023-10-31 09:34:38,404 [INFO] ApiDb:669 - CubeFinder database Configuration version=3.0.37
2023-10-31 09:34:38,404 [INFO] ApiDb:670 - CubeFinder database generation date=2023-10-13 (1697197505)
2023-10-31 09:34:38,404 [INFO] ApiDb:671 - CubeFinder database FW Pack versions=[FP-ATR-ASTRA1_V2.0.0, FP-SNS-FLIGHT1_V5.0.1, FP-SNS-FLIGHT1_V5.0.2, FP-SNS-MOTENV1_V4.3.1, FP-SNS-MOTENV1_V4.3.2, FP-SNS-SMARTAG2_V1.2.0, I-CUBE-ITTIADB_V8.6.3-1, STM32Cube_FW_C0_V1.1.0, STM32Cube_FW_F4_V1.27.1, STM32Cube_FW_F7_V1.17.0, STM32Cube_FW_G0_V1.6.1, STM32Cube_FW_G4_V1.5.1, STM32Cube_FW_H5_V0.5.1, STM32Cube_FW_H5_V1.1.1, STM32Cube_FW_H7_V1.11.0, STM32Cube_FW_L0_V1.12.2, STM32Cube_FW_L5_V1.5.0, STM32Cube_FW_U5_V1.3.0, STM32Cube_FW_U5_V1.3.0RC4, STM32Cube_FW_WBA_V1.0.0RC1, STM32Cube_FW_WBA_V1.1.0RC1, STM32Cube_FW_WBA_V1.1.1, STM32Cube_FW_WB_V1.15.0RC1, STM32Cube_FW_WB_V1.16.0, STM32Cube_FW_WB_V1.16.0RC2, STM32Cube_FW_WB_V1.17.3, STM32Cube_FW_WL_V1.3.0, X-CUBE-ALGOBUILD_V1.3.0, X-CUBE-ALS_V1.0.1, X-CUBE-AZRTOS-F4_V1.1.0, X-CUBE-AZRTOS-F7_V1.1.0, X-CUBE-AZRTOS-G0_V1.1.0, X-CUBE-AZRTOS-G4_V2.0.0, X-CUBE-AZRTOS-H7_V3.1.0, X-CUBE-AZRTOS-L4_V1.0.0, X-CUBE-AZRTOS-L4_V2.0.0, X-CUBE-AZRTOS-L5_V1.1.0, X-CUBE-AZRTOS-WB_V2.0.0, X-CUBE-AZRTOS-WL_V2.0.0, X-CUBE-BLE1_V7.0.0, X-CUBE-BLE2_V3.3.0, X-CUBE-BLEMGR_V2.0.0, X-CUBE-EEPRMA1_V4.1.0, X-CUBE-FREERTOS_V1.1.0, X-CUBE-GNSS1_V6.0.0, X-CUBE-MEMS1_V10.0.0, X-CUBE-MEMS1_V9.1.0, X-CUBE-MEMS1_V9.4.0, X-CUBE-MEMS1_V9.6.0, X-CUBE-NFC4_V3.0.0, X-CUBE-NFC7_V1.0.1, X-CUBE-SFXS2LP1_V4.0.0, X-CUBE-SUBG2_V5.0.0, X-CUBE-TOF1_V3.3.1]
2023-10-31 09:34:39,011 [ERROR] DbExamplesSqlite:437 - Missing JSON key: board_cpn
2023-10-31 09:34:39,011 [ERROR] DbExamplesSqlite:437 - Missing JSON key: board_cpn
2023-10-31 09:34:39,011 [ERROR] DbExamplesSqlite:437 - Missing JSON key: board_cpn
2023-10-31 09:34:39,011 [ERROR] DbExamplesSqlite:437 - Missing JSON key: board_cpn
2023-10-31 09:34:39,018 [INFO] DbExamplesSqlite:395 - Ignored 27 examples not supported by CubeIDE
2023-10-31 09:34:39,018 [INFO] DbExamplesSqlite:396 - Found 7221 examples active
2023-10-31 09:34:39,018 [INFO] DbExamplesSqlite:397 - Found 777 examples obsolete
2023-10-31 09:34:39,018 [INFO] DbExamplesSqlite:398 - Found 0 examples under development
2023-10-31 09:34:39,018 [INFO] DbExamplesSqlite:399 - Found 74 examples not building
2023-10-31 09:34:39,020 [INFO] DbExamples:125 - Found 7268 examples
2023-10-31 09:34:39,029 [INFO] DbExamples:222 - Found 93 boards with related examples
2023-10-31 09:34:39,030 [INFO] DbExamples:235 - Found 79 MCUs with related examples
2023-10-31 09:34:39,043 [INFO] ApiDb:414 - User favorites file not found: C:\Users\metti/.stm32cubeide/favorites.examples.txt
2023-10-31 09:34:39,043 [INFO] DbExamples:250 - Set 0 / 0 favorites Examples
2023-10-31 09:34:39,404 [INFO] McuFinderGlobals:76 - Set McuFinderConnectedMode to true
2023-10-31 09:34:39,413 [INFO] MultiScanPanel:200 - Auto-refresh data requested => check proxy status ongoing
2023-10-31 09:34:39,417 [INFO] FinderPluginLoader:95 - Searching for filters in installed packs
2023-10-31 09:34:40,673 [INFO] LoadUrlFilesThread:185 - End of LoadServerUrlFiles without Thread
2023-10-31 09:34:40,680 [INFO] DetailPanel:341 - Set advertising image to C:/Users/metti/STM32Cube/Repository/\en.prom-stm32h5-mcu-finder.jpg
2023-10-31 09:35:33,779 [INFO] MainUpdater:2868 - connection check result : 10
2023-10-31 09:35:33,779 [INFO] MainUpdater:2868 - connection check result : 10
2023-10-31 09:35:33,805 [INFO] MicroXplorer:468 - Change Database Path : 
2023-10-31 09:35:33,805 [INFO] MicroXplorer:498 - Change Database Version : DB.6.0.92
2023-10-31 09:35:33,808 [WARN] ThirdParty:871 - waiting for thirdparty lock release [close project]
2023-10-31 09:35:33,808 [INFO] ThirdParty:873 - entering critical section [close project]
2023-10-31 09:35:33,808 [INFO] ThirdParty:883 - exiting critical section [close project]
2023-10-31 09:35:33,810 [INFO] PinOutPanel:1499 - setPackage(No Configuration,No Configuration)
2023-10-31 09:35:33,814 [INFO] UtilMem:75 - Begin LoadConfig() Used Memory: 761745888 Bytes (924844032)
2023-10-31 09:35:33,816 [INFO] MicroXplorer:468 - Change Database Path : 
2023-10-31 09:35:33,816 [INFO] MicroXplorer:498 - Change Database Version : DB.6.0.92
2023-10-31 09:35:33,816 [INFO] OpenFileManager:308 - Change cursor
2023-10-31 09:35:33,875 [INFO] Mcu:1946 - Initializing MCU STM32F407VGTx STM32F407VGTx STM32F407VGT6
2023-10-31 09:35:35,644 [INFO] Context:659 - Trying to add GPIOservice into a context  which must be forbidden
2023-10-31 09:35:36,107 [INFO] ImportTextPane:194 - (OptionalMessage_ERROR) Unable to find key (Mcu.ThirdPartyNb) in loaded IOC file
2023-10-31 09:35:36,107 [INFO] ImportTextPane:194 - (OptionalMessage_ERROR) Unable to find key (Mcu.PinsNb) in loaded IOC file
2023-10-31 09:35:36,107 [INFO] ImportTextPane:194 - (OptionalMessage_ERROR) Unable to find key (Mcu.IPNb) in loaded IOC file
2023-10-31 09:35:36,314 [INFO] RtosManager:555 - Registered RTOS mode: class=CMSIS, group=RTOS, mode=CMSIS_V1, owner=FREERTOS
2023-10-31 09:35:36,314 [INFO] RtosManager:555 - Registered RTOS mode: class=CMSIS, group=RTOS2, mode=CMSIS_V2, owner=FREERTOS
2023-10-31 09:35:36,314 [INFO] RtosManager:555 - Registered RTOS mode: class=RTOS, group=Core, mode=CMSIS_V1, owner=FREERTOS
2023-10-31 09:35:36,314 [INFO] RtosManager:555 - Registered RTOS mode: class=RTOS, group=Core, mode=CMSIS_V2, owner=FREERTOS
2023-10-31 09:35:36,315 [WARN] ModelIntegratedComponent:184 - Missing modes for component STMicroelectronics:FreeRTOS:0.0.1:STMicroelectronics:RTOS:FreeRTOS:Core:::10.2.0:
2023-10-31 09:35:36,327 [WARN] ModelIntegratedComponent:63 - No mode defined for component null
2023-10-31 09:35:36,327 [WARN] ModelIntegratedComponent:63 - No mode defined for component null
2023-10-31 09:35:36,327 [WARN] ModelIntegratedComponent:63 - No mode defined for component null
2023-10-31 09:35:36,327 [WARN] ModelIntegratedComponent:63 - No mode defined for component null
2023-10-31 09:35:36,327 [WARN] ModelIntegratedComponent:63 - No mode defined for component null
2023-10-31 09:35:36,327 [WARN] ModelIntegratedComponent:63 - No mode defined for component null
2023-10-31 09:35:36,327 [WARN] ModelIntegratedComponent:63 - No mode defined for component null
2023-10-31 09:35:36,327 [WARN] ModelIntegratedComponent:63 - No mode defined for component null
2023-10-31 09:35:36,327 [WARN] ModelIntegratedComponent:63 - No mode defined for component null
2023-10-31 09:35:36,327 [WARN] ModelIntegratedComponent:63 - No mode defined for component null
2023-10-31 09:35:36,327 [WARN] ModelIntegratedComponent:63 - No mode defined for component null
2023-10-31 09:35:36,328 [WARN] ModelIntegratedComponent:63 - No mode defined for component null
2023-10-31 09:35:36,328 [WARN] ModelIntegratedComponent:63 - No mode defined for component null
2023-10-31 09:35:36,328 [WARN] ModelIntegratedComponent:63 - No mode defined for component null
2023-10-31 09:35:36,328 [WARN] ModelIntegratedComponent:63 - No mode defined for component null
2023-10-31 09:35:36,328 [WARN] ModelIntegratedComponent:63 - No mode defined for component null
2023-10-31 09:35:36,328 [WARN] ModelIntegratedComponent:63 - No mode defined for component null
2023-10-31 09:35:36,328 [WARN] ModelIntegratedComponent:63 - No mode defined for component null
2023-10-31 09:35:36,328 [WARN] ModelIntegratedComponent:63 - No mode defined for component null
2023-10-31 09:35:36,328 [WARN] ModelIntegratedComponent:63 - No mode defined for component null
2023-10-31 09:35:36,328 [WARN] ModelIntegratedComponent:63 - No mode defined for component null
2023-10-31 09:35:36,328 [WARN] ModelIntegratedComponent:63 - No mode defined for component null
2023-10-31 09:35:36,328 [WARN] ModelIntegratedComponent:63 - No mode defined for component null
2023-10-31 09:35:36,328 [WARN] ModelIntegratedComponent:63 - No mode defined for component null
2023-10-31 09:35:36,328 [WARN] ModelIntegratedComponent:63 - No mode defined for component null
2023-10-31 09:35:36,328 [WARN] ModelIntegratedComponent:63 - No mode defined for component null
2023-10-31 09:35:36,328 [WARN] ModelIntegratedComponent:63 - No mode defined for component null
2023-10-31 09:35:36,328 [WARN] ModelIntegratedComponent:63 - No mode defined for component null
2023-10-31 09:35:36,328 [WARN] ModelIntegratedComponent:63 - No mode defined for component null
2023-10-31 09:35:36,329 [WARN] ModelIntegratedComponent:63 - No mode defined for component null
2023-10-31 09:35:36,329 [WARN] ModelIntegratedComponent:63 - No mode defined for component null
2023-10-31 09:35:36,329 [WARN] ModelIntegratedComponent:63 - No mode defined for component null
2023-10-31 09:35:36,329 [WARN] ModelIntegratedComponent:63 - No mode defined for component null
2023-10-31 09:35:36,413 [INFO] ThirdPartyModel:298 - Start build external matchings
2023-10-31 09:35:36,961 [INFO] ThirdPartyModel:316 - End build external matchings
2023-10-31 09:35:37,269 [INFO] UtilMem:75 - End LoadConfig() Used Memory: 868353144 Bytes (1073741824)
2023-10-31 09:35:37,296 [WARN] ThirdParty:833 - waiting for thirdparty lock release [change project]
2023-10-31 09:35:37,296 [INFO] ThirdParty:835 - entering critical section [change project]
2023-10-31 09:35:37,296 [INFO] ThirdParty:1030 - CMSIS Pack Vendor :STMicroelectronics X-CUBE-ISPU 1.1.0
2023-10-31 09:35:37,296 [INFO] ThirdParty:1030 - CMSIS Pack Vendor :STMicroelectronics USBPD 4.1
2023-10-31 09:35:37,296 [INFO] ThirdParty:1030 - CMSIS Pack Vendor :STMicroelectronics X-CUBE-GNSS1 6.0.0
2023-10-31 09:35:37,296 [INFO] ThirdParty:1030 - CMSIS Pack Vendor :STMicroelectronics USB_HOST 2.0.0
2023-10-31 09:35:37,296 [INFO] ThirdParty:1030 - CMSIS Pack Vendor :STMicroelectronics X-CUBE-AZRTOS-F4 1.1.0
2023-10-31 09:35:37,296 [INFO] ThirdParty:1030 - CMSIS Pack Vendor :STMicroelectronics LIBJPEG 8.0.0
2023-10-31 09:35:37,296 [INFO] ThirdParty:1030 - CMSIS Pack Vendor :wolfSSL I-CUBE-wolfSSL 5.6.3
2023-10-31 09:35:37,296 [INFO] ThirdParty:1030 - CMSIS Pack Vendor :STMicroelectronics X-CUBE-SMBUS 2.1.0
2023-10-31 09:35:37,296 [INFO] ThirdParty:1030 - CMSIS Pack Vendor :STMicroelectronics USB_DEVICE 3.0.0
2023-10-31 09:35:37,296 [INFO] ThirdParty:1030 - CMSIS Pack Vendor :STMicroelectronics X-CUBE-AZRTOS-WB 2.0.0
2023-10-31 09:35:37,296 [INFO] ThirdParty:1030 - CMSIS Pack Vendor :STMicroelectronics X-CUBE-AZRTOS-F7 1.1.0
2023-10-31 09:35:37,296 [INFO] ThirdParty:1030 - CMSIS Pack Vendor :STMicroelectronics X-CUBE-AZRTOS-L5 2.0.0
2023-10-31 09:35:37,296 [INFO] ThirdParty:1030 - CMSIS Pack Vendor :STMicroelectronics USB_DEVICE 2.0.0
2023-10-31 09:35:37,296 [INFO] ThirdParty:1030 - CMSIS Pack Vendor :STMicroelectronics X-CUBE-MEMS1 9.6.0
2023-10-31 09:35:37,297 [INFO] ThirdParty:1030 - CMSIS Pack Vendor :STMicroelectronics X-CUBE-EEPRMA1 4.2.0
2023-10-31 09:35:37,297 [INFO] ThirdParty:1030 - CMSIS Pack Vendor :ITTIA_DB I-CUBE-ITTIADB 8.8.0
2023-10-31 09:35:37,297 [INFO] ThirdParty:1030 - CMSIS Pack Vendor :STMicroelectronics FP-SNS-MOTENV1 4.3.2
2023-10-31 09:35:37,297 [INFO] ThirdParty:1030 - CMSIS Pack Vendor :STMicroelectronics X-CUBE-ALGOBUILD 1.3.0
2023-10-31 09:35:37,297 [INFO] ThirdParty:1030 - CMSIS Pack Vendor :STMicroelectronics FreeRTOS 0.0.1
2023-10-31 09:35:37,297 [INFO] ThirdParty:1030 - CMSIS Pack Vendor :STMicroelectronics X-CUBE-AZRTOS-G0 1.1.0
2023-10-31 09:35:37,297 [INFO] ThirdParty:1030 - CMSIS Pack Vendor :STMicroelectronics X-CUBE-BLEMGR 2.0.0
2023-10-31 09:35:37,297 [INFO] ThirdParty:1030 - CMSIS Pack Vendor :STMicroelectronics X-CUBE-NFC4 3.0.0
2023-10-31 09:35:37,297 [INFO] ThirdParty:1030 - CMSIS Pack Vendor :STMicroelectronics X-CUBE-SUBG2 5.0.0
2023-10-31 09:35:37,297 [INFO] ThirdParty:1030 - CMSIS Pack Vendor :STMicroelectronics STM32_WPAN 1.0.0
2023-10-31 09:35:37,297 [INFO] ThirdParty:1030 - CMSIS Pack Vendor :STMicroelectronics lwIP 2.0.3
2023-10-31 09:35:37,297 [INFO] ThirdParty:1030 - CMSIS Pack Vendor :STMicroelectronics FP-SNS-FLIGHT1 5.0.2
2023-10-31 09:35:37,297 [INFO] ThirdParty:1030 - CMSIS Pack Vendor :STMicroelectronics USB_HOST 1.0.0
2023-10-31 09:35:37,297 [INFO] ThirdParty:1030 - CMSIS Pack Vendor :STMicroelectronics X-CUBE-TOF1 3.3.1
2023-10-31 09:35:37,297 [INFO] ThirdParty:1030 - CMSIS Pack Vendor :STMicroelectronics X-CUBE-AZRTOS-G4 2.0.0
2023-10-31 09:35:37,297 [INFO] ThirdParty:1030 - CMSIS Pack Vendor :STMicroelectronics PDM2PCM 3.1.0
2023-10-31 09:35:37,297 [INFO] ThirdParty:1030 - CMSIS Pack Vendor :STMicroelectronics X-CUBE-AZRTOS-H7 3.1.0
2023-10-31 09:35:37,297 [INFO] ThirdParty:1030 - CMSIS Pack Vendor :Infineon AIROC-Wi-Fi-Bluetooth-STM32 1.5.1
2023-10-31 09:35:37,297 [INFO] ThirdParty:1030 - CMSIS Pack Vendor :STMicroelectronics X-CUBE-BLEMGR 3.0.0
2023-10-31 09:35:37,297 [INFO] ThirdParty:1030 - CMSIS Pack Vendor :STMicroelectronics PDM2PCM 3.3.0
2023-10-31 09:35:37,297 [INFO] ThirdParty:1030 - CMSIS Pack Vendor :STMicroelectronics X-CUBE-DISPLAY 3.0.0
2023-10-31 09:35:37,297 [INFO] ThirdParty:1030 - CMSIS Pack Vendor :STMicroelectronics X-CUBE-BLE1 7.0.0
2023-10-31 09:35:37,298 [INFO] ThirdParty:1030 - CMSIS Pack Vendor :STMicroelectronics FP-ATR-SIGFOX1 3.2.0
2023-10-31 09:35:37,298 [INFO] ThirdParty:1030 - CMSIS Pack Vendor :STMicroelectronics HAL Drivers 0.0.0
2023-10-31 09:35:37,298 [INFO] ThirdParty:1030 - CMSIS Pack Vendor :STMicroelectronics MBEDTLS 2.16.2
2023-10-31 09:35:37,298 [INFO] ThirdParty:1030 - CMSIS Pack Vendor :emotas I-CUBE-CANOPEN 1.3.0
2023-10-31 09:35:37,298 [INFO] ThirdParty:1030 - CMSIS Pack Vendor :STMicroelectronics X-CUBE-MEMS1 10.0.0
2023-10-31 09:35:37,298 [INFO] ThirdParty:1030 - CMSIS Pack Vendor :STMicroelectronics X-CUBE-FREERTOS 1.1.0
2023-10-31 09:35:37,298 [INFO] ThirdParty:1030 - CMSIS Pack Vendor :STMicroelectronics X-CUBE-NFC7 1.0.1
2023-10-31 09:35:37,298 [INFO] ThirdParty:1030 - CMSIS Pack Vendor :STMicroelectronics MBEDTLS 2.14.1
2023-10-31 09:35:37,298 [INFO] ThirdParty:1030 - CMSIS Pack Vendor :STMicroelectronics X-CUBE-TOUCHGFX 4.22.1
2023-10-31 09:35:37,298 [INFO] ThirdParty:1030 - CMSIS Pack Vendor :STMicroelectronics X-CUBE-NFC6 3.0.0
2023-10-31 09:35:37,298 [INFO] ThirdParty:1030 - CMSIS Pack Vendor :STMicroelectronics X-CUBE-EEPRMA1 4.1.0
2023-10-31 09:35:37,298 [INFO] ThirdParty:1030 - CMSIS Pack Vendor :portGmbH I-Cube-SoM-uGOAL 1.1.0
2023-10-31 09:35:37,298 [INFO] ThirdParty:1030 - CMSIS Pack Vendor :STMicroelectronics X-CUBE-ALS 1.0.1
2023-10-31 09:35:37,299 [INFO] ThirdParty:1030 - CMSIS Pack Vendor :STMicroelectronics ThreadX 1.0.0
2023-10-31 09:35:37,299 [INFO] ThirdParty:1030 - CMSIS Pack Vendor :STMicroelectronics FP-SNS-SMARTAG2 1.2.0
2023-10-31 09:35:37,299 [INFO] ThirdParty:1030 - CMSIS Pack Vendor :STMicroelectronics X-CUBE-AZRTOS-WL 2.0.0
2023-10-31 09:35:37,299 [INFO] ThirdParty:1030 - CMSIS Pack Vendor :SEGGER I-CUBE-embOS 1.3.1
2023-10-31 09:35:37,299 [INFO] ThirdParty:1030 - CMSIS Pack Vendor :STMicroelectronics USB_DEVICE 1.0.0
2023-10-31 09:35:37,299 [INFO] ThirdParty:1030 - CMSIS Pack Vendor :STMicroelectronics X-CUBE-AI 8.1.0
2023-10-31 09:35:37,299 [INFO] ThirdParty:1030 - CMSIS Pack Vendor :STMicroelectronics X-CUBE-AZRTOS-L4 2.0.0
2023-10-31 09:35:37,299 [INFO] ThirdParty:1030 - CMSIS Pack Vendor :STMicroelectronics ThreadX 0.0.2
2023-10-31 09:35:37,299 [INFO] ThirdParty:1030 - CMSIS Pack Vendor :WES I-CUBE-Cesium 1.3.0
2023-10-31 09:35:37,299 [INFO] ThirdParty:1030 - CMSIS Pack Vendor :STMicroelectronics FP-ATR-ASTRA1 2.0.0
2023-10-31 09:35:37,299 [INFO] ThirdParty:1030 - CMSIS Pack Vendor :STMicroelectronics lwIP 2.1.2
2023-10-31 09:35:37,299 [INFO] ThirdParty:1030 - CMSIS Pack Vendor :STMicroelectronics X-CUBE-SFXS2LP1 4.0.0
2023-10-31 09:35:37,299 [INFO] ThirdParty:1030 - CMSIS Pack Vendor :STMicroelectronics X-CUBE-BLE2 3.3.0
2023-10-31 09:35:37,299 [INFO] ThirdParty:1030 - CMSIS Pack Vendor :STMicroelectronics PDM2PCM 3.2.0
2023-10-31 09:35:37,299 [INFO] ThirdParty:841 - exiting critical section [change project]
2023-10-31 09:35:37,664 [INFO] PinOutPanel:1499 - setPackage(No Configuration,No Configuration)
2023-10-31 09:35:37,665 [INFO] PinOutPanel:1499 - setPackage(STM32F407VGTx,LQFP100)
2023-10-31 09:35:38,219 [INFO] UtilMem:75 - Before build in PCC Used Memory: 681196680 Bytes (1073741824)
2023-10-31 09:35:39,106 [INFO] UtilMem:75 - After build in PCC Used Memory: 746730632 Bytes (1073741824)
2023-10-31 09:35:39,133 [INFO] IPUIPlugin:80 - create IPUIPlugin
2023-10-31 09:35:39,134 [INFO] IPUIPlugin:80 - create IPUIPlugin
2023-10-31 09:35:39,134 [INFO] IPUIPlugin:80 - create IPUIPlugin
2023-10-31 09:35:39,134 [INFO] IPUIPlugin:80 - create IPUIPlugin
2023-10-31 09:35:39,134 [INFO] IPUIPlugin:80 - create IPUIPlugin
2023-10-31 09:35:39,134 [INFO] IPUIPlugin:80 - create IPUIPlugin
2023-10-31 09:35:39,134 [INFO] IPUIPlugin:80 - create IPUIPlugin
2023-10-31 09:35:39,134 [INFO] IPUIPlugin:80 - create IPUIPlugin
2023-10-31 09:35:39,134 [INFO] IPUIPlugin:80 - create IPUIPlugin
2023-10-31 09:35:39,134 [INFO] IPUIPlugin:80 - create IPUIPlugin
2023-10-31 09:35:39,134 [INFO] IPUIPlugin:80 - create IPUIPlugin
2023-10-31 09:35:39,135 [INFO] IPUIPlugin:80 - create IPUIPlugin
2023-10-31 09:35:39,135 [INFO] IPUIPlugin:80 - create IPUIPlugin
2023-10-31 09:35:39,135 [INFO] IPUIPlugin:80 - create IPUIPlugin
2023-10-31 09:35:39,135 [INFO] IPUIPlugin:80 - create IPUIPlugin
2023-10-31 09:35:39,135 [INFO] IPUIPlugin:80 - create IPUIPlugin
2023-10-31 09:35:39,135 [INFO] IPUIPlugin:80 - create IPUIPlugin
2023-10-31 09:35:39,135 [INFO] IPUIPlugin:80 - create IPUIPlugin
2023-10-31 09:35:39,135 [INFO] IPUIPlugin:80 - create IPUIPlugin
2023-10-31 09:35:39,135 [INFO] IPUIPlugin:80 - create IPUIPlugin
2023-10-31 09:35:39,136 [INFO] IPUIPlugin:80 - create IPUIPlugin
2023-10-31 09:35:39,136 [INFO] IPUIPlugin:80 - create IPUIPlugin
2023-10-31 09:35:39,136 [INFO] IPUIPlugin:80 - create IPUIPlugin
2023-10-31 09:35:39,136 [INFO] IPUIPlugin:80 - create IPUIPlugin
2023-10-31 09:35:39,136 [INFO] IPUIPlugin:80 - create IPUIPlugin
2023-10-31 09:35:39,136 [INFO] IPUIPlugin:80 - create IPUIPlugin
2023-10-31 09:35:39,137 [INFO] IPUIPlugin:80 - create IPUIPlugin
2023-10-31 09:35:39,137 [INFO] IPUIPlugin:80 - create IPUIPlugin
2023-10-31 09:35:39,137 [INFO] IPUIPlugin:80 - create IPUIPlugin
2023-10-31 09:35:39,137 [INFO] IPUIPlugin:80 - create IPUIPlugin
2023-10-31 09:35:39,137 [INFO] IPUIPlugin:80 - create IPUIPlugin
2023-10-31 09:35:39,138 [INFO] IPUIPlugin:80 - create IPUIPlugin
2023-10-31 09:35:39,138 [INFO] IPUIPlugin:80 - create IPUIPlugin
2023-10-31 09:35:39,138 [INFO] IPUIPlugin:80 - create IPUIPlugin
2023-10-31 09:35:39,138 [INFO] IPUIPlugin:80 - create IPUIPlugin
2023-10-31 09:35:39,139 [INFO] IPUIPlugin:80 - create IPUIPlugin
2023-10-31 09:35:39,139 [INFO] IPUIPlugin:80 - create IPUIPlugin
2023-10-31 09:35:39,139 [INFO] IPUIPlugin:80 - create IPUIPlugin
2023-10-31 09:35:39,139 [INFO] IPUIPlugin:80 - create IPUIPlugin
2023-10-31 09:35:39,139 [INFO] IPUIPlugin:80 - create IPUIPlugin
2023-10-31 09:35:39,140 [INFO] IPUIPlugin:80 - create IPUIPlugin
2023-10-31 09:35:39,140 [INFO] IPUIPlugin:80 - create IPUIPlugin
2023-10-31 09:35:39,140 [INFO] IPUIPlugin:80 - create IPUIPlugin
2023-10-31 09:35:39,140 [INFO] IPUIPlugin:80 - create IPUIPlugin
2023-10-31 09:35:39,140 [INFO] IPUIPlugin:80 - create IPUIPlugin
2023-10-31 09:35:39,141 [INFO] IPUIPlugin:80 - create IPUIPlugin
2023-10-31 09:35:39,141 [INFO] IPUIPlugin:80 - create IPUIPlugin
2023-10-31 09:35:39,141 [INFO] IPUIPlugin:80 - create IPUIPlugin
2023-10-31 09:35:39,141 [INFO] IPUIPlugin:80 - create IPUIPlugin
2023-10-31 09:35:39,141 [INFO] IPUIPlugin:80 - create IPUIPlugin
2023-10-31 09:35:39,142 [INFO] IPUIPlugin:80 - create IPUIPlugin
2023-10-31 09:35:39,142 [INFO] IPUIPlugin:80 - create IPUIPlugin
2023-10-31 09:35:39,142 [INFO] IPUIPlugin:80 - create IPUIPlugin
2023-10-31 09:35:39,143 [INFO] IPUIPlugin:80 - create IPUIPlugin
2023-10-31 09:35:39,143 [INFO] IPUIPlugin:80 - create IPUIPlugin
2023-10-31 09:35:39,144 [INFO] IPUIPlugin:80 - create IPUIPlugin
2023-10-31 09:35:39,144 [INFO] IPUIPlugin:80 - create IPUIPlugin
2023-10-31 09:35:39,144 [INFO] IPUIPlugin:80 - create IPUIPlugin
2023-10-31 09:35:39,328 [INFO] ApiDbMcu:507 - Load IP Config File for PDM2PCM
2023-10-31 09:35:39,538 [INFO] CADModel:165 - CPN selected for project levelSTM32F407VGT6
2023-10-31 09:35:39,538 [INFO] CADModel:114 - Register for checkConnection events
2023-10-31 09:35:39,577 [INFO] OpenFileManager:328 - Restore cursor
2023-10-31 09:35:41,697 [INFO] UtilMem:75 - End SaveConfig() Used Memory: 868803432 Bytes (1073741824)
2023-10-31 09:35:41,752 [INFO] UtilMem:75 - End SaveConfig() Used Memory: 892871584 Bytes (1073741824)
2023-10-31 09:35:42,075 [INFO] BlockDiagram:2759 - set Specific Code input for plugin: RCC
2023-10-31 09:35:42,075 [INFO] BlockDiagram:2759 - set Specific Code input for plugin: NVIC
2023-10-31 09:35:42,077 [INFO] CodeGenerator:799 - code generatio: config db path: D:\ST\STM32CubeIDE_1.13.2\STM32CubeIDE\plugins\com.st.stm32cube.common.mx_6.9.2.202309101412\\db\
2023-10-31 09:35:42,302 [INFO] CodeEngine:255 - oldGeneratedFile, C:\Users\metti\Documents\GitHub\fhkaernten\DSP\cube\fft_example\MXTmpFiles\license.tmp_save
2023-10-31 09:35:42,706 [INFO] CodeEngine:279 - Generated code: C:\Users\metti\Documents\GitHub\fhkaernten\DSP\cube\fft_example\MXTmpFiles\license.tmp
2023-10-31 09:35:42,731 [INFO] CodeEngine:255 - oldGeneratedFile, C:\Users\metti\Documents\GitHub\fhkaernten\DSP\cube\fft_example\Core\Src\stm32f4xx_it.c_save
2023-10-31 09:35:42,867 [INFO] CodeEngine:279 - Generated code: C:\Users\metti\Documents\GitHub\fhkaernten\DSP\cube\fft_example\Core\Src\stm32f4xx_it.c
2023-10-31 09:35:42,877 [INFO] CodeEngine:255 - oldGeneratedFile, C:\Users\metti\Documents\GitHub\fhkaernten\DSP\cube\fft_example\Core\Inc\stm32f4xx_it.h_save
2023-10-31 09:35:42,967 [INFO] CodeEngine:279 - Generated code: C:\Users\metti\Documents\GitHub\fhkaernten\DSP\cube\fft_example\Core\Inc\stm32f4xx_it.h
2023-10-31 09:35:43,056 [INFO] CodeEngine:255 - oldGeneratedFile, C:\Users\metti\Documents\GitHub\fhkaernten\DSP\cube\fft_example\Core\Src\stm32f4xx_hal_msp.c_save
2023-10-31 09:35:43,168 [INFO] CodeEngine:279 - Generated code: C:\Users\metti\Documents\GitHub\fhkaernten\DSP\cube\fft_example\Core\Src\stm32f4xx_hal_msp.c
2023-10-31 09:35:43,178 [INFO] CodeEngine:255 - oldGeneratedFile, C:\Users\metti\Documents\GitHub\fhkaernten\DSP\cube\fft_example\MXTmpFiles\system.tmp_save
2023-10-31 09:35:43,243 [INFO] CodeEngine:279 - Generated code: C:\Users\metti\Documents\GitHub\fhkaernten\DSP\cube\fft_example\MXTmpFiles\system.tmp
2023-10-31 09:35:43,262 [INFO] CodeEngine:311 - oldGeneratedFile, C:\Users\metti\Documents\GitHub\fhkaernten\DSP\cube\fft_example\Core\Inc\stm32f4xx_hal_conf.h_save
2023-10-31 09:35:43,377 [INFO] CodeEngine:335 - Generated code: C:\Users\metti\Documents\GitHub\fhkaernten\DSP\cube\fft_example\Core\Inc\stm32f4xx_hal_conf.h
2023-10-31 09:35:43,444 [INFO] CodeEngine:255 - oldGeneratedFile, C:\Users\metti\Documents\GitHub\fhkaernten\DSP\cube\fft_example\Core\Inc\main.h_save
2023-10-31 09:35:43,558 [INFO] CodeEngine:279 - Generated code: C:\Users\metti\Documents\GitHub\fhkaernten\DSP\cube\fft_example\Core\Inc\main.h
2023-10-31 09:35:43,571 [INFO] CodeEngine:255 - oldGeneratedFile, C:\Users\metti\Documents\GitHub\fhkaernten\DSP\cube\fft_example\Core\Src\main.c_save
2023-10-31 09:35:43,703 [INFO] CodeEngine:279 - Generated code: C:\Users\metti\Documents\GitHub\fhkaernten\DSP\cube\fft_example\Core\Src\main.c
2023-10-31 09:35:44,230 [INFO] ProjectBuilder:3064 - Time for Copy HAL[1] : 201mS.
2023-10-31 09:35:44,237 [INFO] ProjectBuilder:4404 - Project Generator version: 4.1.0
2023-10-31 09:35:44,595 [INFO] ConfigFileManager:1457 - The Die is : DIE413
2023-10-31 09:35:44,613 [INFO] ApiDbMcu:507 - Load IP Config File for FATFS
2023-10-31 09:35:44,626 [INFO] ApiDbMcu:507 - Load IP Config File for FREERTOS
2023-10-31 09:35:44,640 [INFO] ApiDbMcu:507 - Load IP Config File for LIBJPEG
2023-10-31 09:35:44,663 [INFO] ApiDbMcu:507 - Load IP Config File for LWIP
2023-10-31 09:35:44,676 [INFO] ApiDbMcu:507 - Load IP Config File for MBEDTLS
2023-10-31 09:35:44,711 [INFO] ApiDbMcu:507 - Load IP Config File for USB_DEVICE
2023-10-31 09:35:44,723 [INFO] ApiDbMcu:507 - Load IP Config File for USB_HOST
2023-10-31 09:35:45,816 [INFO] LogOutputStream:77 - [STDOUT_REDIRECT] 
2023-10-31 09:35:48,238 [INFO] ProjectBuilder:4626 - Time for Generating toolchain IDE Files: 4001mS.
2023-10-31 09:35:48,239 [INFO] ProjectBuilder:2935 - Time for Copy CMSIS : 0mS.
2023-10-31 09:35:48,242 [INFO] ProjectBuilder:2935 - Time for Copy CMSIS : 0mS.
2023-10-31 09:35:49,208 [INFO] McuFinderGlobals:76 - Set McuFinderConnectedMode to true
2023-10-31 09:35:49,211 [INFO] ApiDb:448 - Save user favorites file C:\Users\metti/.stm32cubeide/favorites.mcus.txt: 0 item(s)
2023-10-31 09:35:49,211 [INFO] ApiDb:452 - User favorites MCUs=[]
2023-10-31 09:52:25,248 [INFO] UtilMem:75 - End SaveConfig() Used Memory: 642545216 Bytes (1073741824)
2023-10-31 09:52:27,372 [INFO] UtilMem:75 - End SaveConfig() Used Memory: 724856384 Bytes (1073741824)
2023-10-31 09:52:27,513 [INFO] UtilMem:75 - End SaveConfig() Used Memory: 799307328 Bytes (1073741824)
2023-10-31 09:52:27,721 [INFO] BlockDiagram:2759 - set Specific Code input for plugin: RCC
2023-10-31 09:52:27,723 [INFO] BlockDiagram:2759 - set Specific Code input for plugin: NVIC
2023-10-31 09:52:27,724 [INFO] CodeGenerator:799 - code generatio: config db path: D:\ST\STM32CubeIDE_1.13.2\STM32CubeIDE\plugins\com.st.stm32cube.common.mx_6.9.2.202309101412\\db\
2023-10-31 09:52:27,872 [INFO] CodeEngine:255 - oldGeneratedFile, C:\Users\metti\Documents\GitHub\fhkaernten\DSP\cube\fft_example\MXTmpFiles\license.tmp_save
2023-10-31 09:52:27,981 [INFO] CodeEngine:279 - Generated code: C:\Users\metti\Documents\GitHub\fhkaernten\DSP\cube\fft_example\MXTmpFiles\license.tmp
2023-10-31 09:52:28,004 [INFO] CodeEngine:255 - oldGeneratedFile, C:\Users\metti\Documents\GitHub\fhkaernten\DSP\cube\fft_example\Core\Src\stm32f4xx_it.c_save
2023-10-31 09:52:28,195 [INFO] CodeEngine:279 - Generated code: C:\Users\metti\Documents\GitHub\fhkaernten\DSP\cube\fft_example\Core\Src\stm32f4xx_it.c
2023-10-31 09:52:28,201 [INFO] CodeEngine:255 - oldGeneratedFile, C:\Users\metti\Documents\GitHub\fhkaernten\DSP\cube\fft_example\Core\Inc\stm32f4xx_it.h_save
2023-10-31 09:52:28,268 [INFO] CodeEngine:279 - Generated code: C:\Users\metti\Documents\GitHub\fhkaernten\DSP\cube\fft_example\Core\Inc\stm32f4xx_it.h
2023-10-31 09:52:28,292 [INFO] CodeEngine:255 - oldGeneratedFile, C:\Users\metti\Documents\GitHub\fhkaernten\DSP\cube\fft_example\Core\Src\stm32f4xx_hal_msp.c_save
2023-10-31 09:52:28,381 [INFO] CodeEngine:279 - Generated code: C:\Users\metti\Documents\GitHub\fhkaernten\DSP\cube\fft_example\Core\Src\stm32f4xx_hal_msp.c
2023-10-31 09:52:28,385 [INFO] CodeEngine:255 - oldGeneratedFile, C:\Users\metti\Documents\GitHub\fhkaernten\DSP\cube\fft_example\MXTmpFiles\system.tmp_save
2023-10-31 09:52:28,440 [INFO] CodeEngine:279 - Generated code: C:\Users\metti\Documents\GitHub\fhkaernten\DSP\cube\fft_example\MXTmpFiles\system.tmp
2023-10-31 09:52:28,459 [INFO] CodeEngine:311 - oldGeneratedFile, C:\Users\metti\Documents\GitHub\fhkaernten\DSP\cube\fft_example\Core\Inc\stm32f4xx_hal_conf.h_save
2023-10-31 09:52:28,550 [INFO] CodeEngine:335 - Generated code: C:\Users\metti\Documents\GitHub\fhkaernten\DSP\cube\fft_example\Core\Inc\stm32f4xx_hal_conf.h
2023-10-31 09:52:28,602 [INFO] CodeEngine:255 - oldGeneratedFile, C:\Users\metti\Documents\GitHub\fhkaernten\DSP\cube\fft_example\Core\Inc\main.h_save
2023-10-31 09:52:28,700 [INFO] CodeEngine:279 - Generated code: C:\Users\metti\Documents\GitHub\fhkaernten\DSP\cube\fft_example\Core\Inc\main.h
2023-10-31 09:52:28,712 [INFO] CodeEngine:255 - oldGeneratedFile, C:\Users\metti\Documents\GitHub\fhkaernten\DSP\cube\fft_example\Core\Src\main.c_save
2023-10-31 09:52:28,830 [INFO] CodeEngine:279 - Generated code: C:\Users\metti\Documents\GitHub\fhkaernten\DSP\cube\fft_example\Core\Src\main.c
2023-10-31 09:52:29,201 [INFO] ProjectBuilder:3064 - Time for Copy HAL[1] : 122mS.
2023-10-31 09:52:29,204 [INFO] ProjectBuilder:4404 - Project Generator version: 4.1.0
2023-10-31 09:52:29,527 [INFO] ConfigFileManager:1457 - The Die is : DIE413
2023-10-31 09:52:30,807 [INFO] ProjectBuilder:4626 - Time for Generating toolchain IDE Files: 1603mS.
2023-10-31 09:52:30,808 [INFO] ProjectBuilder:2935 - Time for Copy CMSIS : 1mS.
2023-10-31 09:52:30,809 [INFO] ProjectBuilder:2935 - Time for Copy CMSIS : 0mS.
2023-10-31 10:38:55,745 [INFO] MainUpdater:2868 - connection check result : 10
2023-10-31 10:38:55,746 [INFO] MainUpdater:2868 - connection check result : 10
2023-10-31 10:38:55,780 [INFO] MicroXplorer:468 - Change Database Path : 
2023-10-31 10:38:55,780 [INFO] MicroXplorer:498 - Change Database Version : DB.6.0.92
2023-10-31 10:38:55,820 [WARN] ThirdParty:871 - waiting for thirdparty lock release [close project]
2023-10-31 10:38:55,820 [INFO] ThirdParty:873 - entering critical section [close project]
2023-10-31 10:38:55,820 [INFO] ThirdParty:883 - exiting critical section [close project]
2023-10-31 10:38:55,822 [INFO] PinOutPanel:1499 - setPackage(No Configuration,No Configuration)
2023-10-31 10:38:55,860 [WARN] IpParametersView:151 - Warning: This peripheral hasn't parameters
2023-10-31 10:38:55,887 [WARN] MainPanel:272 - <html><b><center>Warning: This peripheral has no parameters to be configured<br></b></html>
2023-10-31 10:38:55,904 [INFO] UtilMem:75 - Begin LoadConfig() Used Memory: 438738840 Bytes (958398464)
2023-10-31 10:39:10,356 [INFO] MicroXplorer:468 - Change Database Path : 
2023-10-31 10:39:10,356 [INFO] MicroXplorer:498 - Change Database Version : DB.6.0.92
2023-10-31 10:39:10,357 [INFO] OpenFileManager:308 - Change cursor
2023-10-31 10:39:10,371 [INFO] RulesReader:64 - Compatibility file has been processed (293 Rules)
2023-10-31 10:39:10,376 [INFO] Mcu:1946 - Initializing MCU STM32F407V(E-G)Tx STM32F407VGTx STM32F407VGT6
2023-10-31 10:39:11,488 [INFO] Context:659 - Trying to add GPIOservice into a context  which must be forbidden
2023-10-31 10:39:11,844 [INFO] Rule:228 - rule WakeUp0 Mode is applicable
2023-10-31 10:39:11,844 [INFO] Rule:228 - rule WakeUp0 SIGNAL is applicable
2023-10-31 10:39:11,845 [INFO] Rule:228 - rule WakeUp1 Mode is applicable
2023-10-31 10:39:11,845 [INFO] Rule:228 - rule WakeUp1 SIGNAL is applicable
2023-10-31 10:39:11,845 [INFO] Rule:228 - rule WakeUp2 Mode is applicable
2023-10-31 10:39:11,845 [INFO] Rule:228 - rule WakeUp2 SIGNAL is applicable
2023-10-31 10:39:11,845 [INFO] Rule:228 - rule WakeUp4 Mode is applicable
2023-10-31 10:39:11,845 [INFO] Rule:228 - rule WakeUp4 SIGNAL is applicable
2023-10-31 10:39:11,845 [INFO] Rule:228 - rule WakeUp5 Mode is applicable
2023-10-31 10:39:11,845 [INFO] Rule:228 - rule WakeUp5 SIGNAL is applicable
2023-10-31 10:39:11,845 [INFO] DbConfProperties:307 - Apply Compatibility (0/10 Rules)
2023-10-31 10:39:11,985 [INFO] RtosManager:555 - Registered RTOS mode: class=CMSIS, group=RTOS, mode=CMSIS_V1, owner=FREERTOS
2023-10-31 10:39:11,986 [INFO] RtosManager:555 - Registered RTOS mode: class=CMSIS, group=RTOS2, mode=CMSIS_V2, owner=FREERTOS
2023-10-31 10:39:11,986 [INFO] RtosManager:555 - Registered RTOS mode: class=RTOS, group=Core, mode=CMSIS_V1, owner=FREERTOS
2023-10-31 10:39:11,986 [INFO] RtosManager:555 - Registered RTOS mode: class=RTOS, group=Core, mode=CMSIS_V2, owner=FREERTOS
2023-10-31 10:39:11,986 [WARN] ModelIntegratedComponent:184 - Missing modes for component STMicroelectronics:FreeRTOS:0.0.1:STMicroelectronics:RTOS:FreeRTOS:Core:::10.2.0:
2023-10-31 10:39:11,994 [WARN] ModelIntegratedComponent:63 - No mode defined for component null
2023-10-31 10:39:11,995 [WARN] ModelIntegratedComponent:63 - No mode defined for component null
2023-10-31 10:39:11,995 [WARN] ModelIntegratedComponent:63 - No mode defined for component null
2023-10-31 10:39:11,995 [WARN] ModelIntegratedComponent:63 - No mode defined for component null
2023-10-31 10:39:11,995 [WARN] ModelIntegratedComponent:63 - No mode defined for component null
2023-10-31 10:39:11,995 [WARN] ModelIntegratedComponent:63 - No mode defined for component null
2023-10-31 10:39:11,995 [WARN] ModelIntegratedComponent:63 - No mode defined for component null
2023-10-31 10:39:11,995 [WARN] ModelIntegratedComponent:63 - No mode defined for component null
2023-10-31 10:39:11,995 [WARN] ModelIntegratedComponent:63 - No mode defined for component null
2023-10-31 10:39:11,995 [WARN] ModelIntegratedComponent:63 - No mode defined for component null
2023-10-31 10:39:11,995 [WARN] ModelIntegratedComponent:63 - No mode defined for component null
2023-10-31 10:39:11,995 [WARN] ModelIntegratedComponent:63 - No mode defined for component null
2023-10-31 10:39:11,995 [WARN] ModelIntegratedComponent:63 - No mode defined for component null
2023-10-31 10:39:11,995 [WARN] ModelIntegratedComponent:63 - No mode defined for component null
2023-10-31 10:39:11,995 [WARN] ModelIntegratedComponent:63 - No mode defined for component null
2023-10-31 10:39:11,995 [WARN] ModelIntegratedComponent:63 - No mode defined for component null
2023-10-31 10:39:11,995 [WARN] ModelIntegratedComponent:63 - No mode defined for component null
2023-10-31 10:39:11,995 [WARN] ModelIntegratedComponent:63 - No mode defined for component null
2023-10-31 10:39:11,995 [WARN] ModelIntegratedComponent:63 - No mode defined for component null
2023-10-31 10:39:11,995 [WARN] ModelIntegratedComponent:63 - No mode defined for component null
2023-10-31 10:39:11,995 [WARN] ModelIntegratedComponent:63 - No mode defined for component null
2023-10-31 10:39:11,996 [WARN] ModelIntegratedComponent:63 - No mode defined for component null
2023-10-31 10:39:11,996 [WARN] ModelIntegratedComponent:63 - No mode defined for component null
2023-10-31 10:39:11,996 [WARN] ModelIntegratedComponent:63 - No mode defined for component null
2023-10-31 10:39:11,996 [WARN] ModelIntegratedComponent:63 - No mode defined for component null
2023-10-31 10:39:11,996 [WARN] ModelIntegratedComponent:63 - No mode defined for component null
2023-10-31 10:39:11,996 [WARN] ModelIntegratedComponent:63 - No mode defined for component null
2023-10-31 10:39:11,996 [WARN] ModelIntegratedComponent:63 - No mode defined for component null
2023-10-31 10:39:11,996 [WARN] ModelIntegratedComponent:63 - No mode defined for component null
2023-10-31 10:39:11,996 [WARN] ModelIntegratedComponent:63 - No mode defined for component null
2023-10-31 10:39:11,996 [WARN] ModelIntegratedComponent:63 - No mode defined for component null
2023-10-31 10:39:11,996 [WARN] ModelIntegratedComponent:63 - No mode defined for component null
2023-10-31 10:39:11,996 [WARN] ModelIntegratedComponent:63 - No mode defined for component null
2023-10-31 10:39:12,098 [INFO] ThirdPartyModel:298 - Start build external matchings
2023-10-31 10:39:12,652 [INFO] ThirdPartyModel:316 - End build external matchings
2023-10-31 10:39:12,663 [WARN] IP:2114 - I2C_Coeff_DF not found: check if there is a RefParameter without a condition.
2023-10-31 10:39:12,663 [WARN] IP:2114 - Analog_Filter not found: check if there is a RefParameter without a condition.
2023-10-31 10:39:12,979 [INFO] UtilMem:75 - End LoadConfig() Used Memory: 669707992 Bytes (958398464)
2023-10-31 10:39:13,012 [WARN] ThirdParty:833 - waiting for thirdparty lock release [change project]
2023-10-31 10:39:13,012 [INFO] ThirdParty:835 - entering critical section [change project]
2023-10-31 10:39:13,012 [INFO] ThirdParty:1030 - CMSIS Pack Vendor :STMicroelectronics X-CUBE-ISPU 1.1.0
2023-10-31 10:39:13,012 [INFO] ThirdParty:1030 - CMSIS Pack Vendor :STMicroelectronics USBPD 4.1
2023-10-31 10:39:13,012 [INFO] ThirdParty:1030 - CMSIS Pack Vendor :STMicroelectronics X-CUBE-GNSS1 6.0.0
2023-10-31 10:39:13,012 [INFO] ThirdParty:1030 - CMSIS Pack Vendor :STMicroelectronics USB_HOST 2.0.0
2023-10-31 10:39:13,012 [INFO] ThirdParty:1030 - CMSIS Pack Vendor :STMicroelectronics X-CUBE-AZRTOS-F4 1.1.0
2023-10-31 10:39:13,012 [INFO] ThirdParty:1030 - CMSIS Pack Vendor :STMicroelectronics LIBJPEG 8.0.0
2023-10-31 10:39:13,012 [INFO] ThirdParty:1030 - CMSIS Pack Vendor :wolfSSL I-CUBE-wolfSSL 5.6.3
2023-10-31 10:39:13,012 [INFO] ThirdParty:1030 - CMSIS Pack Vendor :STMicroelectronics X-CUBE-SMBUS 2.1.0
2023-10-31 10:39:13,012 [INFO] ThirdParty:1030 - CMSIS Pack Vendor :STMicroelectronics USB_DEVICE 3.0.0
2023-10-31 10:39:13,012 [INFO] ThirdParty:1030 - CMSIS Pack Vendor :STMicroelectronics X-CUBE-AZRTOS-WB 2.0.0
2023-10-31 10:39:13,012 [INFO] ThirdParty:1030 - CMSIS Pack Vendor :STMicroelectronics X-CUBE-AZRTOS-F7 1.1.0
2023-10-31 10:39:13,012 [INFO] ThirdParty:1030 - CMSIS Pack Vendor :STMicroelectronics X-CUBE-AZRTOS-L5 2.0.0
2023-10-31 10:39:13,013 [INFO] ThirdParty:1030 - CMSIS Pack Vendor :STMicroelectronics USB_DEVICE 2.0.0
2023-10-31 10:39:13,013 [INFO] ThirdParty:1030 - CMSIS Pack Vendor :STMicroelectronics X-CUBE-MEMS1 9.6.0
2023-10-31 10:39:13,013 [INFO] ThirdParty:1030 - CMSIS Pack Vendor :STMicroelectronics X-CUBE-EEPRMA1 4.2.0
2023-10-31 10:39:13,013 [INFO] ThirdParty:1030 - CMSIS Pack Vendor :ITTIA_DB I-CUBE-ITTIADB 8.8.0
2023-10-31 10:39:13,013 [INFO] ThirdParty:1030 - CMSIS Pack Vendor :STMicroelectronics FP-SNS-MOTENV1 4.3.2
2023-10-31 10:39:13,013 [INFO] ThirdParty:1030 - CMSIS Pack Vendor :STMicroelectronics X-CUBE-ALGOBUILD 1.3.0
2023-10-31 10:39:13,013 [INFO] ThirdParty:1030 - CMSIS Pack Vendor :STMicroelectronics FreeRTOS 0.0.1
2023-10-31 10:39:13,013 [INFO] ThirdParty:1030 - CMSIS Pack Vendor :STMicroelectronics X-CUBE-AZRTOS-G0 1.1.0
2023-10-31 10:39:13,013 [INFO] ThirdParty:1030 - CMSIS Pack Vendor :STMicroelectronics X-CUBE-BLEMGR 2.0.0
2023-10-31 10:39:13,013 [INFO] ThirdParty:1030 - CMSIS Pack Vendor :STMicroelectronics X-CUBE-NFC4 3.0.0
2023-10-31 10:39:13,013 [INFO] ThirdParty:1030 - CMSIS Pack Vendor :STMicroelectronics X-CUBE-SUBG2 5.0.0
2023-10-31 10:39:13,013 [INFO] ThirdParty:1030 - CMSIS Pack Vendor :STMicroelectronics STM32_WPAN 1.0.0
2023-10-31 10:39:13,013 [INFO] ThirdParty:1030 - CMSIS Pack Vendor :STMicroelectronics lwIP 2.0.3
2023-10-31 10:39:13,013 [INFO] ThirdParty:1030 - CMSIS Pack Vendor :STMicroelectronics FP-SNS-FLIGHT1 5.0.2
2023-10-31 10:39:13,013 [INFO] ThirdParty:1030 - CMSIS Pack Vendor :STMicroelectronics USB_HOST 1.0.0
2023-10-31 10:39:13,013 [INFO] ThirdParty:1030 - CMSIS Pack Vendor :STMicroelectronics X-CUBE-TOF1 3.3.1
2023-10-31 10:39:13,013 [INFO] ThirdParty:1030 - CMSIS Pack Vendor :STMicroelectronics X-CUBE-AZRTOS-G4 2.0.0
2023-10-31 10:39:13,013 [INFO] ThirdParty:1030 - CMSIS Pack Vendor :STMicroelectronics PDM2PCM 3.1.0
2023-10-31 10:39:13,013 [INFO] ThirdParty:1030 - CMSIS Pack Vendor :STMicroelectronics X-CUBE-AZRTOS-H7 3.1.0
2023-10-31 10:39:13,013 [INFO] ThirdParty:1030 - CMSIS Pack Vendor :Infineon AIROC-Wi-Fi-Bluetooth-STM32 1.5.1
2023-10-31 10:39:13,013 [INFO] ThirdParty:1030 - CMSIS Pack Vendor :STMicroelectronics X-CUBE-BLEMGR 3.0.0
2023-10-31 10:39:13,013 [INFO] ThirdParty:1030 - CMSIS Pack Vendor :STMicroelectronics PDM2PCM 3.3.0
2023-10-31 10:39:13,013 [INFO] ThirdParty:1030 - CMSIS Pack Vendor :STMicroelectronics X-CUBE-DISPLAY 3.0.0
2023-10-31 10:39:13,013 [INFO] ThirdParty:1030 - CMSIS Pack Vendor :STMicroelectronics X-CUBE-BLE1 7.0.0
2023-10-31 10:39:13,013 [INFO] ThirdParty:1030 - CMSIS Pack Vendor :STMicroelectronics FP-ATR-SIGFOX1 3.2.0
2023-10-31 10:39:13,013 [INFO] ThirdParty:1030 - CMSIS Pack Vendor :STMicroelectronics HAL Drivers 0.0.0
2023-10-31 10:39:13,013 [INFO] ThirdParty:1030 - CMSIS Pack Vendor :STMicroelectronics MBEDTLS 2.16.2
2023-10-31 10:39:13,013 [INFO] ThirdParty:1030 - CMSIS Pack Vendor :emotas I-CUBE-CANOPEN 1.3.0
2023-10-31 10:39:13,013 [INFO] ThirdParty:1030 - CMSIS Pack Vendor :STMicroelectronics X-CUBE-MEMS1 10.0.0
2023-10-31 10:39:13,014 [INFO] ThirdParty:1030 - CMSIS Pack Vendor :STMicroelectronics X-CUBE-FREERTOS 1.1.0
2023-10-31 10:39:13,014 [INFO] ThirdParty:1030 - CMSIS Pack Vendor :STMicroelectronics X-CUBE-NFC7 1.0.1
2023-10-31 10:39:13,014 [INFO] ThirdParty:1030 - CMSIS Pack Vendor :STMicroelectronics MBEDTLS 2.14.1
2023-10-31 10:39:13,014 [INFO] ThirdParty:1030 - CMSIS Pack Vendor :STMicroelectronics X-CUBE-TOUCHGFX 4.22.1
2023-10-31 10:39:13,014 [INFO] ThirdParty:1030 - CMSIS Pack Vendor :STMicroelectronics X-CUBE-NFC6 3.0.0
2023-10-31 10:39:13,014 [INFO] ThirdParty:1030 - CMSIS Pack Vendor :STMicroelectronics X-CUBE-EEPRMA1 4.1.0
2023-10-31 10:39:13,014 [INFO] ThirdParty:1030 - CMSIS Pack Vendor :portGmbH I-Cube-SoM-uGOAL 1.1.0
2023-10-31 10:39:13,014 [INFO] ThirdParty:1030 - CMSIS Pack Vendor :STMicroelectronics X-CUBE-ALS 1.0.1
2023-10-31 10:39:13,014 [INFO] ThirdParty:1030 - CMSIS Pack Vendor :STMicroelectronics ThreadX 1.0.0
2023-10-31 10:39:13,014 [INFO] ThirdParty:1030 - CMSIS Pack Vendor :STMicroelectronics FP-SNS-SMARTAG2 1.2.0
2023-10-31 10:39:13,014 [INFO] ThirdParty:1030 - CMSIS Pack Vendor :STMicroelectronics X-CUBE-AZRTOS-WL 2.0.0
2023-10-31 10:39:13,014 [INFO] ThirdParty:1030 - CMSIS Pack Vendor :SEGGER I-CUBE-embOS 1.3.1
2023-10-31 10:39:13,014 [INFO] ThirdParty:1030 - CMSIS Pack Vendor :STMicroelectronics USB_DEVICE 1.0.0
2023-10-31 10:39:13,014 [INFO] ThirdParty:1030 - CMSIS Pack Vendor :STMicroelectronics X-CUBE-AI 8.1.0
2023-10-31 10:39:13,014 [INFO] ThirdParty:1030 - CMSIS Pack Vendor :STMicroelectronics X-CUBE-AZRTOS-L4 2.0.0
2023-10-31 10:39:13,014 [INFO] ThirdParty:1030 - CMSIS Pack Vendor :STMicroelectronics ThreadX 0.0.2
2023-10-31 10:39:13,014 [INFO] ThirdParty:1030 - CMSIS Pack Vendor :WES I-CUBE-Cesium 1.3.0
2023-10-31 10:39:13,014 [INFO] ThirdParty:1030 - CMSIS Pack Vendor :STMicroelectronics FP-ATR-ASTRA1 2.0.0
2023-10-31 10:39:13,014 [INFO] ThirdParty:1030 - CMSIS Pack Vendor :STMicroelectronics lwIP 2.1.2
2023-10-31 10:39:13,014 [INFO] ThirdParty:1030 - CMSIS Pack Vendor :STMicroelectronics X-CUBE-SFXS2LP1 4.0.0
2023-10-31 10:39:13,014 [INFO] ThirdParty:1030 - CMSIS Pack Vendor :STMicroelectronics X-CUBE-BLE2 3.3.0
2023-10-31 10:39:13,014 [INFO] ThirdParty:1030 - CMSIS Pack Vendor :STMicroelectronics PDM2PCM 3.2.0
2023-10-31 10:39:13,014 [INFO] ThirdParty:841 - exiting critical section [change project]
2023-10-31 10:39:13,181 [INFO] PinOutPanel:1499 - setPackage(No Configuration,No Configuration)
2023-10-31 10:39:13,181 [INFO] PinOutPanel:1499 - setPackage(STM32F407VGTx,LQFP100)
2023-10-31 10:39:13,368 [INFO] UtilMem:75 - Before build in PCC Used Memory: 296426016 Bytes (958398464)
2023-10-31 10:39:13,538 [INFO] UtilMem:75 - After build in PCC Used Memory: 341514784 Bytes (958398464)
2023-10-31 10:39:13,557 [INFO] IPUIPlugin:80 - create IPUIPlugin
2023-10-31 10:39:13,557 [INFO] IPUIPlugin:80 - create IPUIPlugin
2023-10-31 10:39:13,557 [INFO] IPUIPlugin:80 - create IPUIPlugin
2023-10-31 10:39:13,557 [INFO] IPUIPlugin:80 - create IPUIPlugin
2023-10-31 10:39:13,557 [INFO] IPUIPlugin:80 - create IPUIPlugin
2023-10-31 10:39:13,557 [INFO] IPUIPlugin:80 - create IPUIPlugin
2023-10-31 10:39:13,557 [INFO] IPUIPlugin:80 - create IPUIPlugin
2023-10-31 10:39:13,557 [INFO] IPUIPlugin:80 - create IPUIPlugin
2023-10-31 10:39:13,557 [INFO] IPUIPlugin:80 - create IPUIPlugin
2023-10-31 10:39:13,558 [INFO] IPUIPlugin:80 - create IPUIPlugin
2023-10-31 10:39:13,558 [INFO] IPUIPlugin:80 - create IPUIPlugin
2023-10-31 10:39:13,558 [INFO] IPUIPlugin:80 - create IPUIPlugin
2023-10-31 10:39:13,558 [INFO] IPUIPlugin:80 - create IPUIPlugin
2023-10-31 10:39:13,558 [INFO] IPUIPlugin:80 - create IPUIPlugin
2023-10-31 10:39:13,558 [INFO] IPUIPlugin:80 - create IPUIPlugin
2023-10-31 10:39:13,558 [INFO] IPUIPlugin:80 - create IPUIPlugin
2023-10-31 10:39:13,558 [INFO] IPUIPlugin:80 - create IPUIPlugin
2023-10-31 10:39:13,558 [INFO] IPUIPlugin:80 - create IPUIPlugin
2023-10-31 10:39:13,558 [INFO] IPUIPlugin:80 - create IPUIPlugin
2023-10-31 10:39:13,558 [INFO] IPUIPlugin:80 - create IPUIPlugin
2023-10-31 10:39:13,559 [INFO] IPUIPlugin:80 - create IPUIPlugin
2023-10-31 10:39:13,559 [INFO] IPUIPlugin:80 - create IPUIPlugin
2023-10-31 10:39:13,559 [INFO] IPUIPlugin:80 - create IPUIPlugin
2023-10-31 10:39:13,559 [INFO] IPUIPlugin:80 - create IPUIPlugin
2023-10-31 10:39:13,560 [INFO] IPUIPlugin:80 - create IPUIPlugin
2023-10-31 10:39:13,560 [INFO] IPUIPlugin:80 - create IPUIPlugin
2023-10-31 10:39:13,560 [INFO] IPUIPlugin:80 - create IPUIPlugin
2023-10-31 10:39:13,561 [INFO] IPUIPlugin:80 - create IPUIPlugin
2023-10-31 10:39:13,561 [INFO] IPUIPlugin:80 - create IPUIPlugin
2023-10-31 10:39:13,561 [INFO] IPUIPlugin:80 - create IPUIPlugin
2023-10-31 10:39:13,561 [INFO] IPUIPlugin:80 - create IPUIPlugin
2023-10-31 10:39:13,561 [INFO] IPUIPlugin:80 - create IPUIPlugin
2023-10-31 10:39:13,562 [INFO] IPUIPlugin:80 - create IPUIPlugin
2023-10-31 10:39:13,562 [INFO] IPUIPlugin:80 - create IPUIPlugin
2023-10-31 10:39:13,562 [INFO] IPUIPlugin:80 - create IPUIPlugin
2023-10-31 10:39:13,562 [INFO] IPUIPlugin:80 - create IPUIPlugin
2023-10-31 10:39:13,562 [INFO] IPUIPlugin:80 - create IPUIPlugin
2023-10-31 10:39:13,563 [INFO] IPUIPlugin:80 - create IPUIPlugin
2023-10-31 10:39:13,563 [INFO] IPUIPlugin:80 - create IPUIPlugin
2023-10-31 10:39:13,563 [INFO] IPUIPlugin:80 - create IPUIPlugin
2023-10-31 10:39:13,563 [INFO] IPUIPlugin:80 - create IPUIPlugin
2023-10-31 10:39:13,563 [INFO] IPUIPlugin:80 - create IPUIPlugin
2023-10-31 10:39:13,564 [INFO] IPUIPlugin:80 - create IPUIPlugin
2023-10-31 10:39:13,564 [INFO] IPUIPlugin:80 - create IPUIPlugin
2023-10-31 10:39:13,564 [INFO] IPUIPlugin:80 - create IPUIPlugin
2023-10-31 10:39:13,565 [INFO] IPUIPlugin:80 - create IPUIPlugin
2023-10-31 10:39:13,565 [INFO] IPUIPlugin:80 - create IPUIPlugin
2023-10-31 10:39:13,565 [INFO] IPUIPlugin:80 - create IPUIPlugin
2023-10-31 10:39:13,565 [INFO] IPUIPlugin:80 - create IPUIPlugin
2023-10-31 10:39:13,566 [INFO] IPUIPlugin:80 - create IPUIPlugin
2023-10-31 10:39:13,566 [INFO] IPUIPlugin:80 - create IPUIPlugin
2023-10-31 10:39:13,566 [INFO] IPUIPlugin:80 - create IPUIPlugin
2023-10-31 10:39:13,566 [INFO] IPUIPlugin:80 - create IPUIPlugin
2023-10-31 10:39:13,567 [INFO] IPUIPlugin:80 - create IPUIPlugin
2023-10-31 10:39:13,567 [INFO] IPUIPlugin:80 - create IPUIPlugin
2023-10-31 10:39:13,568 [INFO] IPUIPlugin:80 - create IPUIPlugin
2023-10-31 10:39:13,569 [INFO] IPUIPlugin:80 - create IPUIPlugin
2023-10-31 10:39:13,569 [INFO] IPUIPlugin:80 - create IPUIPlugin
2023-10-31 10:39:13,577 [INFO] ApiDbMcu:507 - Load IP Config File for PDM2PCM
2023-10-31 10:39:13,585 [WARN] IP:2114 - I2C_Coeff_DF not found: check if there is a RefParameter without a condition.
2023-10-31 10:39:13,585 [WARN] IP:2114 - Analog_Filter not found: check if there is a RefParameter without a condition.
2023-10-31 10:39:13,630 [INFO] CADModel:165 - CPN selected for project levelSTM32F407VGT6
2023-10-31 10:39:13,630 [INFO] CADModel:114 - Register for checkConnection events
2023-10-31 10:39:13,678 [INFO] OpenFileManager:328 - Restore cursor
2023-10-31 10:39:13,680 [INFO] ApiDb:581 - Connected to CubeFinder SQLite database (C:\Users\metti\.stmcufinder\plugins\mcufinder\mcu\cube-finder-db.db)
2023-10-31 10:39:13,871 [WARN] IP:2114 - I2C_Coeff_DF not found: check if there is a RefParameter without a condition.
2023-10-31 10:39:13,871 [WARN] IP:2114 - Analog_Filter not found: check if there is a RefParameter without a condition.
2023-10-31 10:39:13,871 [WARN] IP:2114 - I2C_Coeff_DF not found: check if there is a RefParameter without a condition.
2023-10-31 10:39:13,872 [WARN] IP:2114 - Analog_Filter not found: check if there is a RefParameter without a condition.
2023-10-31 10:52:24,438 [INFO] UtilMem:75 - End SaveConfig() Used Memory: 539794416 Bytes (901775360)
2023-10-31 10:52:25,339 [INFO] UtilMem:75 - End SaveConfig() Used Memory: 564960240 Bytes (901775360)
2023-10-31 10:52:25,492 [INFO] UtilMem:75 - End SaveConfig() Used Memory: 590648408 Bytes (901775360)
2023-10-31 10:52:25,664 [INFO] BlockDiagram:2759 - set Specific Code input for plugin: SPI
2023-10-31 10:52:25,664 [INFO] BlockDiagram:2759 - set Specific Code input for plugin: TIM1_8
2023-10-31 10:52:25,664 [INFO] BlockDiagram:2759 - set Specific Code input for plugin: ADC
2023-10-31 10:52:25,664 [INFO] BlockDiagram:2759 - set Specific Code input for plugin: SYS
2023-10-31 10:52:25,664 [INFO] BlockDiagram:2759 - set Specific Code input for plugin: ADC
2023-10-31 10:52:25,664 [INFO] BlockDiagram:2759 - set Specific Code input for plugin: RCC
2023-10-31 10:52:25,664 [INFO] BlockDiagram:2759 - set Specific Code input for plugin: I2C
2023-10-31 10:52:25,664 [INFO] BlockDiagram:2759 - set Specific Code input for plugin: NVIC
2023-10-31 10:52:25,664 [INFO] BlockDiagram:2759 - set Specific Code input for plugin: TIM1_8
2023-10-31 10:52:25,665 [INFO] BlockDiagram:2759 - set Specific Code input for plugin: GPIO
2023-10-31 10:52:25,666 [INFO] CodeGenerator:799 - code generatio: config db path: D:\ST\STM32CubeIDE_1.13.2\STM32CubeIDE\plugins\com.st.stm32cube.common.mx_6.9.2.202309101412\\db\
2023-10-31 10:52:25,682 [WARN] IP:2114 - I2C_Coeff_DF not found: check if there is a RefParameter without a condition.
2023-10-31 10:52:25,682 [WARN] IP:2114 - Analog_Filter not found: check if there is a RefParameter without a condition.
2023-10-31 10:52:25,862 [INFO] CodeEngine:255 - oldGeneratedFile, C:\Users\metti\Downloads\MARTA_Demo_stm\MARTA_Demo\MXTmpFiles\license.tmp_save
2023-10-31 10:52:25,946 [INFO] CodeEngine:279 - Generated code: C:\Users\metti\Downloads\MARTA_Demo_stm\MARTA_Demo\MXTmpFiles\license.tmp
2023-10-31 10:52:26,016 [INFO] CodeEngine:255 - oldGeneratedFile, C:\Users\metti\Downloads\MARTA_Demo_stm\MARTA_Demo\MXTmpFiles\gpio.tmp_save
2023-10-31 10:52:26,108 [INFO] CodeEngine:279 - Generated code: C:\Users\metti\Downloads\MARTA_Demo_stm\MARTA_Demo\MXTmpFiles\gpio.tmp
2023-10-31 10:52:26,427 [INFO] CodeEngine:255 - oldGeneratedFile, C:\Users\metti\Downloads\MARTA_Demo_stm\MARTA_Demo\Core\Src\stm32f4xx_it.c_save
2023-10-31 10:52:26,611 [INFO] CodeEngine:279 - Generated code: C:\Users\metti\Downloads\MARTA_Demo_stm\MARTA_Demo\Core\Src\stm32f4xx_it.c
2023-10-31 10:52:26,622 [INFO] CodeEngine:255 - oldGeneratedFile, C:\Users\metti\Downloads\MARTA_Demo_stm\MARTA_Demo\Core\Inc\stm32f4xx_it.h_save
2023-10-31 10:52:26,690 [INFO] CodeEngine:279 - Generated code: C:\Users\metti\Downloads\MARTA_Demo_stm\MARTA_Demo\Core\Inc\stm32f4xx_it.h
2023-10-31 10:52:26,711 [INFO] CodeEngine:255 - oldGeneratedFile, C:\Users\metti\Downloads\MARTA_Demo_stm\MARTA_Demo\Core\Src\stm32f4xx_hal_msp.c_save
2023-10-31 10:52:26,887 [INFO] CodeEngine:279 - Generated code: C:\Users\metti\Downloads\MARTA_Demo_stm\MARTA_Demo\Core\Src\stm32f4xx_hal_msp.c
2023-10-31 10:52:26,896 [INFO] CodeEngine:255 - oldGeneratedFile, C:\Users\metti\Downloads\MARTA_Demo_stm\MARTA_Demo\MXTmpFiles\system.tmp_save
2023-10-31 10:52:26,958 [INFO] CodeEngine:279 - Generated code: C:\Users\metti\Downloads\MARTA_Demo_stm\MARTA_Demo\MXTmpFiles\system.tmp
2023-10-31 10:52:26,973 [INFO] CodeEngine:311 - oldGeneratedFile, C:\Users\metti\Downloads\MARTA_Demo_stm\MARTA_Demo\Core\Inc\stm32f4xx_hal_conf.h_save
2023-10-31 10:52:27,057 [INFO] CodeEngine:335 - Generated code: C:\Users\metti\Downloads\MARTA_Demo_stm\MARTA_Demo\Core\Inc\stm32f4xx_hal_conf.h
2023-10-31 10:52:27,083 [WARN] IPConfigManager:3431 - IP not found : TIM
2023-10-31 10:52:27,084 [WARN] CodeGenerator:3764 - IP not found : null
2023-10-31 10:52:27,100 [INFO] CodeEngine:255 - oldGeneratedFile, C:\Users\metti\Downloads\MARTA_Demo_stm\MARTA_Demo\Core\Inc\main.h_save
2023-10-31 10:52:27,195 [INFO] CodeEngine:279 - Generated code: C:\Users\metti\Downloads\MARTA_Demo_stm\MARTA_Demo\Core\Inc\main.h
2023-10-31 10:52:27,209 [INFO] CodeEngine:255 - oldGeneratedFile, C:\Users\metti\Downloads\MARTA_Demo_stm\MARTA_Demo\Core\Src\main.c_save
2023-10-31 10:52:27,341 [INFO] CodeEngine:279 - Generated code: C:\Users\metti\Downloads\MARTA_Demo_stm\MARTA_Demo\Core\Src\main.c
2023-10-31 10:52:27,812 [INFO] ProjectBuilder:3064 - Time for Copy HAL[1] : 134mS.
2023-10-31 10:52:27,815 [INFO] ProjectBuilder:4404 - Project Generator version: 4.1.0
2023-10-31 10:52:27,952 [INFO] ConfigFileManager:1457 - The Die is : DIE413
2023-10-31 10:52:27,953 [INFO] ApiDbMcu:507 - Load IP Config File for FATFS
2023-10-31 10:52:27,956 [INFO] ApiDbMcu:507 - Load IP Config File for FREERTOS
2023-10-31 10:52:27,957 [INFO] ApiDbMcu:507 - Load IP Config File for LIBJPEG
2023-10-31 10:52:27,961 [INFO] ApiDbMcu:507 - Load IP Config File for LWIP
2023-10-31 10:52:27,965 [INFO] ApiDbMcu:507 - Load IP Config File for MBEDTLS
2023-10-31 10:52:27,969 [INFO] ApiDbMcu:507 - Load IP Config File for USB_DEVICE
2023-10-31 10:52:27,972 [INFO] ApiDbMcu:507 - Load IP Config File for USB_HOST
2023-10-31 10:52:29,079 [INFO] ProjectBuilder:4626 - Time for Generating toolchain IDE Files: 1264mS.
2023-10-31 10:52:29,080 [INFO] ProjectBuilder:2935 - Time for Copy CMSIS : 0mS.
2023-10-31 10:52:29,083 [INFO] ProjectBuilder:2935 - Time for Copy CMSIS : 0mS.
