This is pdfTeX, Version 3.141592653-2.6-1.40.22 (TeX Live 2022/dev/Debian) (preloaded format=pdflatex 2022.12.18)  7 MAR 2023 10:28
entering extended mode
 restricted \write18 enabled.
 %&-line parsing enabled.
**firstlecture.tex
(./firstlecture.tex
LaTeX2e <2021-11-15> patch level 1
L3 programming layer <2022-01-21>

! LaTeX Error: Missing \begin{document}.

See the LaTeX manual or LaTeX Companion for explanation.
Type  H <return>  for immediate help.
 ...                                              
                                                  
l.1 \textbf{07.03.2023 - Lecture 1 - EDV1}
                                          
You're in trouble here.  Try typing  <return>  to proceed.
If that doesn't work, type  X <return>  to quit.


Overfull \hbox (72.38861pt too wide) in paragraph at lines 1--2
[]\OT1/cmr/bx/n/10 07.03.2023
 []


Overfull \hbox (3.83331pt too wide) in paragraph at lines 1--2
\OT1/cmr/bx/n/10 -
 []


Overfull \hbox (21.13184pt too wide) in paragraph at lines 1--2
\OT1/cmr/bx/n/10 Lec-
 []


Overfull \hbox (20.86797pt too wide) in paragraph at lines 1--2
\OT1/cmr/bx/n/10 ture
 []


Overfull \hbox (5.74997pt too wide) in paragraph at lines 1--2
\OT1/cmr/bx/n/10 1
 []


Overfull \hbox (3.83331pt too wide) in paragraph at lines 1--2
\OT1/cmr/bx/n/10 -
 []


Overfull \hbox (30.49983pt too wide) in paragraph at lines 1--2
\OT1/cmr/bx/n/10 EDV1 
 []


! LaTeX Error: Missing \begin{document}.

See the LaTeX manual or LaTeX Companion for explanation.
Type  H <return>  for immediate help.
 ...                                              
                                                  
l.4 \textbf{General Notes}
                          
You're in trouble here.  Try typing  <return>  to proceed.
If that doesn't work, type  X <return>  to quit.


Overfull \hbox (59.49284pt too wide) in paragraph at lines 4--6
[]\OT1/cmr/bx/n/10 General
 []


Overfull \hbox (29.029pt too wide) in paragraph at lines 4--6
\OT1/cmr/bx/n/10 Notes
 []


Overfull \hbox (17.92352pt too wide) in paragraph at lines 4--6
\OT1/cmr/bx/n/10 De-
 []


Overfull \hbox (19.86932pt too wide) in paragraph at lines 4--6
\OT1/cmr/bx/n/10 sign
 []


Overfull \hbox (9.26384pt too wide) in paragraph at lines 4--6
\OT1/cmr/bx/n/10 of
 []


Overfull \hbox (17.45824pt too wide) in paragraph at lines 4--6
\OT1/cmr/bx/n/10 Ex-
 []


Overfull \hbox (20.54852pt too wide) in paragraph at lines 4--6
\OT1/cmr/bx/n/10 per-
 []


Overfull \hbox (7.02774pt too wide) in paragraph at lines 4--6
\OT1/cmr/bx/n/10 i-
 []


Overfull \hbox (25.3957pt too wide) in paragraph at lines 4--6
\OT1/cmr/bx/n/10 ment 
 []


! LaTeX Error: Missing \begin{document}.

See the LaTeX manual or LaTeX Companion for explanation.
Type  H <return>  for immediate help.
 ...                                              
                                                  
l.7 W
     hy "design" an experiment?
You're in trouble here.  Try typing  <return>  to proceed.
If that doesn't work, type  X <return>  to quit.

Missing character: There is no W in font nullfont!
Missing character: There is no h in font nullfont!
Missing character: There is no y in font nullfont!
Missing character: There is no " in font nullfont!
Missing character: There is no d in font nullfont!
Missing character: There is no e in font nullfont!
Missing character: There is no s in font nullfont!
Missing character: There is no i in font nullfont!
Missing character: There is no g in font nullfont!
Missing character: There is no n in font nullfont!
Missing character: There is no " in font nullfont!
Missing character: There is no a in font nullfont!
Missing character: There is no n in font nullfont!
Missing character: There is no e in font nullfont!
Missing character: There is no x in font nullfont!
Missing character: There is no p in font nullfont!
Missing character: There is no e in font nullfont!
Missing character: There is no r in font nullfont!
Missing character: There is no i in font nullfont!
Missing character: There is no m in font nullfont!
Missing character: There is no e in font nullfont!
Missing character: There is no n in font nullfont!
Missing character: There is no t in font nullfont!
Missing character: There is no ? in font nullfont!

Overfull \hbox (20.0pt too wide) in paragraph at lines 7--8
[]
 []


! LaTeX Error: Missing \begin{document}.

See the LaTeX manual or LaTeX Companion for explanation.
Type  H <return>  for immediate help.
 ...                                              
                                                  
l.9 \itemize
            
You're in trouble here.  Try typing  <return>  to proceed.
If that doesn't work, type  X <return>  to quit.


Overfull \hbox (20.0pt too wide) in paragraph at lines 9--9
[] 
 []

Missing character: There is no M in font nullfont!
Missing character: There is no e in font nullfont!
Missing character: There is no t in font nullfont!
Missing character: There is no h in font nullfont!
Missing character: There is no o in font nullfont!
Missing character: There is no d in font nullfont!
Missing character: There is no g in font nullfont!
Missing character: There is no i in font nullfont!
Missing character: There is no v in font nullfont!
Missing character: There is no e in font nullfont!
Missing character: There is no s in font nullfont!
Missing character: There is no u in font nullfont!
Missing character: There is no s in font nullfont!
Missing character: There is no a in font nullfont!
Missing character: There is no s in font nullfont!
Missing character: There is no t in font nullfont!
Missing character: There is no r in font nullfont!
Missing character: There is no u in font nullfont!
Missing character: There is no c in font nullfont!
Missing character: There is no t in font nullfont!
Missing character: There is no u in font nullfont!
Missing character: There is no r in font nullfont!
Missing character: There is no e in font nullfont!
Missing character: There is no d in font nullfont!
Missing character: There is no p in font nullfont!
Missing character: There is no l in font nullfont!
Missing character: There is no a in font nullfont!
Missing character: There is no n in font nullfont!
)
! Emergency stop.
<*> firstlecture.tex
                    
*** (job aborted, no legal \end found)

 
Here is how much of TeX's memory you used:
 21 strings out of 480247
 459 string characters out of 5896150
 283961 words of memory out of 5000000
 18064 multiletter control sequences out of 15000+600000
 469567 words of font info for 29 fonts, out of 8000000 for 9000
 14 hyphenation exceptions out of 8191
 15i,1n,12p,96b,65s stack positions out of 5000i,500n,10000p,200000b,80000s
!  ==> Fatal error occurred, no output PDF file produced!
